/home/haolin/miniconda3/envs/pykale/lib/python3.11/site-packages/pytorch_lightning/core/lightning.py:2054: DeprecationWarning: `torch.distributed._sharded_tensor` will be deprecated, use `torch.distributed._shard.sharded_tensor` instead
  from torch.distributed._sharded_tensor import pre_load_state_dict_hook, state_dict_hook
/home/haolin/PycharmProjects/benchmark_for_band_gap_prediction/test_model.py:103: FutureWarning: You are using `torch.load` with `weights_only=False` (the current default value), which uses the default pickle module implicitly. It is possible to construct malicious pickle data which will execute arbitrary code during unpickling (See https://github.com/pytorch/pytorch/blob/main/SECURITY.md#untrusted-models for more details). In a future release, the default value for `weights_only` will be flipped to `True`. This limits the functions that could be executed during unpickling. Arbitrary objects will no longer be allowed to be loaded via this mode unless they are explicitly allowlisted by the user via `torch.serialization.add_safe_globals`. We recommend you start setting `weights_only=True` for any use case where you don't have full control of the loaded file. Please open an issue on GitHub for any issues related to this experimental feature.
  checkpoint = torch.load(checkpoint_path, map_location='cpu')
GPU available: True, used: True
TPU available: False, using: 0 TPU cores
IPU available: False, using: 0 IPUs
LOCAL_RANK: 0 - CUDA_VISIBLE_DEVICES: [0]
Skipping layer freezing for CartNet: CartNet_prop
=> no checkpoint found at ''
Loading model from checkpoint: saved_models/pretrain/cartnet_prop/pretrain-best-mre-epoch=84-val_mre=0.2908.ckpt
Testing: 0it [00:00, ?it/s]/home/haolin/miniconda3/envs/pykale/lib/python3.11/site-packages/pymatgen/core/structure.py:3109: UserWarning: Issues encountered while parsing CIF: 12 fractional coordinates rounded to ideal values to avoid issues with finite precision.
  struct = parser.parse_structures(primitive=primitive)[0]
/home/haolin/miniconda3/envs/pykale/lib/python3.11/site-packages/pymatgen/core/structure.py:3109: UserWarning: Issues encountered while parsing CIF: 8 fractional coordinates rounded to ideal values to avoid issues with finite precision.
  struct = parser.parse_structures(primitive=primitive)[0]
/home/haolin/miniconda3/envs/pykale/lib/python3.11/site-packages/pymatgen/core/structure.py:3109: UserWarning: Issues encountered while parsing CIF: 8 fractional coordinates rounded to ideal values to avoid issues with finite precision.
  struct = parser.parse_structures(primitive=primitive)[0]
/home/haolin/miniconda3/envs/pykale/lib/python3.11/site-packages/pymatgen/core/structure.py:3109: UserWarning: Issues encountered while parsing CIF: 20 fractional coordinates rounded to ideal values to avoid issues with finite precision.
  struct = parser.parse_structures(primitive=primitive)[0]
/home/haolin/miniconda3/envs/pykale/lib/python3.11/site-packages/pymatgen/core/structure.py:3109: UserWarning: Issues encountered while parsing CIF: 16 fractional coordinates rounded to ideal values to avoid issues with finite precision.
  struct = parser.parse_structures(primitive=primitive)[0]
/home/haolin/miniconda3/envs/pykale/lib/python3.11/site-packages/pymatgen/core/structure.py:3109: UserWarning: Issues encountered while parsing CIF: 4 fractional coordinates rounded to ideal values to avoid issues with finite precision.
  struct = parser.parse_structures(primitive=primitive)[0]
/home/haolin/miniconda3/envs/pykale/lib/python3.11/site-packages/pymatgen/core/structure.py:3109: UserWarning: Issues encountered while parsing CIF: 8 fractional coordinates rounded to ideal values to avoid issues with finite precision.
  struct = parser.parse_structures(primitive=primitive)[0]
/home/haolin/miniconda3/envs/pykale/lib/python3.11/site-packages/pymatgen/core/structure.py:3109: UserWarning: Issues encountered while parsing CIF: 4 fractional coordinates rounded to ideal values to avoid issues with finite precision.
  struct = parser.parse_structures(primitive=primitive)[0]
/home/haolin/miniconda3/envs/pykale/lib/python3.11/site-packages/pymatgen/core/structure.py:3109: UserWarning: Issues encountered while parsing CIF: 4 fractional coordinates rounded to ideal values to avoid issues with finite precision.
  struct = parser.parse_structures(primitive=primitive)[0]
/home/haolin/miniconda3/envs/pykale/lib/python3.11/site-packages/pymatgen/core/structure.py:3109: UserWarning: Issues encountered while parsing CIF: 2 fractional coordinates rounded to ideal values to avoid issues with finite precision.
  struct = parser.parse_structures(primitive=primitive)[0]
/home/haolin/miniconda3/envs/pykale/lib/python3.11/site-packages/pymatgen/core/structure.py:3109: UserWarning: Issues encountered while parsing CIF: 12 fractional coordinates rounded to ideal values to avoid issues with finite precision.
  struct = parser.parse_structures(primitive=primitive)[0]
/home/haolin/miniconda3/envs/pykale/lib/python3.11/site-packages/pymatgen/core/structure.py:3109: UserWarning: Issues encountered while parsing CIF: 76 fractional coordinates rounded to ideal values to avoid issues with finite precision.
  struct = parser.parse_structures(primitive=primitive)[0]
/home/haolin/miniconda3/envs/pykale/lib/python3.11/site-packages/pymatgen/core/structure.py:3109: UserWarning: Issues encountered while parsing CIF: 1 fractional coordinates rounded to ideal values to avoid issues with finite precision.
  struct = parser.parse_structures(primitive=primitive)[0]
/home/haolin/miniconda3/envs/pykale/lib/python3.11/site-packages/pymatgen/core/structure.py:3109: UserWarning: Issues encountered while parsing CIF: 1 fractional coordinates rounded to ideal values to avoid issues with finite precision.
  struct = parser.parse_structures(primitive=primitive)[0]
/home/haolin/miniconda3/envs/pykale/lib/python3.11/site-packages/pymatgen/core/structure.py:3109: UserWarning: Issues encountered while parsing CIF: 12 fractional coordinates rounded to ideal values to avoid issues with finite precision.
  struct = parser.parse_structures(primitive=primitive)[0]
Testing:  17%|█▋        | 1/6 [00:00<00:04,  1.09it/s]--------------------------------------------------------------------------------
DATALOADER:0 TEST RESULTS
{'test_loss': 1.1238319873809814,
 'test_mae': 0.8760268092155457,
 'test_mre': 0.3707255423069,
 'test_r2': -0.2168927937746048}
--------------------------------------------------------------------------------
Testing: 100%|██████████| 6/6 [00:00<00:00,  6.06it/s]
Test Results: [{'test_loss': 1.1238319873809814, 'test_mae': 0.8760268092155457, 'test_mre': 0.3707255423069, 'test_r2': -0.2168927937746048}]
/home/haolin/miniconda3/envs/pykale/lib/python3.11/site-packages/pymatgen/core/structure.py:3109: UserWarning: Issues encountered while parsing CIF: 8 fractional coordinates rounded to ideal values to avoid issues with finite precision.
  struct = parser.parse_structures(primitive=primitive)[0]
/home/haolin/miniconda3/envs/pykale/lib/python3.11/site-packages/pymatgen/core/structure.py:3109: UserWarning: Issues encountered while parsing CIF: 20 fractional coordinates rounded to ideal values to avoid issues with finite precision.
  struct = parser.parse_structures(primitive=primitive)[0]
/home/haolin/miniconda3/envs/pykale/lib/python3.11/site-packages/pymatgen/core/structure.py:3109: UserWarning: Issues encountered while parsing CIF: 12 fractional coordinates rounded to ideal values to avoid issues with finite precision.
  struct = parser.parse_structures(primitive=primitive)[0]
/home/haolin/miniconda3/envs/pykale/lib/python3.11/site-packages/pymatgen/core/structure.py:3109: UserWarning: Issues encountered while parsing CIF: 8 fractional coordinates rounded to ideal values to avoid issues with finite precision.
  struct = parser.parse_structures(primitive=primitive)[0]
/home/haolin/miniconda3/envs/pykale/lib/python3.11/site-packages/pymatgen/core/structure.py:3109: UserWarning: Issues encountered while parsing CIF: 16 fractional coordinates rounded to ideal values to avoid issues with finite precision.
  struct = parser.parse_structures(primitive=primitive)[0]
/home/haolin/miniconda3/envs/pykale/lib/python3.11/site-packages/pymatgen/core/structure.py:3109: UserWarning: Issues encountered while parsing CIF: 4 fractional coordinates rounded to ideal values to avoid issues with finite precision.
  struct = parser.parse_structures(primitive=primitive)[0]
/home/haolin/miniconda3/envs/pykale/lib/python3.11/site-packages/pymatgen/core/structure.py:3109: UserWarning: Issues encountered while parsing CIF: 8 fractional coordinates rounded to ideal values to avoid issues with finite precision.
  struct = parser.parse_structures(primitive=primitive)[0]
/home/haolin/miniconda3/envs/pykale/lib/python3.11/site-packages/pymatgen/core/structure.py:3109: UserWarning: Issues encountered while parsing CIF: 4 fractional coordinates rounded to ideal values to avoid issues with finite precision.
  struct = parser.parse_structures(primitive=primitive)[0]
/home/haolin/miniconda3/envs/pykale/lib/python3.11/site-packages/pymatgen/core/structure.py:3109: UserWarning: Issues encountered while parsing CIF: 4 fractional coordinates rounded to ideal values to avoid issues with finite precision.
  struct = parser.parse_structures(primitive=primitive)[0]
/home/haolin/miniconda3/envs/pykale/lib/python3.11/site-packages/pymatgen/core/structure.py:3109: UserWarning: Issues encountered while parsing CIF: 2 fractional coordinates rounded to ideal values to avoid issues with finite precision.
  struct = parser.parse_structures(primitive=primitive)[0]
/home/haolin/miniconda3/envs/pykale/lib/python3.11/site-packages/pymatgen/core/structure.py:3109: UserWarning: Issues encountered while parsing CIF: 12 fractional coordinates rounded to ideal values to avoid issues with finite precision.
  struct = parser.parse_structures(primitive=primitive)[0]
/home/haolin/miniconda3/envs/pykale/lib/python3.11/site-packages/pymatgen/core/structure.py:3109: UserWarning: Issues encountered while parsing CIF: 76 fractional coordinates rounded to ideal values to avoid issues with finite precision.
  struct = parser.parse_structures(primitive=primitive)[0]
/home/haolin/miniconda3/envs/pykale/lib/python3.11/site-packages/pymatgen/core/structure.py:3109: UserWarning: Issues encountered while parsing CIF: 1 fractional coordinates rounded to ideal values to avoid issues with finite precision.
  struct = parser.parse_structures(primitive=primitive)[0]
/home/haolin/miniconda3/envs/pykale/lib/python3.11/site-packages/pymatgen/core/structure.py:3109: UserWarning: Issues encountered while parsing CIF: 1 fractional coordinates rounded to ideal values to avoid issues with finite precision.
  struct = parser.parse_structures(primitive=primitive)[0]
/home/haolin/miniconda3/envs/pykale/lib/python3.11/site-packages/pymatgen/core/structure.py:3109: UserWarning: Issues encountered while parsing CIF: 12 fractional coordinates rounded to ideal values to avoid issues with finite precision.
  struct = parser.parse_structures(primitive=primitive)[0]
Predictions saved to output_test/test_predictions.csv
