/home/haolin/miniconda3/envs/pykale/lib/python3.11/site-packages/pymatgen/core/structure.py:3109: UserWarning: Issues encountered while parsing CIF: 12 fractional coordinates rounded to ideal values to avoid issues with finite precision.
  struct = parser.parse_structures(primitive=primitive)[0]
/home/haolin/miniconda3/envs/pykale/lib/python3.11/site-packages/pymatgen/core/structure.py:3109: UserWarning: Issues encountered while parsing CIF: 6 fractional coordinates rounded to ideal values to avoid issues with finite precision.
  struct = parser.parse_structures(primitive=primitive)[0]
/home/haolin/miniconda3/envs/pykale/lib/python3.11/site-packages/pymatgen/core/structure.py:3109: UserWarning: Issues encountered while parsing CIF: 20 fractional coordinates rounded to ideal values to avoid issues with finite precision.
  struct = parser.parse_structures(primitive=primitive)[0]
/home/haolin/miniconda3/envs/pykale/lib/python3.11/site-packages/pymatgen/core/structure.py:3109: UserWarning: Issues encountered while parsing CIF: 1 fractional coordinates rounded to ideal values to avoid issues with finite precision.
  struct = parser.parse_structures(primitive=primitive)[0]
/home/haolin/miniconda3/envs/pykale/lib/python3.11/site-packages/pymatgen/core/structure.py:3109: UserWarning: Issues encountered while parsing CIF: 4 fractional coordinates rounded to ideal values to avoid issues with finite precision.
  struct = parser.parse_structures(primitive=primitive)[0]
/home/haolin/miniconda3/envs/pykale/lib/python3.11/site-packages/pymatgen/core/structure.py:3109: UserWarning: Issues encountered while parsing CIF: 2 fractional coordinates rounded to ideal values to avoid issues with finite precision.
  struct = parser.parse_structures(primitive=primitive)[0]
/home/haolin/miniconda3/envs/pykale/lib/python3.11/site-packages/pymatgen/core/structure.py:3109: UserWarning: Issues encountered while parsing CIF: 28 fractional coordinates rounded to ideal values to avoid issues with finite precision.
  struct = parser.parse_structures(primitive=primitive)[0]
/home/haolin/miniconda3/envs/pykale/lib/python3.11/site-packages/pymatgen/core/structure.py:3109: UserWarning: Issues encountered while parsing CIF: 8 fractional coordinates rounded to ideal values to avoid issues with finite precision.
  struct = parser.parse_structures(primitive=primitive)[0]
/home/haolin/miniconda3/envs/pykale/lib/python3.11/site-packages/pymatgen/core/structure.py:3109: UserWarning: Issues encountered while parsing CIF: 16 fractional coordinates rounded to ideal values to avoid issues with finite precision.
  struct = parser.parse_structures(primitive=primitive)[0]
/home/haolin/miniconda3/envs/pykale/lib/python3.11/site-packages/pymatgen/core/structure.py:3109: UserWarning: Issues encountered while parsing CIF: 24 fractional coordinates rounded to ideal values to avoid issues with finite precision.
  struct = parser.parse_structures(primitive=primitive)[0]
/home/haolin/miniconda3/envs/pykale/lib/python3.11/site-packages/pymatgen/core/structure.py:3109: UserWarning: Issues encountered while parsing CIF: 14 fractional coordinates rounded to ideal values to avoid issues with finite precision.
  struct = parser.parse_structures(primitive=primitive)[0]
/home/haolin/miniconda3/envs/pykale/lib/python3.11/site-packages/pymatgen/core/structure.py:3109: UserWarning: Issues encountered while parsing CIF: 7 fractional coordinates rounded to ideal values to avoid issues with finite precision.
  struct = parser.parse_structures(primitive=primitive)[0]

Fold 1/10: 1
ALIGNN:
  ACTIVATION: silu
  ALIGNN_LAYERS: 4
  ATOM_EMBEDDING_SIZE: 256
  ATOM_FEA_LEN: 92
  BOND_FEAT_DIM: 80
  CUTOFF: 5.0
  DROPOUT: 0.0
  EMBEDDING_FEATURES: 64
  ENCODING: prop
  GCN_LAYERS: 4
  HIDDEN_DIM: 128
  LAYER_FREEZE: none
  LINK: identity
  MAX_NEIGHBORS: 1000
  MAX_NUM_ELEMENTS: 94
  NUM_GAUSSIANS: 80
  NUM_LAYERS: 4
  NUM_RBF: None
  RBF_TRAINABLE: False
  READOUT: mean
  REGRESS_FORCES: False
  TRIPLET_INPUT_FEATURES: 40
CARTNET:
  ATOM_TYPES: True
  DIM_IN: 256
  DIM_RBF: 64
  ENCODING: z
  INVARIANT: False
  NUM_LAYERS: 4
  TEMPERATURE: False
  USE_ENVELOPE: True
CGCNN:
  ATOM_FEA_LEN: 64
  FEATURE_FUSION: none
  H_FEA_LEN: 128
  LAYER_FREEZE: none
  NBR_FEA_LEN: 36
  NUM_REPEAT: 1
  N_CONV: 3
  N_H: 1
  ORIG_ATOM_FEA_LEN: 92
  POS_FEA_LEN: 3
CHGNET:
  ANGLE_FEA_DIM: 64
  ANGLE_LAYER_HIDDEN_DIM: 0
  ATOM_CONV_HIDDEN_DIM: 64
  ATOM_FEA_DIM: 64
  ATOM_GRAPH_CUTOFF: 6.0
  ATOM_INPUT_DIM: 92
  BOND_CONV_HIDDEN_DIM: 64
  BOND_FEA_DIM: 64
  BOND_GRAPH_CUTOFF: 3.0
  CONV_DROPOUT: 0.0
  CUTOFF_COEFF: 8
  ENCODING: z
  GMLP_NORM: layer
  GRAPH_CONVERTER_ALGORITHM: fast
  IS_INTENSIVE: True
  LEARNABLE_RBF: True
  MAX_NUM_ELEMENTS: 94
  MLP_DROPOUT: 0.0
  MLP_FIRST: True
  MLP_HIDDEN_DIMS: (64, 64, 64)
  NON_LINEARITY: silu
  NUM_ANGULAR: 31
  NUM_RADIAL: 31
  N_CONV: 4
  READOUT_NORM: layer
  READ_OUT: ave
DATASET:
  PREDEFINED_SPLIT: False
  RATIO: 1.0
  SPLIT_GLOB: 
  TRAIN: data/fine_tune/train_data_25.json
  VAL: data/fine_tune/test_data.json
LEFTNET:
  ENCODING: none
  HIDDEN_CHANNELS: 128
  LAYER_FREEZE: none
  NUM_LAYERS: 4
  OTF_GRAPH: False
  REGRESS_FORCES: False
  USE_PBC: True
LOGGING:
  LOG_DIR: saved_models
  LOG_DIR_NAME: train_from_scratch/random_forest_25
MODEL:
  CIF_FOLDER: cif_file
  HYPERPARAMS:
    SEARCH: grid
    max_depth: [None, 10, 20]
    min_samples_leaf: [1, 2, 4]
    min_samples_split: [2, 4, 8]
    n_estimators: [200, 400, 800]
  INIT_FILE: cif_file/atom_init.json
  MAX_NBRS: 12
  NAME: random_forest
  PRETRAINED_MODEL_PATH: 
  RADIUS: 7.0
MODEL_COMMON:
  CUTOFF: 6.0
  NUM_RADIAL: 32
  OUTPUT_DIM: 1
OUTPUT:
  DIR: results
  LOOP_RESULTS: loop_50epochs.csv
  PREDICTIONS: predictions_reduced_ds2.csv
SOLVER:
  BATCH_SIZE: 64
  DISABLE_CUDA: False
  EPOCHS: 1
  LR: 0.01
  LR_MILESTONES: [100, 200]
  MOMENTUM: 0.9
  NUM_FOLDS: 10
  NUM_RUNS: 1
  OPTIM: SGD
  PRINT_FREQ: 10
  RANDOMIZE: False
  RESUME: 
  SEED: 42
  START_EPOCH: 0
  TASK: regression
  WEIGHT_DECAY: 0.0
  WORKERS: 0
Training random_forest model...
/home/haolin/miniconda3/envs/pykale/lib/python3.11/site-packages/pymatgen/core/structure.py:3109: UserWarning: Issues encountered while parsing CIF: 20 fractional coordinates rounded to ideal values to avoid issues with finite precision.
  struct = parser.parse_structures(primitive=primitive)[0]
/home/haolin/miniconda3/envs/pykale/lib/python3.11/site-packages/pymatgen/core/structure.py:3109: UserWarning: Issues encountered while parsing CIF: 12 fractional coordinates rounded to ideal values to avoid issues with finite precision.
  struct = parser.parse_structures(primitive=primitive)[0]
/home/haolin/miniconda3/envs/pykale/lib/python3.11/site-packages/pymatgen/core/structure.py:3109: UserWarning: Issues encountered while parsing CIF: 4 fractional coordinates rounded to ideal values to avoid issues with finite precision.
  struct = parser.parse_structures(primitive=primitive)[0]
/home/haolin/miniconda3/envs/pykale/lib/python3.11/site-packages/pymatgen/core/structure.py:3109: UserWarning: Issues encountered while parsing CIF: 8 fractional coordinates rounded to ideal values to avoid issues with finite precision.
  struct = parser.parse_structures(primitive=primitive)[0]
/home/haolin/miniconda3/envs/pykale/lib/python3.11/site-packages/pymatgen/core/structure.py:3109: UserWarning: Issues encountered while parsing CIF: 1 fractional coordinates rounded to ideal values to avoid issues with finite precision.
  struct = parser.parse_structures(primitive=primitive)[0]
/home/haolin/miniconda3/envs/pykale/lib/python3.11/site-packages/pymatgen/core/structure.py:3109: UserWarning: Issues encountered while parsing CIF: 76 fractional coordinates rounded to ideal values to avoid issues with finite precision.
  struct = parser.parse_structures(primitive=primitive)[0]
/home/haolin/miniconda3/envs/pykale/lib/python3.11/site-packages/pymatgen/core/structure.py:3109: UserWarning: Issues encountered while parsing CIF: 16 fractional coordinates rounded to ideal values to avoid issues with finite precision.
  struct = parser.parse_structures(primitive=primitive)[0]
/home/haolin/miniconda3/envs/pykale/lib/python3.11/site-packages/pymatgen/core/structure.py:3109: UserWarning: Issues encountered while parsing CIF: 2 fractional coordinates rounded to ideal values to avoid issues with finite precision.
  struct = parser.parse_structures(primitive=primitive)[0]
/home/haolin/miniconda3/envs/pykale/lib/python3.11/site-packages/pymatgen/core/structure.py:3109: UserWarning: Issues encountered while parsing CIF: 12 fractional coordinates rounded to ideal values to avoid issues with finite precision.
  struct = parser.parse_structures(primitive=primitive)[0]
/home/haolin/miniconda3/envs/pykale/lib/python3.11/site-packages/pymatgen/core/structure.py:3109: UserWarning: Issues encountered while parsing CIF: 12 fractional coordinates rounded to ideal values to avoid issues with finite precision.
  struct = parser.parse_structures(primitive=primitive)[0]
/home/haolin/miniconda3/envs/pykale/lib/python3.11/site-packages/pymatgen/core/structure.py:3109: UserWarning: Issues encountered while parsing CIF: 4 fractional coordinates rounded to ideal values to avoid issues with finite precision.
  struct = parser.parse_structures(primitive=primitive)[0]
/home/haolin/miniconda3/envs/pykale/lib/python3.11/site-packages/pymatgen/core/structure.py:3109: UserWarning: Issues encountered while parsing CIF: 1 fractional coordinates rounded to ideal values to avoid issues with finite precision.
  struct = parser.parse_structures(primitive=primitive)[0]
/home/haolin/miniconda3/envs/pykale/lib/python3.11/site-packages/pymatgen/core/structure.py:3109: UserWarning: Issues encountered while parsing CIF: 8 fractional coordinates rounded to ideal values to avoid issues with finite precision.
  struct = parser.parse_structures(primitive=primitive)[0]
/home/haolin/miniconda3/envs/pykale/lib/python3.11/site-packages/pymatgen/core/structure.py:3109: UserWarning: Issues encountered while parsing CIF: 7 fractional coordinates rounded to ideal values to avoid issues with finite precision.
  struct = parser.parse_structures(primitive=primitive)[0]
/home/haolin/miniconda3/envs/pykale/lib/python3.11/site-packages/pymatgen/core/structure.py:3109: UserWarning: Issues encountered while parsing CIF: 2 fractional coordinates rounded to ideal values to avoid issues with finite precision.
  struct = parser.parse_structures(primitive=primitive)[0]
/home/haolin/miniconda3/envs/pykale/lib/python3.11/site-packages/pymatgen/core/structure.py:3109: UserWarning: Issues encountered while parsing CIF: 28 fractional coordinates rounded to ideal values to avoid issues with finite precision.
  struct = parser.parse_structures(primitive=primitive)[0]
/home/haolin/miniconda3/envs/pykale/lib/python3.11/site-packages/pymatgen/core/structure.py:3109: UserWarning: Issues encountered while parsing CIF: 6 fractional coordinates rounded to ideal values to avoid issues with finite precision.
  struct = parser.parse_structures(primitive=primitive)[0]
/home/haolin/miniconda3/envs/pykale/lib/python3.11/site-packages/pymatgen/core/structure.py:3109: UserWarning: Issues encountered while parsing CIF: 16 fractional coordinates rounded to ideal values to avoid issues with finite precision.
  struct = parser.parse_structures(primitive=primitive)[0]
/home/haolin/miniconda3/envs/pykale/lib/python3.11/site-packages/pymatgen/core/structure.py:3109: UserWarning: Issues encountered while parsing CIF: 24 fractional coordinates rounded to ideal values to avoid issues with finite precision.
  struct = parser.parse_structures(primitive=primitive)[0]
/home/haolin/miniconda3/envs/pykale/lib/python3.11/site-packages/pymatgen/core/structure.py:3109: UserWarning: Issues encountered while parsing CIF: 14 fractional coordinates rounded to ideal values to avoid issues with finite precision.
  struct = parser.parse_structures(primitive=primitive)[0]
/home/haolin/miniconda3/envs/pykale/lib/python3.11/site-packages/pymatgen/core/structure.py:3109: UserWarning: Issues encountered while parsing CIF: 20 fractional coordinates rounded to ideal values to avoid issues with finite precision.
  struct = parser.parse_structures(primitive=primitive)[0]
/home/haolin/miniconda3/envs/pykale/lib/python3.11/site-packages/pymatgen/core/structure.py:3109: UserWarning: Issues encountered while parsing CIF: 20 fractional coordinates rounded to ideal values to avoid issues with finite precision.
  struct = parser.parse_structures(primitive=primitive)[0]
/home/haolin/miniconda3/envs/pykale/lib/python3.11/site-packages/pymatgen/core/structure.py:3109: UserWarning: Issues encountered while parsing CIF: 12 fractional coordinates rounded to ideal values to avoid issues with finite precision.
  struct = parser.parse_structures(primitive=primitive)[0]
/home/haolin/miniconda3/envs/pykale/lib/python3.11/site-packages/pymatgen/core/structure.py:3109: UserWarning: Issues encountered while parsing CIF: 4 fractional coordinates rounded to ideal values to avoid issues with finite precision.
  struct = parser.parse_structures(primitive=primitive)[0]
/home/haolin/miniconda3/envs/pykale/lib/python3.11/site-packages/pymatgen/core/structure.py:3109: UserWarning: Issues encountered while parsing CIF: 8 fractional coordinates rounded to ideal values to avoid issues with finite precision.
  struct = parser.parse_structures(primitive=primitive)[0]
/home/haolin/miniconda3/envs/pykale/lib/python3.11/site-packages/pymatgen/core/structure.py:3109: UserWarning: Issues encountered while parsing CIF: 1 fractional coordinates rounded to ideal values to avoid issues with finite precision.
  struct = parser.parse_structures(primitive=primitive)[0]
/home/haolin/miniconda3/envs/pykale/lib/python3.11/site-packages/pymatgen/core/structure.py:3109: UserWarning: Issues encountered while parsing CIF: 76 fractional coordinates rounded to ideal values to avoid issues with finite precision.
  struct = parser.parse_structures(primitive=primitive)[0]
/home/haolin/miniconda3/envs/pykale/lib/python3.11/site-packages/pymatgen/core/structure.py:3109: UserWarning: Issues encountered while parsing CIF: 16 fractional coordinates rounded to ideal values to avoid issues with finite precision.
  struct = parser.parse_structures(primitive=primitive)[0]
/home/haolin/miniconda3/envs/pykale/lib/python3.11/site-packages/pymatgen/core/structure.py:3109: UserWarning: Issues encountered while parsing CIF: 2 fractional coordinates rounded to ideal values to avoid issues with finite precision.
  struct = parser.parse_structures(primitive=primitive)[0]
/home/haolin/miniconda3/envs/pykale/lib/python3.11/site-packages/pymatgen/core/structure.py:3109: UserWarning: Issues encountered while parsing CIF: 20 fractional coordinates rounded to ideal values to avoid issues with finite precision.
  struct = parser.parse_structures(primitive=primitive)[0]
/home/haolin/miniconda3/envs/pykale/lib/python3.11/site-packages/pymatgen/core/structure.py:3109: UserWarning: Issues encountered while parsing CIF: 12 fractional coordinates rounded to ideal values to avoid issues with finite precision.
  struct = parser.parse_structures(primitive=primitive)[0]
/home/haolin/miniconda3/envs/pykale/lib/python3.11/site-packages/pymatgen/core/structure.py:3109: UserWarning: Issues encountered while parsing CIF: 4 fractional coordinates rounded to ideal values to avoid issues with finite precision.
  struct = parser.parse_structures(primitive=primitive)[0]
/home/haolin/miniconda3/envs/pykale/lib/python3.11/site-packages/pymatgen/core/structure.py:3109: UserWarning: Issues encountered while parsing CIF: 14 fractional coordinates rounded to ideal values to avoid issues with finite precision.
  struct = parser.parse_structures(primitive=primitive)[0]
/home/haolin/miniconda3/envs/pykale/lib/python3.11/site-packages/pymatgen/core/structure.py:3109: UserWarning: Issues encountered while parsing CIF: 8 fractional coordinates rounded to ideal values to avoid issues with finite precision.
  struct = parser.parse_structures(primitive=primitive)[0]
/home/haolin/miniconda3/envs/pykale/lib/python3.11/site-packages/pymatgen/core/structure.py:3109: UserWarning: Issues encountered while parsing CIF: 7 fractional coordinates rounded to ideal values to avoid issues with finite precision.
  struct = parser.parse_structures(primitive=primitive)[0]
/home/haolin/miniconda3/envs/pykale/lib/python3.11/site-packages/pymatgen/core/structure.py:3109: UserWarning: Issues encountered while parsing CIF: 16 fractional coordinates rounded to ideal values to avoid issues with finite precision.
  struct = parser.parse_structures(primitive=primitive)[0]
/home/haolin/miniconda3/envs/pykale/lib/python3.11/site-packages/pymatgen/core/structure.py:3109: UserWarning: Issues encountered while parsing CIF: 2 fractional coordinates rounded to ideal values to avoid issues with finite precision.
  struct = parser.parse_structures(primitive=primitive)[0]
/home/haolin/miniconda3/envs/pykale/lib/python3.11/site-packages/pymatgen/core/structure.py:3109: UserWarning: Issues encountered while parsing CIF: 6 fractional coordinates rounded to ideal values to avoid issues with finite precision.
  struct = parser.parse_structures(primitive=primitive)[0]
/home/haolin/miniconda3/envs/pykale/lib/python3.11/site-packages/pymatgen/core/structure.py:3109: UserWarning: Issues encountered while parsing CIF: 24 fractional coordinates rounded to ideal values to avoid issues with finite precision.
  struct = parser.parse_structures(primitive=primitive)[0]
/home/haolin/miniconda3/envs/pykale/lib/python3.11/site-packages/pymatgen/core/structure.py:3109: UserWarning: Issues encountered while parsing CIF: 1 fractional coordinates rounded to ideal values to avoid issues with finite precision.
  struct = parser.parse_structures(primitive=primitive)[0]
/home/haolin/miniconda3/envs/pykale/lib/python3.11/site-packages/pymatgen/core/structure.py:3109: UserWarning: Issues encountered while parsing CIF: 28 fractional coordinates rounded to ideal values to avoid issues with finite precision.
  struct = parser.parse_structures(primitive=primitive)[0]
/home/haolin/miniconda3/envs/pykale/lib/python3.11/site-packages/pymatgen/core/structure.py:3109: UserWarning: Issues encountered while parsing CIF: 20 fractional coordinates rounded to ideal values to avoid issues with finite precision.
  struct = parser.parse_structures(primitive=primitive)[0]
/home/haolin/miniconda3/envs/pykale/lib/python3.11/site-packages/pymatgen/core/structure.py:3109: UserWarning: Issues encountered while parsing CIF: 12 fractional coordinates rounded to ideal values to avoid issues with finite precision.
  struct = parser.parse_structures(primitive=primitive)[0]
/home/haolin/miniconda3/envs/pykale/lib/python3.11/site-packages/pymatgen/core/structure.py:3109: UserWarning: Issues encountered while parsing CIF: 4 fractional coordinates rounded to ideal values to avoid issues with finite precision.
  struct = parser.parse_structures(primitive=primitive)[0]
/home/haolin/miniconda3/envs/pykale/lib/python3.11/site-packages/pymatgen/core/structure.py:3109: UserWarning: Issues encountered while parsing CIF: 8 fractional coordinates rounded to ideal values to avoid issues with finite precision.
  struct = parser.parse_structures(primitive=primitive)[0]
/home/haolin/miniconda3/envs/pykale/lib/python3.11/site-packages/pymatgen/core/structure.py:3109: UserWarning: Issues encountered while parsing CIF: 1 fractional coordinates rounded to ideal values to avoid issues with finite precision.
  struct = parser.parse_structures(primitive=primitive)[0]
/home/haolin/miniconda3/envs/pykale/lib/python3.11/site-packages/pymatgen/core/structure.py:3109: UserWarning: Issues encountered while parsing CIF: 76 fractional coordinates rounded to ideal values to avoid issues with finite precision.
  struct = parser.parse_structures(primitive=primitive)[0]
/home/haolin/miniconda3/envs/pykale/lib/python3.11/site-packages/pymatgen/core/structure.py:3109: UserWarning: Issues encountered while parsing CIF: 16 fractional coordinates rounded to ideal values to avoid issues with finite precision.
  struct = parser.parse_structures(primitive=primitive)[0]
/home/haolin/miniconda3/envs/pykale/lib/python3.11/site-packages/pymatgen/core/structure.py:3109: UserWarning: Issues encountered while parsing CIF: 2 fractional coordinates rounded to ideal values to avoid issues with finite precision.
  struct = parser.parse_structures(primitive=primitive)[0]
Results for fold 1:
  Validation MAE: 0.740776
  Validation MSE: 0.813338
  Validation MRE: 0.525202
  Validation R2:  0.459508
  Test MAE: 0.602468
  Test MSE: 0.637211
  Test MRE: 0.314570
  Test R2:  0.323071
  Best Hyperparameters: {'max_depth': None, 'min_samples_leaf': 1, 'min_samples_split': 2, 'n_estimators': 800}
1 best params: {'max_depth': None, 'min_samples_leaf': 1, 'min_samples_split': 2, 'n_estimators': 800}
Saved random_forest best params to saved_models/best_params_1.json
1 random_forest Validation Result- MAE: 0.7407762391502276, MSE: 0.8133378945435691, MRE: 0.5252024975468199, R²: 0.4595084543395056
1 random_forest Test Result- MAE: 0.6024676721769642, MSE: 0.6372112385133043, MRE: 0.3145703592668341, R²: 0.3230714074072534

Fold 2/10: 2
ALIGNN:
  ACTIVATION: silu
  ALIGNN_LAYERS: 4
  ATOM_EMBEDDING_SIZE: 256
  ATOM_FEA_LEN: 92
  BOND_FEAT_DIM: 80
  CUTOFF: 5.0
  DROPOUT: 0.0
  EMBEDDING_FEATURES: 64
  ENCODING: prop
  GCN_LAYERS: 4
  HIDDEN_DIM: 128
  LAYER_FREEZE: none
  LINK: identity
  MAX_NEIGHBORS: 1000
  MAX_NUM_ELEMENTS: 94
  NUM_GAUSSIANS: 80
  NUM_LAYERS: 4
  NUM_RBF: None
  RBF_TRAINABLE: False
  READOUT: mean
  REGRESS_FORCES: False
  TRIPLET_INPUT_FEATURES: 40
CARTNET:
  ATOM_TYPES: True
  DIM_IN: 256
  DIM_RBF: 64
  ENCODING: z
  INVARIANT: False
  NUM_LAYERS: 4
  TEMPERATURE: False
  USE_ENVELOPE: True
CGCNN:
  ATOM_FEA_LEN: 64
  FEATURE_FUSION: none
  H_FEA_LEN: 128
  LAYER_FREEZE: none
  NBR_FEA_LEN: 36
  NUM_REPEAT: 1
  N_CONV: 3
  N_H: 1
  ORIG_ATOM_FEA_LEN: 92
  POS_FEA_LEN: 3
CHGNET:
  ANGLE_FEA_DIM: 64
  ANGLE_LAYER_HIDDEN_DIM: 0
  ATOM_CONV_HIDDEN_DIM: 64
  ATOM_FEA_DIM: 64
  ATOM_GRAPH_CUTOFF: 6.0
  ATOM_INPUT_DIM: 92
  BOND_CONV_HIDDEN_DIM: 64
  BOND_FEA_DIM: 64
  BOND_GRAPH_CUTOFF: 3.0
  CONV_DROPOUT: 0.0
  CUTOFF_COEFF: 8
  ENCODING: z
  GMLP_NORM: layer
  GRAPH_CONVERTER_ALGORITHM: fast
  IS_INTENSIVE: True
  LEARNABLE_RBF: True
  MAX_NUM_ELEMENTS: 94
  MLP_DROPOUT: 0.0
  MLP_FIRST: True
  MLP_HIDDEN_DIMS: (64, 64, 64)
  NON_LINEARITY: silu
  NUM_ANGULAR: 31
  NUM_RADIAL: 31
  N_CONV: 4
  READOUT_NORM: layer
  READ_OUT: ave
DATASET:
  PREDEFINED_SPLIT: False
  RATIO: 1.0
  SPLIT_GLOB: 
  TRAIN: data/fine_tune/train_data_25.json
  VAL: data/fine_tune/test_data.json
LEFTNET:
  ENCODING: none
  HIDDEN_CHANNELS: 128
  LAYER_FREEZE: none
  NUM_LAYERS: 4
  OTF_GRAPH: False
  REGRESS_FORCES: False
  USE_PBC: True
LOGGING:
  LOG_DIR: saved_models
  LOG_DIR_NAME: train_from_scratch/random_forest_25
MODEL:
  CIF_FOLDER: cif_file
  HYPERPARAMS:
    SEARCH: grid
    max_depth: [None, 10, 20]
    min_samples_leaf: [1, 2, 4]
    min_samples_split: [2, 4, 8]
    n_estimators: [200, 400, 800]
  INIT_FILE: cif_file/atom_init.json
  MAX_NBRS: 12
  NAME: random_forest
  PRETRAINED_MODEL_PATH: 
  RADIUS: 7.0
MODEL_COMMON:
  CUTOFF: 6.0
  NUM_RADIAL: 32
  OUTPUT_DIM: 1
OUTPUT:
  DIR: results
  LOOP_RESULTS: loop_50epochs.csv
  PREDICTIONS: predictions_reduced_ds2.csv
SOLVER:
  BATCH_SIZE: 64
  DISABLE_CUDA: False
  EPOCHS: 1
  LR: 0.01
  LR_MILESTONES: [100, 200]
  MOMENTUM: 0.9
  NUM_FOLDS: 10
  NUM_RUNS: 1
  OPTIM: SGD
  PRINT_FREQ: 10
  RANDOMIZE: False
  RESUME: 
  SEED: 42
  START_EPOCH: 0
  TASK: regression
  WEIGHT_DECAY: 0.0
  WORKERS: 0
Training random_forest model...
Results for fold 2:
  Validation MAE: 0.525089
  Validation MSE: 0.455603
  Validation MRE: 0.276477
  Validation R2:  0.438446
  Test MAE: 0.610370
  Test MSE: 0.629225
  Test MRE: 0.310928
  Test R2:  0.331555
  Best Hyperparameters: {'max_depth': None, 'min_samples_leaf': 4, 'min_samples_split': 2, 'n_estimators': 200}
2 best params: {'max_depth': None, 'min_samples_leaf': 4, 'min_samples_split': 2, 'n_estimators': 200}
Saved random_forest best params to saved_models/best_params_2.json
2 random_forest Validation Result- MAE: 0.5250886770650848, MSE: 0.45560292635335525, MRE: 0.2764768501469957, R²: 0.4384457994439208
2 random_forest Test Result- MAE: 0.6103702072239948, MSE: 0.6292249728967885, MRE: 0.31092775478969364, R²: 0.3315554566786897

Fold 3/10: 3
ALIGNN:
  ACTIVATION: silu
  ALIGNN_LAYERS: 4
  ATOM_EMBEDDING_SIZE: 256
  ATOM_FEA_LEN: 92
  BOND_FEAT_DIM: 80
  CUTOFF: 5.0
  DROPOUT: 0.0
  EMBEDDING_FEATURES: 64
  ENCODING: prop
  GCN_LAYERS: 4
  HIDDEN_DIM: 128
  LAYER_FREEZE: none
  LINK: identity
  MAX_NEIGHBORS: 1000
  MAX_NUM_ELEMENTS: 94
  NUM_GAUSSIANS: 80
  NUM_LAYERS: 4
  NUM_RBF: None
  RBF_TRAINABLE: False
  READOUT: mean
  REGRESS_FORCES: False
  TRIPLET_INPUT_FEATURES: 40
CARTNET:
  ATOM_TYPES: True
  DIM_IN: 256
  DIM_RBF: 64
  ENCODING: z
  INVARIANT: False
  NUM_LAYERS: 4
  TEMPERATURE: False
  USE_ENVELOPE: True
CGCNN:
  ATOM_FEA_LEN: 64
  FEATURE_FUSION: none
  H_FEA_LEN: 128
  LAYER_FREEZE: none
  NBR_FEA_LEN: 36
  NUM_REPEAT: 1
  N_CONV: 3
  N_H: 1
  ORIG_ATOM_FEA_LEN: 92
  POS_FEA_LEN: 3
CHGNET:
  ANGLE_FEA_DIM: 64
  ANGLE_LAYER_HIDDEN_DIM: 0
  ATOM_CONV_HIDDEN_DIM: 64
  ATOM_FEA_DIM: 64
  ATOM_GRAPH_CUTOFF: 6.0
  ATOM_INPUT_DIM: 92
  BOND_CONV_HIDDEN_DIM: 64
  BOND_FEA_DIM: 64
  BOND_GRAPH_CUTOFF: 3.0
  CONV_DROPOUT: 0.0
  CUTOFF_COEFF: 8
  ENCODING: z
  GMLP_NORM: layer
  GRAPH_CONVERTER_ALGORITHM: fast
  IS_INTENSIVE: True
  LEARNABLE_RBF: True
  MAX_NUM_ELEMENTS: 94
  MLP_DROPOUT: 0.0
  MLP_FIRST: True
  MLP_HIDDEN_DIMS: (64, 64, 64)
  NON_LINEARITY: silu
  NUM_ANGULAR: 31
  NUM_RADIAL: 31
  N_CONV: 4
  READOUT_NORM: layer
  READ_OUT: ave
DATASET:
  PREDEFINED_SPLIT: False
  RATIO: 1.0
  SPLIT_GLOB: 
  TRAIN: data/fine_tune/train_data_25.json
  VAL: data/fine_tune/test_data.json
LEFTNET:
  ENCODING: none
  HIDDEN_CHANNELS: 128
  LAYER_FREEZE: none
  NUM_LAYERS: 4
  OTF_GRAPH: False
  REGRESS_FORCES: False
  USE_PBC: True
LOGGING:
  LOG_DIR: saved_models
  LOG_DIR_NAME: train_from_scratch/random_forest_25
MODEL:
  CIF_FOLDER: cif_file
  HYPERPARAMS:
    SEARCH: grid
    max_depth: [None, 10, 20]
    min_samples_leaf: [1, 2, 4]
    min_samples_split: [2, 4, 8]
    n_estimators: [200, 400, 800]
  INIT_FILE: cif_file/atom_init.json
  MAX_NBRS: 12
  NAME: random_forest
  PRETRAINED_MODEL_PATH: 
  RADIUS: 7.0
MODEL_COMMON:
  CUTOFF: 6.0
  NUM_RADIAL: 32
  OUTPUT_DIM: 1
OUTPUT:
  DIR: results
  LOOP_RESULTS: loop_50epochs.csv
  PREDICTIONS: predictions_reduced_ds2.csv
SOLVER:
  BATCH_SIZE: 64
  DISABLE_CUDA: False
  EPOCHS: 1
  LR: 0.01
  LR_MILESTONES: [100, 200]
  MOMENTUM: 0.9
  NUM_FOLDS: 10
  NUM_RUNS: 1
  OPTIM: SGD
  PRINT_FREQ: 10
  RANDOMIZE: False
  RESUME: 
  SEED: 42
  START_EPOCH: 0
  TASK: regression
  WEIGHT_DECAY: 0.0
  WORKERS: 0
Training random_forest model...
Results for fold 3:
  Validation MAE: 0.656768
  Validation MSE: 0.784308
  Validation MRE: 0.306600
  Validation R2:  0.280502
  Test MAE: 0.600743
  Test MSE: 0.625587
  Test MRE: 0.305166
  Test R2:  0.335420
  Best Hyperparameters: {'max_depth': None, 'min_samples_leaf': 1, 'min_samples_split': 4, 'n_estimators': 400}
3 best params: {'max_depth': None, 'min_samples_leaf': 1, 'min_samples_split': 4, 'n_estimators': 400}
Saved random_forest best params to saved_models/best_params_3.json
3 random_forest Validation Result- MAE: 0.6567681674154594, MSE: 0.7843081330449251, MRE: 0.3065997430912331, R²: 0.28050161447520894
3 random_forest Test Result- MAE: 0.6007433055741567, MSE: 0.6255869850738972, MRE: 0.30516636605209463, R²: 0.3354202001545974

Fold 4/10: 4
ALIGNN:
  ACTIVATION: silu
  ALIGNN_LAYERS: 4
  ATOM_EMBEDDING_SIZE: 256
  ATOM_FEA_LEN: 92
  BOND_FEAT_DIM: 80
  CUTOFF: 5.0
  DROPOUT: 0.0
  EMBEDDING_FEATURES: 64
  ENCODING: prop
  GCN_LAYERS: 4
  HIDDEN_DIM: 128
  LAYER_FREEZE: none
  LINK: identity
  MAX_NEIGHBORS: 1000
  MAX_NUM_ELEMENTS: 94
  NUM_GAUSSIANS: 80
  NUM_LAYERS: 4
  NUM_RBF: None
  RBF_TRAINABLE: False
  READOUT: mean
  REGRESS_FORCES: False
  TRIPLET_INPUT_FEATURES: 40
CARTNET:
  ATOM_TYPES: True
  DIM_IN: 256
  DIM_RBF: 64
  ENCODING: z
  INVARIANT: False
  NUM_LAYERS: 4
  TEMPERATURE: False
  USE_ENVELOPE: True
CGCNN:
  ATOM_FEA_LEN: 64
  FEATURE_FUSION: none
  H_FEA_LEN: 128
  LAYER_FREEZE: none
  NBR_FEA_LEN: 36
  NUM_REPEAT: 1
  N_CONV: 3
  N_H: 1
  ORIG_ATOM_FEA_LEN: 92
  POS_FEA_LEN: 3
CHGNET:
  ANGLE_FEA_DIM: 64
  ANGLE_LAYER_HIDDEN_DIM: 0
  ATOM_CONV_HIDDEN_DIM: 64
  ATOM_FEA_DIM: 64
  ATOM_GRAPH_CUTOFF: 6.0
  ATOM_INPUT_DIM: 92
  BOND_CONV_HIDDEN_DIM: 64
  BOND_FEA_DIM: 64
  BOND_GRAPH_CUTOFF: 3.0
  CONV_DROPOUT: 0.0
  CUTOFF_COEFF: 8
  ENCODING: z
  GMLP_NORM: layer
  GRAPH_CONVERTER_ALGORITHM: fast
  IS_INTENSIVE: True
  LEARNABLE_RBF: True
  MAX_NUM_ELEMENTS: 94
  MLP_DROPOUT: 0.0
  MLP_FIRST: True
  MLP_HIDDEN_DIMS: (64, 64, 64)
  NON_LINEARITY: silu
  NUM_ANGULAR: 31
  NUM_RADIAL: 31
  N_CONV: 4
  READOUT_NORM: layer
  READ_OUT: ave
DATASET:
  PREDEFINED_SPLIT: False
  RATIO: 1.0
  SPLIT_GLOB: 
  TRAIN: data/fine_tune/train_data_25.json
  VAL: data/fine_tune/test_data.json
LEFTNET:
  ENCODING: none
  HIDDEN_CHANNELS: 128
  LAYER_FREEZE: none
  NUM_LAYERS: 4
  OTF_GRAPH: False
  REGRESS_FORCES: False
  USE_PBC: True
LOGGING:
  LOG_DIR: saved_models
  LOG_DIR_NAME: train_from_scratch/random_forest_25
MODEL:
  CIF_FOLDER: cif_file
  HYPERPARAMS:
    SEARCH: grid
    max_depth: [None, 10, 20]
    min_samples_leaf: [1, 2, 4]
    min_samples_split: [2, 4, 8]
    n_estimators: [200, 400, 800]
  INIT_FILE: cif_file/atom_init.json
  MAX_NBRS: 12
  NAME: random_forest
  PRETRAINED_MODEL_PATH: 
  RADIUS: 7.0
MODEL_COMMON:
  CUTOFF: 6.0
  NUM_RADIAL: 32
  OUTPUT_DIM: 1
OUTPUT:
  DIR: results
  LOOP_RESULTS: loop_50epochs.csv
  PREDICTIONS: predictions_reduced_ds2.csv
SOLVER:
  BATCH_SIZE: 64
  DISABLE_CUDA: False
  EPOCHS: 1
  LR: 0.01
  LR_MILESTONES: [100, 200]
  MOMENTUM: 0.9
  NUM_FOLDS: 10
  NUM_RUNS: 1
  OPTIM: SGD
  PRINT_FREQ: 10
  RANDOMIZE: False
  RESUME: 
  SEED: 42
  START_EPOCH: 0
  TASK: regression
  WEIGHT_DECAY: 0.0
  WORKERS: 0/home/haolin/miniconda3/envs/pykale/lib/python3.11/site-packages/pymatgen/core/structure.py:3109: UserWarning: Issues encountered while parsing CIF: 20 fractional coordinates rounded to ideal values to avoid issues with finite precision.
  struct = parser.parse_structures(primitive=primitive)[0]
/home/haolin/miniconda3/envs/pykale/lib/python3.11/site-packages/pymatgen/core/structure.py:3109: UserWarning: Issues encountered while parsing CIF: 12 fractional coordinates rounded to ideal values to avoid issues with finite precision.
  struct = parser.parse_structures(primitive=primitive)[0]
/home/haolin/miniconda3/envs/pykale/lib/python3.11/site-packages/pymatgen/core/structure.py:3109: UserWarning: Issues encountered while parsing CIF: 8 fractional coordinates rounded to ideal values to avoid issues with finite precision.
  struct = parser.parse_structures(primitive=primitive)[0]
/home/haolin/miniconda3/envs/pykale/lib/python3.11/site-packages/pymatgen/core/structure.py:3109: UserWarning: Issues encountered while parsing CIF: 1 fractional coordinates rounded to ideal values to avoid issues with finite precision.
  struct = parser.parse_structures(primitive=primitive)[0]
/home/haolin/miniconda3/envs/pykale/lib/python3.11/site-packages/pymatgen/core/structure.py:3109: UserWarning: Issues encountered while parsing CIF: 6 fractional coordinates rounded to ideal values to avoid issues with finite precision.
  struct = parser.parse_structures(primitive=primitive)[0]
/home/haolin/miniconda3/envs/pykale/lib/python3.11/site-packages/pymatgen/core/structure.py:3109: UserWarning: Issues encountered while parsing CIF: 4 fractional coordinates rounded to ideal values to avoid issues with finite precision.
  struct = parser.parse_structures(primitive=primitive)[0]
/home/haolin/miniconda3/envs/pykale/lib/python3.11/site-packages/pymatgen/core/structure.py:3109: UserWarning: Issues encountered while parsing CIF: 2 fractional coordinates rounded to ideal values to avoid issues with finite precision.
  struct = parser.parse_structures(primitive=primitive)[0]
/home/haolin/miniconda3/envs/pykale/lib/python3.11/site-packages/pymatgen/core/structure.py:3109: UserWarning: Issues encountered while parsing CIF: 16 fractional coordinates rounded to ideal values to avoid issues with finite precision.
  struct = parser.parse_structures(primitive=primitive)[0]
/home/haolin/miniconda3/envs/pykale/lib/python3.11/site-packages/pymatgen/core/structure.py:3109: UserWarning: Issues encountered while parsing CIF: 14 fractional coordinates rounded to ideal values to avoid issues with finite precision.
  struct = parser.parse_structures(primitive=primitive)[0]
/home/haolin/miniconda3/envs/pykale/lib/python3.11/site-packages/pymatgen/core/structure.py:3109: UserWarning: Issues encountered while parsing CIF: 24 fractional coordinates rounded to ideal values to avoid issues with finite precision.
  struct = parser.parse_structures(primitive=primitive)[0]
/home/haolin/miniconda3/envs/pykale/lib/python3.11/site-packages/pymatgen/core/structure.py:3109: UserWarning: Issues encountered while parsing CIF: 28 fractional coordinates rounded to ideal values to avoid issues with finite precision.
  struct = parser.parse_structures(primitive=primitive)[0]
/home/haolin/miniconda3/envs/pykale/lib/python3.11/site-packages/pymatgen/core/structure.py:3109: UserWarning: Issues encountered while parsing CIF: 7 fractional coordinates rounded to ideal values to avoid issues with finite precision.
  struct = parser.parse_structures(primitive=primitive)[0]
/home/haolin/miniconda3/envs/pykale/lib/python3.11/site-packages/pymatgen/core/structure.py:3109: UserWarning: Issues encountered while parsing CIF: 20 fractional coordinates rounded to ideal values to avoid issues with finite precision.
  struct = parser.parse_structures(primitive=primitive)[0]
/home/haolin/miniconda3/envs/pykale/lib/python3.11/site-packages/pymatgen/core/structure.py:3109: UserWarning: Issues encountered while parsing CIF: 12 fractional coordinates rounded to ideal values to avoid issues with finite precision.
  struct = parser.parse_structures(primitive=primitive)[0]
/home/haolin/miniconda3/envs/pykale/lib/python3.11/site-packages/pymatgen/core/structure.py:3109: UserWarning: Issues encountered while parsing CIF: 4 fractional coordinates rounded to ideal values to avoid issues with finite precision.
  struct = parser.parse_structures(primitive=primitive)[0]
/home/haolin/miniconda3/envs/pykale/lib/python3.11/site-packages/pymatgen/core/structure.py:3109: UserWarning: Issues encountered while parsing CIF: 8 fractional coordinates rounded to ideal values to avoid issues with finite precision.
  struct = parser.parse_structures(primitive=primitive)[0]
/home/haolin/miniconda3/envs/pykale/lib/python3.11/site-packages/pymatgen/core/structure.py:3109: UserWarning: Issues encountered while parsing CIF: 1 fractional coordinates rounded to ideal values to avoid issues with finite precision.
  struct = parser.parse_structures(primitive=primitive)[0]
/home/haolin/miniconda3/envs/pykale/lib/python3.11/site-packages/pymatgen/core/structure.py:3109: UserWarning: Issues encountered while parsing CIF: 76 fractional coordinates rounded to ideal values to avoid issues with finite precision.
  struct = parser.parse_structures(primitive=primitive)[0]
/home/haolin/miniconda3/envs/pykale/lib/python3.11/site-packages/pymatgen/core/structure.py:3109: UserWarning: Issues encountered while parsing CIF: 16 fractional coordinates rounded to ideal values to avoid issues with finite precision.
  struct = parser.parse_structures(primitive=primitive)[0]
/home/haolin/miniconda3/envs/pykale/lib/python3.11/site-packages/pymatgen/core/structure.py:3109: UserWarning: Issues encountered while parsing CIF: 2 fractional coordinates rounded to ideal values to avoid issues with finite precision.
  struct = parser.parse_structures(primitive=primitive)[0]
/home/haolin/miniconda3/envs/pykale/lib/python3.11/site-packages/pymatgen/core/structure.py:3109: UserWarning: Issues encountered while parsing CIF: 12 fractional coordinates rounded to ideal values to avoid issues with finite precision.
  struct = parser.parse_structures(primitive=primitive)[0]
/home/haolin/miniconda3/envs/pykale/lib/python3.11/site-packages/pymatgen/core/structure.py:3109: UserWarning: Issues encountered while parsing CIF: 8 fractional coordinates rounded to ideal values to avoid issues with finite precision.
  struct = parser.parse_structures(primitive=primitive)[0]
/home/haolin/miniconda3/envs/pykale/lib/python3.11/site-packages/pymatgen/core/structure.py:3109: UserWarning: Issues encountered while parsing CIF: 4 fractional coordinates rounded to ideal values to avoid issues with finite precision.
  struct = parser.parse_structures(primitive=primitive)[0]
/home/haolin/miniconda3/envs/pykale/lib/python3.11/site-packages/pymatgen/core/structure.py:3109: UserWarning: Issues encountered while parsing CIF: 2 fractional coordinates rounded to ideal values to avoid issues with finite precision.
  struct = parser.parse_structures(primitive=primitive)[0]
/home/haolin/miniconda3/envs/pykale/lib/python3.11/site-packages/pymatgen/core/structure.py:3109: UserWarning: Issues encountered while parsing CIF: 16 fractional coordinates rounded to ideal values to avoid issues with finite precision.
  struct = parser.parse_structures(primitive=primitive)[0]
/home/haolin/miniconda3/envs/pykale/lib/python3.11/site-packages/pymatgen/core/structure.py:3109: UserWarning: Issues encountered while parsing CIF: 6 fractional coordinates rounded to ideal values to avoid issues with finite precision.
  struct = parser.parse_structures(primitive=primitive)[0]
/home/haolin/miniconda3/envs/pykale/lib/python3.11/site-packages/pymatgen/core/structure.py:3109: UserWarning: Issues encountered while parsing CIF: 1 fractional coordinates rounded to ideal values to avoid issues with finite precision.
  struct = parser.parse_structures(primitive=primitive)[0]
/home/haolin/miniconda3/envs/pykale/lib/python3.11/site-packages/pymatgen/core/structure.py:3109: UserWarning: Issues encountered while parsing CIF: 7 fractional coordinates rounded to ideal values to avoid issues with finite precision.
  struct = parser.parse_structures(primitive=primitive)[0]
/home/haolin/miniconda3/envs/pykale/lib/python3.11/site-packages/pymatgen/core/structure.py:3109: UserWarning: Issues encountered while parsing CIF: 14 fractional coordinates rounded to ideal values to avoid issues with finite precision.
  struct = parser.parse_structures(primitive=primitive)[0]
/home/haolin/miniconda3/envs/pykale/lib/python3.11/site-packages/pymatgen/core/structure.py:3109: UserWarning: Issues encountered while parsing CIF: 20 fractional coordinates rounded to ideal values to avoid issues with finite precision.
  struct = parser.parse_structures(primitive=primitive)[0]
/home/haolin/miniconda3/envs/pykale/lib/python3.11/site-packages/pymatgen/core/structure.py:3109: UserWarning: Issues encountered while parsing CIF: 24 fractional coordinates rounded to ideal values to avoid issues with finite precision.
  struct = parser.parse_structures(primitive=primitive)[0]
/home/haolin/miniconda3/envs/pykale/lib/python3.11/site-packages/pymatgen/core/structure.py:3109: UserWarning: Issues encountered while parsing CIF: 28 fractional coordinates rounded to ideal values to avoid issues with finite precision.
  struct = parser.parse_structures(primitive=primitive)[0]
/home/haolin/miniconda3/envs/pykale/lib/python3.11/site-packages/pymatgen/core/structure.py:3109: UserWarning: Issues encountered while parsing CIF: 20 fractional coordinates rounded to ideal values to avoid issues with finite precision.
  struct = parser.parse_structures(primitive=primitive)[0]
/home/haolin/miniconda3/envs/pykale/lib/python3.11/site-packages/pymatgen/core/structure.py:3109: UserWarning: Issues encountered while parsing CIF: 12 fractional coordinates rounded to ideal values to avoid issues with finite precision.
  struct = parser.parse_structures(primitive=primitive)[0]
/home/haolin/miniconda3/envs/pykale/lib/python3.11/site-packages/pymatgen/core/structure.py:3109: UserWarning: Issues encountered while parsing CIF: 4 fractional coordinates rounded to ideal values to avoid issues with finite precision.
  struct = parser.parse_structures(primitive=primitive)[0]
/home/haolin/miniconda3/envs/pykale/lib/python3.11/site-packages/pymatgen/core/structure.py:3109: UserWarning: Issues encountered while parsing CIF: 8 fractional coordinates rounded to ideal values to avoid issues with finite precision.
  struct = parser.parse_structures(primitive=primitive)[0]
/home/haolin/miniconda3/envs/pykale/lib/python3.11/site-packages/pymatgen/core/structure.py:3109: UserWarning: Issues encountered while parsing CIF: 1 fractional coordinates rounded to ideal values to avoid issues with finite precision.
  struct = parser.parse_structures(primitive=primitive)[0]
/home/haolin/miniconda3/envs/pykale/lib/python3.11/site-packages/pymatgen/core/structure.py:3109: UserWarning: Issues encountered while parsing CIF: 76 fractional coordinates rounded to ideal values to avoid issues with finite precision.
  struct = parser.parse_structures(primitive=primitive)[0]
/home/haolin/miniconda3/envs/pykale/lib/python3.11/site-packages/pymatgen/core/structure.py:3109: UserWarning: Issues encountered while parsing CIF: 16 fractional coordinates rounded to ideal values to avoid issues with finite precision.
  struct = parser.parse_structures(primitive=primitive)[0]
/home/haolin/miniconda3/envs/pykale/lib/python3.11/site-packages/pymatgen/core/structure.py:3109: UserWarning: Issues encountered while parsing CIF: 2 fractional coordinates rounded to ideal values to avoid issues with finite precision.
  struct = parser.parse_structures(primitive=primitive)[0]
/home/haolin/miniconda3/envs/pykale/lib/python3.11/site-packages/pymatgen/core/structure.py:3109: UserWarning: Issues encountered while parsing CIF: 24 fractional coordinates rounded to ideal values to avoid issues with finite precision.
  struct = parser.parse_structures(primitive=primitive)[0]
/home/haolin/miniconda3/envs/pykale/lib/python3.11/site-packages/pymatgen/core/structure.py:3109: UserWarning: Issues encountered while parsing CIF: 20 fractional coordinates rounded to ideal values to avoid issues with finite precision.
  struct = parser.parse_structures(primitive=primitive)[0]
/home/haolin/miniconda3/envs/pykale/lib/python3.11/site-packages/pymatgen/core/structure.py:3109: UserWarning: Issues encountered while parsing CIF: 8 fractional coordinates rounded to ideal values to avoid issues with finite precision.
  struct = parser.parse_structures(primitive=primitive)[0]
/home/haolin/miniconda3/envs/pykale/lib/python3.11/site-packages/pymatgen/core/structure.py:3109: UserWarning: Issues encountered while parsing CIF: 6 fractional coordinates rounded to ideal values to avoid issues with finite precision.
  struct = parser.parse_structures(primitive=primitive)[0]
/home/haolin/miniconda3/envs/pykale/lib/python3.11/site-packages/pymatgen/core/structure.py:3109: UserWarning: Issues encountered while parsing CIF: 2 fractional coordinates rounded to ideal values to avoid issues with finite precision.
  struct = parser.parse_structures(primitive=primitive)[0]
/home/haolin/miniconda3/envs/pykale/lib/python3.11/site-packages/pymatgen/core/structure.py:3109: UserWarning: Issues encountered while parsing CIF: 4 fractional coordinates rounded to ideal values to avoid issues with finite precision.
  struct = parser.parse_structures(primitive=primitive)[0]
/home/haolin/miniconda3/envs/pykale/lib/python3.11/site-packages/pymatgen/core/structure.py:3109: UserWarning: Issues encountered while parsing CIF: 28 fractional coordinates rounded to ideal values to avoid issues with finite precision.
  struct = parser.parse_structures(primitive=primitive)[0]
/home/haolin/miniconda3/envs/pykale/lib/python3.11/site-packages/pymatgen/core/structure.py:3109: UserWarning: Issues encountered while parsing CIF: 12 fractional coordinates rounded to ideal values to avoid issues with finite precision.
  struct = parser.parse_structures(primitive=primitive)[0]
/home/haolin/miniconda3/envs/pykale/lib/python3.11/site-packages/pymatgen/core/structure.py:3109: UserWarning: Issues encountered while parsing CIF: 16 fractional coordinates rounded to ideal values to avoid issues with finite precision.
  struct = parser.parse_structures(primitive=primitive)[0]
/home/haolin/miniconda3/envs/pykale/lib/python3.11/site-packages/pymatgen/core/structure.py:3109: UserWarning: Issues encountered while parsing CIF: 14 fractional coordinates rounded to ideal values to avoid issues with finite precision.
  struct = parser.parse_structures(primitive=primitive)[0]
/home/haolin/miniconda3/envs/pykale/lib/python3.11/site-packages/pymatgen/core/structure.py:3109: UserWarning: Issues encountered while parsing CIF: 1 fractional coordinates rounded to ideal values to avoid issues with finite precision.
  struct = parser.parse_structures(primitive=primitive)[0]
/home/haolin/miniconda3/envs/pykale/lib/python3.11/site-packages/pymatgen/core/structure.py:3109: UserWarning: Issues encountered while parsing CIF: 7 fractional coordinates rounded to ideal values to avoid issues with finite precision.
  struct = parser.parse_structures(primitive=primitive)[0]
/home/haolin/miniconda3/envs/pykale/lib/python3.11/site-packages/pymatgen/core/structure.py:3109: UserWarning: Issues encountered while parsing CIF: 20 fractional coordinates rounded to ideal values to avoid issues with finite precision.
  struct = parser.parse_structures(primitive=primitive)[0]
/home/haolin/miniconda3/envs/pykale/lib/python3.11/site-packages/pymatgen/core/structure.py:3109: UserWarning: Issues encountered while parsing CIF: 12 fractional coordinates rounded to ideal values to avoid issues with finite precision.
  struct = parser.parse_structures(primitive=primitive)[0]
/home/haolin/miniconda3/envs/pykale/lib/python3.11/site-packages/pymatgen/core/structure.py:3109: UserWarning: Issues encountered while parsing CIF: 4 fractional coordinates rounded to ideal values to avoid issues with finite precision.
  struct = parser.parse_structures(primitive=primitive)[0]
/home/haolin/miniconda3/envs/pykale/lib/python3.11/site-packages/pymatgen/core/structure.py:3109: UserWarning: Issues encountered while pa/home/haolin/.local/lib/python3.10/site-packages/pymatgen/io/cif.py:1287: UserWarning: Issues encountered while parsing CIF: 20 fractional coordinates rounded to ideal values to avoid issues with finite precision.
  warnings.warn("Issues encountered while parsing CIF: " + "\n".join(self.warnings))
/home/haolin/.local/lib/python3.10/site-packages/pymatgen/io/cif.py:1287: UserWarning: Issues encountered while parsing CIF: 12 fractional coordinates rounded to ideal values to avoid issues with finite precision.
  warnings.warn("Issues encountered while parsing CIF: " + "\n".join(self.warnings))
/home/haolin/.local/lib/python3.10/site-packages/pymatgen/io/cif.py:1287: UserWarning: Issues encountered while parsing CIF: 4 fractional coordinates rounded to ideal values to avoid issues with finite precision.
  warnings.warn("Issues encountered while parsing CIF: " + "\n".join(self.warnings))
/home/haolin/.local/lib/python3.10/site-packages/pymatgen/io/cif.py:1287: UserWarning: Issues encountered while parsing CIF: 8 fractional coordinates rounded to ideal values to avoid issues with finite precision.
  warnings.warn("Issues encountered while parsing CIF: " + "\n".join(self.warnings))
/home/haolin/.local/lib/python3.10/site-packages/pymatgen/io/cif.py:1287: UserWarning: Issues encountered while parsing CIF: 1 fractional coordinates rounded to ideal values to avoid issues with finite precision.
  warnings.warn("Issues encountered while parsing CIF: " + "\n".join(self.warnings))
/home/haolin/.local/lib/python3.10/site-packages/pymatgen/io/cif.py:1287: UserWarning: Issues encountered while parsing CIF: 76 fractional coordinates rounded to ideal values to avoid issues with finite precision.
  warnings.warn("Issues encountered while parsing CIF: " + "\n".join(self.warnings))
/home/haolin/.local/lib/python3.10/site-packages/pymatgen/io/cif.py:1287: UserWarning: Issues encountered while parsing CIF: 16 fractional coordinates rounded to ideal values to avoid issues with finite precision.
  warnings.warn("Issues encountered while parsing CIF: " + "\n".join(self.warnings))
/home/haolin/.local/lib/python3.10/site-packages/pymatgen/io/cif.py:1287: UserWarning: Issues encountered while parsing CIF: 2 fractional coordinates rounded to ideal values to avoid issues with finite precision.
  warnings.warn("Issues encountered while parsing CIF: " + "\n".join(self.warnings))
ALIGNN:
  ACTIVATION: silu
  ALIGNN_LAYERS: 4
  ATOM_EMBEDDING_SIZE: 256
  ATOM_FEA_LEN: 92
  BOND_FEAT_DIM: 80
  CUTOFF: 5.0
  DROPOUT: 0.0
  EMBEDDING_FEATURES: 64
  ENCODING: prop
  GCN_LAYERS: 4
  HIDDEN_DIM: 128
  LAYER_FREEZE: none
  LINK: identity
  MAX_NEIGHBORS: 1000
  MAX_NUM_ELEMENTS: 94
  NUM_GAUSSIANS: 80
  NUM_LAYERS: 4
  NUM_RBF: None
  RBF_TRAINABLE: False
  READOUT: mean
  REGRESS_FORCES: False
  TRIPLET_INPUT_FEATURES: 40
CARTNET:
  ATOM_TYPES: True
  DIM_IN: 256
  DIM_RBF: 64
  ENCODING: z
  INVARIANT: False
  NUM_LAYERS: 4
  TEMPERATURE: False
  USE_ENVELOPE: True
CGCNN:
  ATOM_FEA_LEN: 64
  FEATURE_FUSION: none
  H_FEA_LEN: 128
  LAYER_FREEZE: none
  NBR_FEA_LEN: 36
  NUM_REPEAT: 1
  N_CONV: 3
  N_H: 1
  ORIG_ATOM_FEA_LEN: 92
  POS_FEA_LEN: 3
CHGNET:
  ANGLE_FEA_DIM: 64
  ANGLE_LAYER_HIDDEN_DIM: 0
  ATOM_CONV_HIDDEN_DIM: 64
  ATOM_FEA_DIM: 64
  ATOM_GRAPH_CUTOFF: 6.0
  ATOM_INPUT_DIM: 92
  BOND_CONV_HIDDEN_DIM: 64
  BOND_FEA_DIM: 64
  BOND_GRAPH_CUTOFF: 3.0
  CONV_DROPOUT: 0.0
  CUTOFF_COEFF: 8
  ENCODING: z
  GMLP_NORM: layer
  GRAPH_CONVERTER_ALGORITHM: fast
  IS_INTENSIVE: True
  LEARNABLE_RBF: True
  MAX_NUM_ELEMENTS: 94
  MLP_DROPOUT: 0.0
  MLP_FIRST: True
  MLP_HIDDEN_DIMS: (64, 64, 64)
  NON_LINEARITY: silu
  NUM_ANGULAR: 31
  NUM_RADIAL: 31
  N_CONV: 4
  READOUT_NORM: layer
  READ_OUT: ave
DATASET:
  PREDEFINED_SPLIT: False
  RATIO: 1.0
  SPLIT_GLOB: 
  TRAIN: data/fine_tune/train_data_25.json
  VAL: data/fine_tune/test_data.json
LEFTNET:
  ENCODING: none
  HIDDEN_CHANNELS: 128
  LAYER_FREEZE: none
  NUM_LAYERS: 4
  OTF_GRAPH: False
  REGRESS_FORCES: False
  USE_PBC: True
LOGGING:
  LOG_DIR: saved_models
  LOG_DIR_NAME: train_from_scratch/random_forest_25
MODEL:
  CIF_FOLDER: cif_file
  HYPERPARAMS:
    SEARCH: grid
    max_depth: [None, 10, 20]
    min_samples_leaf: [1, 2, 4]
    min_samples_split: [2, 4, 8]
    n_estimators: [200, 400, 800]
  INIT_FILE: cif_file/atom_init.json
  MAX_NBRS: 12
  NAME: random_forest
  PRETRAINED_MODEL_PATH: 
  RADIUS: 7.0
MODEL_COMMON:
  CUTOFF: 6.0
  NUM_RADIAL: 32
  OUTPUT_DIM: 1
OUTPUT:
  DIR: results
  LOOP_RESULTS: loop_50epochs.csv
  PREDICTIONS: predictions_reduced_ds2.csv
SOLVER:
  BATCH_SIZE: 64
  DISABLE_CUDA: False
  EPOCHS: 1
  LR: 0.01
  LR_MILESTONES: [100, 200]
  MOMENTUM: 0.9
  NUM_FOLDS: 10
  NUM_RUNS: 1
  OPTIM: SGD
  PRINT_FREQ: 10
  RANDOMIZE: False
  RESUME: 
  SEED: 42
  START_EPOCH: 0
  TASK: regression
  WEIGHT_DECAY: 0.0
  WORKERS: 0
Training random_forest model...
Results for fold 5:
  Validation MAE: 0.558454
  Validation MSE: 0.537325
  Validation MRE: 0.237849
  Validation R2:  0.355022
  Test MAE: 0.608017
  Test MSE: 0.643671
  Test MRE: 0.308452
  Test R2:  0.316209
  Best Hyperparameters: {'max_depth': None, 'min_samples_leaf': 1, 'min_samples_split': 2, 'n_estimators': 800}
5 best params: {'max_depth': None, 'min_samples_leaf': 1, 'min_samples_split': 2, 'n_estimators': 800}
Saved random_forest best params to saved_models/best_params_5.json
5 random_forest Validation Result- MAE: 0.5584542339804927, MSE: 0.5373250001914671, MRE: 0.23784914140613286, R²: 0.3550224538748984
5 random_forest Test Result- MAE: 0.6080168164438672, MSE: 0.6436712392723258, MRE: 0.3084515333198268, R²: 0.3162087550281848

Fold 6/10: 6
ALIGNN:
  ACTIVATION: silu
  ALIGNN_LAYERS: 4
  ATOM_EMBEDDING_SIZE: 256
  ATOM_FEA_LEN: 92
  BOND_FEAT_DIM: 80
  CUTOFF: 5.0
  DROPOUT: 0.0
  EMBEDDING_FEATURES: 64
  ENCODING: prop
  GCN_LAYERS: 4
  HIDDEN_DIM: 128
  LAYER_FREEZE: none
  LINK: identity
  MAX_NEIGHBORS: 1000
  MAX_NUM_ELEMENTS: 94
  NUM_GAUSSIANS: 80
  NUM_LAYERS: 4
  NUM_RBF: None
  RBF_TRAINABLE: False
  READOUT: mean
  REGRESS_FORCES: False
  TRIPLET_INPUT_FEATURES: 40
CARTNET:
  ATOM_TYPES: True
  DIM_IN: 256
  DIM_RBF: 64
  ENCODING: z
  INVARIANT: False
  NUM_LAYERS: 4
  TEMPERATURE: False
  USE_ENVELOPE: True
CGCNN:
  ATOM_FEA_LEN: 64
  FEATURE_FUSION: none
  H_FEA_LEN: 128
  LAYER_FREEZE: none
  NBR_FEA_LEN: 36
  NUM_REPEAT: 1
  N_CONV: 3
  N_H: 1
  ORIG_ATOM_FEA_LEN: 92
  POS_FEA_LEN: 3
CHGNET:
  ANGLE_FEA_DIM: 64
  ANGLE_LAYER_HIDDEN_DIM: 0
  ATOM_CONV_HIDDEN_DIM: 64
  ATOM_FEA_DIM: 64
  ATOM_GRAPH_CUTOFF: 6.0
  ATOM_INPUT_DIM: 92
  BOND_CONV_HIDDEN_DIM: 64
  BOND_FEA_DIM: 64
  BOND_GRAPH_CUTOFF: 3.0
  CONV_DROPOUT: 0.0
  CUTOFF_COEFF: 8
  ENCODING: z
  GMLP_NORM: layer
  GRAPH_CONVERTER_ALGORITHM: fast
  IS_INTENSIVE: True
  LEARNABLE_RBF: True
  MAX_NUM_ELEMENTS: 94
  MLP_DROPOUT: 0.0
  MLP_FIRST: True
  MLP_HIDDEN_DIMS: (64, 64, 64)
  NON_LINEARITY: silu
  NUM_ANGULAR: 31
  NUM_RADIAL: 31
  N_CONV: 4
  READOUT_NORM: layer
  READ_OUT: ave
DATASET:
  PREDEFINED_SPLIT: False
  RATIO: 1.0
  SPLIT_GLOB: 
  TRAIN: data/fine_tune/train_data_25.json
  VAL: data/fine_tune/test_data.json
LEFTNET:
  ENCODING: none
  HIDDEN_CHANNELS: 128
  LAYER_FREEZE: none
  NUM_LAYERS: 4
  OTF_GRAPH: False
  REGRESS_FORCES: False
  USE_PBC: True
LOGGING:
  LOG_DIR: saved_models
  LOG_DIR_NAME: train_from_scratch/random_forest_25
MODEL:
  CIF_FOLDER: cif_file
  HYPERPARAMS:
    SEARCH: grid
    max_depth: [None, 10, 20]
    min_samples_leaf: [1, 2, 4]
    min_samples_split: [2, 4, 8]
    n_estimators: [200, 400, 800]
  INIT_FILE: cif_file/atom_init.json
  MAX_NBRS: 12
  NAME: random_forest
  PRETRAINED_MODEL_PATH: 
  RADIUS: 7.0
MODEL_COMMON:
  CUTOFF: 6.0
  NUM_RADIAL: 32
  OUTPUT_DIM: 1
OUTPUT:
  DIR: results
  LOOP_RESULTS: loop_50epochs.csv
  PREDICTIONS: predictions_reduced_ds2.csv
SOLVER:
  BATCH_SIZE: 64
  DISABLE_CUDA: False
  EPOCHS: 1
  LR: 0.01
  LR_MILESTONES: [100, 200]
  MOMENTUM: 0.9
  NUM_FOLDS: 10
  NUM_RUNS: 1
  OPTIM: SGD
  PRINT_FREQ: 10
  RANDOMIZE: False
  RESUME: 
  SEED: 42
  START_EPOCH: 0
  TASK: regression
  WEIGHT_DECAY: 0.0
  WORKERS: 0
Training random_forest model...
Results for fold 6:
  Validation MAE: 0.617321
  Validation MSE: 0.690767
  Validation MRE: 0.456747
  Validation R2:  0.384101
  Test MAE: 0.610410
  Test MSE: 0.637515
  Test MRE: 0.312063
  Test R2:  0.322749
  Best Hyperparameters: {'max_depth': None, 'min_samples_leaf': 2, 'min_samples_split': 2, 'n_estimators': 800}
6 best params: {'max_depth': None, 'min_samples_leaf': 2, 'min_samples_split': 2, 'n_estimators': 800}
Saved random_forest best params to saved_models/best_params_6.json
6 random_forest Validation Result- MAE: 0.6173213983075714, MSE: 0.6907673466704068, MRE: 0.45674749246596885, R²: 0.38410060718391315
6 random_forest Test Result- MAE: 0.6104101574419782, MSE: 0.6375146842262545, MRE: 0.31206334242647116, R²: 0.3227490479336902

Fold 7/10: 7
/home/haolin/.local/lib/python3.10/site-packages/pymatgen/io/cif.py:1287: UserWarning: Issues encountered while parsing CIF: 16 fractional coordinates rounded to ideal values to avoid issues with finite precision.
  warnings.warn("Issues encountered while parsing CIF: " + "\n".join(self.warnings))
/home/haolin/.local/lib/python3.10/site-packages/pymatgen/io/cif.py:1287: UserWarning: Issues encountered while parsing CIF: 6 fractional coordinates rounded to ideal values to avoid issues with finite precision.
  warnings.warn("Issues encountered while parsing CIF: " + "\n".join(self.warnings))
/home/haolin/.local/lib/python3.10/site-packages/pymatgen/io/cif.py:1287: UserWarning: Issues encountered while parsing CIF: 4 fractional coordinates rounded to ideal values to avoid issues with finite precision.
  warnings.warn("Issues encountered while parsing CIF: " + "\n".join(self.warnings))
/home/haolin/.local/lib/python3.10/site-packages/pymatgen/io/cif.py:1287: UserWarning: Issues encountered while parsing CIF: 12 fractional coordinates rounded to ideal values to avoid issues with finite precision.
  warnings.warn("Issues encountered while parsing CIF: " + "\n".join(self.warnings))
/home/haolin/.local/lib/python3.10/site-packages/pymatgen/io/cif.py:1287: UserWarning: Issues encountered while parsing CIF: 28 fractional coordinates rounded to ideal values to avoid issues with finite precision.
  warnings.warn("Issues encountered while parsing CIF: " + "\n".join(self.warnings))
/home/haolin/.local/lib/python3.10/site-packages/pymatgen/io/cif.py:1287: UserWarning: Issues encountered while parsing CIF: 8 fractional coordinates rounded to ideal values to avoid issues with finite precision.
  warnings.warn("Issues encountered while parsing CIF: " + "\n".join(self.warnings))
/home/haolin/.local/lib/python3.10/site-packages/pymatgen/io/cif.py:1287: UserWarning: Issues encountered while parsing CIF: 20 fractional coordinates rounded to ideal values to avoid issues with finite precision.
  warnings.warn("Issues encountered while parsing CIF: " + "\n".join(self.warnings))
/home/haolin/.local/lib/python3.10/site-packages/pymatgen/io/cif.py:1287: UserWarning: Issues encountered while parsing CIF: 1 fractional coordinates rounded to ideal values to avoid issues with finite precision.
  warnings.warn("Issues encountered while parsing CIF: " + "\n".join(self.warnings))
/home/haolin/.local/lib/python3.10/site-packages/pymatgen/io/cif.py:1287: UserWarning: Issues encountered while parsing CIF: 2 fractional coordinates rounded to ideal values to avoid issues with finite precision.
  warnings.warn("Issues encountered while parsing CIF: " + "\n".join(self.warnings))
/home/haolin/.local/lib/python3.10/site-packages/pymatgen/io/cif.py:1287: UserWarning: Issues encountered while parsing CIF: 14 fractional coordinates rounded to ideal values to avoid issues with finite precision.
  warnings.warn("Issues encountered while parsing CIF: " + "\n".join(self.warnings))
/home/haolin/.local/lib/python3.10/site-packages/pymatgen/io/cif.py:1287: UserWarning: Issues encountered while parsing CIF: 7 fractional coordinates rounded to ideal values to avoid issues with finite precision.
  warnings.warn("Issues encountered while parsing CIF: " + "\n".join(self.warnings))
/home/haolin/.local/lib/python3.10/site-packages/pymatgen/io/cif.py:1287: UserWarning: Issues encountered while parsing CIF: 24 fractional coordinates rounded to ideal values to avoid issues with finite precision.
  warnings.warn("Issues encountered while parsing CIF: " + "\n".join(self.warnings))
/home/haolin/.local/lib/python3.10/site-packages/pymatgen/io/cif.py:1287: UserWarning: Issues encountered while parsing CIF: 20 fractional coordinates rounded to ideal values to avoid issues with finite precision.
  warnings.warn("Issues encountered while parsing CIF: " + "\n".join(self.warnings))
/home/haolin/.local/lib/python3.10/site-packages/pymatgen/io/cif.py:1287: UserWarning: Issues encountered while parsing CIF: 12 fractional coordinates rounded to ideal values to avoid issues with finite precision.
  warnings.warn("Issues encountered while parsing CIF: " + "\n".join(self.warnings))
/home/haolin/.local/lib/python3.10/site-packages/pymatgen/io/cif.py:1287: UserWarning: Issues encountered while parsing CIF: 4 fractional coordinates rounded to ideal values to avoid issues with finite precision.
  warnings.warn("Issues encountered while parsing CIF: " + "\n".join(self.warnings))
/home/haolin/.local/lib/python3.10/site-packages/pymatgen/io/cif.py:1287: UserWarning: Issues encountered while parsing CIF: 8 fractional coordinates rounded to ideal values to avoid issues with finite precision.
  warnings.warn("Issues encountered while parsing CIF: " + "\n".join(self.warnings))
/home/haolin/.local/lib/python3.10/site-packages/pymatgen/io/cif.py:1287: UserWarning: Issues encountered while parsing CIF: 1 fractional coordinates rounded to ideal values to avoid issues with finite precision.
  warnings.warn("Issues encountered while parsing CIF: " + "\n".join(self.warnings))
/home/haolin/.local/lib/python3.10/site-packages/pymatgen/io/cif.py:1287: UserWarning: Issues encountered while parsing CIF: 76 fractional coordinates rounded to ideal values to avoid issues with finite precision.
  warnings.warn("Issues encountered while parsing CIF: " + "\n".join(self.warnings))
/home/haolin/.local/lib/python3.10/site-packages/pymatgen/io/cif.py:1287: UserWarning: Issues encountered while parsing CIF: 16 fractional coordinates rounded to ideal values to avoid issues with finite precision.
  warnings.warn("Issues encountered while parsing CIF: " + "\n".join(self.warnings))
/home/haolin/.local/lib/python3.10/site-packages/pymatgen/io/cif.py:1287: UserWarning: Issues encountered while parsing CIF: 2 fractional coordinates rounded to ideal values to avoid issues with finite precision.
  warnings.warn("Issues encountered while parsing CIF: " + "\n".join(self.warnings))
/home/haolin/.local/lib/python3.10/site-packages/pymatgen/io/cif.py:1287: UserWarning: Issues encountered while parsing CIF: 12 fractional coordinates rounded to ideal values to avoid issues with finite precision.
  warnings.warn("Issues encountered while parsing CIF: " + "\n".join(self.warnings))
/home/haolin/.local/lib/python3.10/site-packages/pymatgen/io/cif.py:1287: UserWarning: Issues encountered while parsing CIF: 16 fractional coordinates rounded to ideal values to avoid issues with finite precision.
  warnings.warn("Issues encountered while parsing CIF: " + "\n".join(self.warnings))
/home/haolin/.local/lib/python3.10/site-packages/pymatgen/io/cif.py:1287: UserWarning: Issues encountered while parsing CIF: 8 fractional coordinates rounded to ideal values to avoid issues with finite precision.
  warnings.warn("Issues encountered while parsing CIF: " + "\n".join(self.warnings))
/home/haolin/.local/lib/python3.10/site-packages/pymatgen/io/cif.py:1287: UserWarning: Issues encountered while parsing CIF: 2 fractional coordinates rounded to ideal values to avoid issues with finite precision.
  warnings.warn("Issues encountered while parsing CIF: " + "\n".join(self.warnings))
/home/haolin/.local/lib/python3.10/site-packages/pymatgen/io/cif.py:1287: UserWarning: Issues encountered while parsing CIF: 4 fractional coordinates rounded to ideal values to avoid issues with finite precision.
  warnings.warn("Issues encountered while parsing CIF: " + "\n".join(self.warnings))
/home/haolin/.local/lib/python3.10/site-packages/pymatgen/io/cif.py:1287: UserWarning: Issues encountered while parsing CIF: 6 fractional coordinates rounded to ideal values to avoid issues with finite precision.
  warnings.warn("Issues encountered while parsing CIF: " + "\n".join(self.warnings))
/home/haolin/.local/lib/python3.10/site-packages/pymatgen/io/cif.py:1287: UserWarning: Issues encountered while parsing CIF: 20 fractional coordinates rounded to ideal values to avoid issues with finite precision.
  warnings.warn("Issues encountered while parsing CIF: " + "\n".join(self.warnings))
/home/haolin/.local/lib/python3.10/site-packages/pymatgen/io/cif.py:1287: UserWarning: Issues encountered while parsing CIF: 1 fractional coordinates rounded to ideal values to avoid issues with finite precision.
  warnings.warn("Issues encountered while parsing CIF: " + "\n".join(self.warnings))
/home/haolin/.local/lib/python3.10/site-packages/pymatgen/io/cif.py:1287: UserWarning: Issues encountered while parsing CIF: 14 fractional coordinates rounded to ideal values to avoid issues with finite precision.
  warnings.warn("Issues encountered while parsing CIF: " + "\n".join(self.warnings))
/home/haolin/.local/lib/python3.10/site-packages/pymatgen/io/cif.py:1287: UserWarning: Issues encountered while parsing CIF: 28 fractional coordinates rounded to ideal values to avoid issues with finite precision.
  warnings.warn("Issues encountered while parsing CIF: " + "\n".join(self.warnings))
/home/haolin/.local/lib/python3.10/site-packages/pymatgen/io/cif.py:1287: UserWarning: Issues encountered while parsing CIF: 7 fractional coordinates rounded to ideal values to avoid issues with finite precision.
  warnings.warn("Issues encountered while parsing CIF: " + "\n".join(self.warnings))
/home/haolin/.local/lib/python3.10/site-packages/pymatgen/io/cif.py:1287: UserWarning: Issues encountered while parsing CIF: 24 fractional coordinates rounded to ideal values to avoid issues with finite precision.
  warnings.warn("Issues encountered while parsing CIF: " + "\n".join(self.warnings))
th finite precision.
  struct = parser.parse_structures(primitive=primitive)[0]
/home/haolin/miniconda3/envs/pykale/lib/python3.11/site-packages/pymatgen/core/structure.py:3109: UserWarning: Issues encountered while parsing CIF: 6 fractional coordinates rounded to ideal values to avoid issues with finite precision.
  struct = parser.parse_structures(primitive=primitive)[0]
/home/haolin/miniconda3/envs/pykale/lib/python3.11/site-packages/pymatgen/core/structure.py:3109: UserWarning: Issues encountered while parsing CIF: 20 fractional coordinates rounded to ideal values to avoid issues with finite precision.
  struct = parser.parse_structures(primitive=primitive)[0]
/home/haolin/miniconda3/envs/pykale/lib/python3.11/site-packages/pymatgen/core/structure.py:3109: UserWarning: Issues encountered while parsing CIF: 1 fractional coordinates rounded to ideal values to avoid issues with finite precision.
  struct = parser.parse_structures(primitive=primitive)[0]
/home/haolin/miniconda3/envs/pykale/lib/python3.11/site-packages/pymatgen/core/structure.py:3109: UserWarning: Issues encountered while parsing CIF: 14 fractional coordinates rounded to ideal values to avoid issues with finite precision.
  struct = parser.parse_structures(primitive=primitive)[0]
/home/haolin/miniconda3/envs/pykale/lib/python3.11/site-packages/pymatgen/core/structure.py:3109: UserWarning: Issues encountered while parsing CIF: 28 fractional coordinates rounded to ideal values to avoid issues with finite precision.
  struct = parser.parse_structures(primitive=primitive)[0]
/home/haolin/miniconda3/envs/pykale/lib/python3.11/site-packages/pymatgen/core/structure.py:3109: UserWarning: Issues encountered while parsing CIF: 7 fractional coordinates rounded to ideal values to avoid issues with finite precision.
  struct = parser.parse_structures(primitive=primitive)[0]
/home/haolin/miniconda3/envs/pykale/lib/python3.11/site-packages/pymatgen/core/structure.py:3109: UserWarning: Issues encountered while parsing CIF: 24 fractional coordinates rounded to ideal values to avoid issues with finite precision.
  struct = parser.parse_structures(primitive=primitive)[0]
/home/haolin/miniconda3/envs/pykale/lib/python3.11/site-packages/pymatgen/core/structure.py:3109: UserWarning: Issues encountered while parsing CIF: 20 fractional coordinates rounded to ideal values to avoid issues with finite precision.
  struct = parser.parse_structures(primitive=primitive)[0]
/home/haolin/miniconda3/envs/pykale/lib/python3.11/site-packages/pymatgen/core/structure.py:3109: UserWarning: Issues encountered while parsing CIF: 12 fractional coordinates rounded to ideal values to avoid issues with finite precision.
  struct = parser.parse_structures(primitive=primitive)[0]
/home/haolin/miniconda3/envs/pykale/lib/python3.11/site-packages/pymatgen/core/structure.py:3109: UserWarning: Issues encountered while parsing CIF: 4 fractional coordinates rounded to ideal values to avoid issues with finite precision.
  struct = parser.parse_structures(primitive=primitive)[0]
/home/haolin/miniconda3/envs/pykale/lib/python3.11/site-packages/pymatgen/core/structure.py:3109: UserWarning: Issues encountered while parsing CIF: 8 fractional coordinates rounded to ideal values to avoid issues with finite precision.
  struct = parser.parse_structures(primitive=primitive)[0]
/home/haolin/miniconda3/envs/pykale/lib/python3.11/site-packages/pymatgen/core/structure.py:3109: UserWarning: Issues encountered while parsing CIF: 1 fractional coordinates rounded to ideal values to avoid issues with finite precision.
  struct = parser.parse_structures(primitive=primitive)[0]
/home/haolin/miniconda3/envs/pykale/lib/python3.11/site-packages/pymatgen/core/structure.py:3109: UserWarning: Issues encountered while parsing CIF: 76 fractional coordinates rounded to ideal values to avoid issues with finite precision.
  struct = parser.parse_structures(primitive=primitive)[0]
/home/haolin/miniconda3/envs/pykale/lib/python3.11/site-packages/pymatgen/core/structure.py:3109: UserWarning: Issues encountered while parsing CIF: 16 fractional coordinates rounded to ideal values to avoid issues with finite precision.
  struct = parser.parse_structures(primitive=primitive)[0]
/home/haolin/miniconda3/envs/pykale/lib/python3.11/site-packages/pymatgen/core/structure.py:3109: UserWarning: Issues encountered while parsing CIF: 2 fractional coordinates rounded to ideal values to avoid issues with finite precision.
  struct = parser.parse_structures(primitive=primitive)[0]
/home/haolin/miniconda3/envs/pykale/lib/python3.11/site-packages/pymatgen/core/structure.py:3109: UserWarning: Issues encountered while parsing CIF: 16 fractional coordinates rounded to ideal values to avoid issues with finite precision.
  struct = parser.parse_structures(primitive=primitive)[0]
/home/haolin/miniconda3/envs/pykale/lib/python3.11/site-packages/pymatgen/core/structure.py:3109: UserWarning: Issues encountered while parsing CIF: 4 fractional coordinates rounded to ideal values to avoid issues with finite precision.
  struct = parser.parse_structures(primitive=primitive)[0]
/home/haolin/miniconda3/envs/pykale/lib/python3.11/site-packages/pymatgen/core/structure.py:3109: UserWarning: Issues encountered while parsing CIF: 2 fractional coordinates rounded to ideal values to avoid issues with finite precision.
  struct = parser.parse_structures(primitive=primitive)[0]
/home/haolin/miniconda3/envs/pykale/lib/python3.11/site-packages/pymatgen/core/structure.py:3109: UserWarning: Issues encountered while parsing CIF: 1 fractional coordinates rounded to ideal values to avoid issues with finite precision.
  struct = parser.parse_structures(primitive=primitive)[0]
/home/haolin/miniconda3/envs/pykale/lib/python3.11/site-packages/pymatgen/core/structure.py:3109: UserWarning: Issues encountered while parsing CIF: 8 fractional coordinates rounded to ideal values to avoid issues with finite precision.
  struct = parser.parse_structures(primitive=primitive)[0]
/home/haolin/miniconda3/envs/pykale/lib/python3.11/site-packages/pymatgen/core/structure.py:3109: UserWarning: Issues encountered while parsing CIF: 20 fractional coordinates rounded to ideal values to avoid issues with finite precision.
  struct = parser.parse_structures(primitive=primitive)[0]
/home/haolin/miniconda3/envs/pykale/lib/python3.11/site-packages/pymatgen/core/structure.py:3109: UserWarning: Issues encountered while parsing CIF: 12 fractional coordinates rounded to ideal values to avoid issues with finite precision.
  struct = parser.parse_structures(primitive=primitive)[0]
/home/haolin/miniconda3/envs/pykale/lib/python3.11/site-packages/pymatgen/core/structure.py:3109: UserWarning: Issues encountered while parsing CIF: 7 fractional coordinates rounded to ideal values to avoid issues with finite precision.
  struct = parser.parse_structures(primitive=primitive)[0]
/home/haolin/miniconda3/envs/pykale/lib/python3.11/site-packages/pymatgen/core/structure.py:3109: UserWarning: Issues encountered while parsing CIF: 14 fractional coordinates rounded to ideal values to avoid issues with finite precision.
  struct = parser.parse_structures(primitive=primitive)[0]
/home/haolin/miniconda3/envs/pykale/lib/python3.11/site-packages/pymatgen/core/structure.py:3109: UserWarning: Issues encountered while parsing CIF: 24 fractional coordinates rounded to ideal values to avoid issues with finite precision.
  struct = parser.parse_structures(primitive=primitive)[0]
/home/haolin/miniconda3/envs/pykale/lib/python3.11/site-packages/pymatgen/core/structure.py:3109: UserWarning: Issues encountered while parsing CIF: 6 fractional coordinates rounded to ideal values to avoid issues with finite precision.
  struct = parser.parse_structures(primitive=primitive)[0]
/home/haolin/miniconda3/envs/pykale/lib/python3.11/site-packages/pymatgen/core/structure.py:3109: UserWarning: Issues encountered while parsing CIF: 28 fractional coordinates rounded to ideal values to avoid issues with finite precision.
  struct = parser.parse_structures(primitive=primitive)[0]
/home/haolin/miniconda3/envs/pykale/lib/python3.11/site-packages/pymatgen/core/structure.py:3109: UserWarning: Issues encountered while parsing CIF: 20 fractional coordinates rounded to ideal values to avoid issues with finite precision.
  struct = parser.parse_structures(primitive=primitive)[0]
/home/haolin/miniconda3/envs/pykale/lib/python3.11/site-packages/pymatgen/core/structure.py:3109: UserWarning: Issues encountered while parsing CIF: 12 fractional coordinates rounded to ideal values to avoid issues with finite precision.
  struct = parser.parse_structures(primitive=primitive)[0]
/home/haolin/miniconda3/envs/pykale/lib/python3.11/site-packages/pymatgen/core/structure.py:3109: UserWarning: Issues encountered while parsing CIF: 4 fractional coordinates rounded to ideal values to avoid issues with finite precision.
  struct = parser.parse_structures(primitive=primitive)[0]
/home/haolin/miniconda3/envs/pykale/lib/python3.11/site-packages/pymatgen/core/structure.py:3109: UserWarning: Issues encountered while parsing CIF: 8 fractional coordinates rounded to ideal values to avoid issues with finite precision.
  struct = parser.parse_structures(primitive=primitive)[0]
/home/haolin/miniconda3/envs/pykale/lib/python3.11/site-packages/pymatgen/core/structure.py:3109: UserWarning: Issues encountered while parsing CIF: 1 fractional coordinates rounded to ideal values to avoid issues with finite precision.
  struct = parser.parse_structures(primitive=primitive)[0]
/home/haolin/miniconda3/envs/pykale/lib/python3.11/site-packages/pymatgen/core/structure.py:3109: UserWarning: Issues encountered while parsing CIF: 76 fractional coordinates rounded to ideal values to avoid issues with finite precision.
  struct = parser.parse_structures(primitive=primitive)[0]
/home/haolin/miniconda3/envs/pykale/lib/python3.11/site-packages/pymatgen/core/structure.py:3109: UserWarning: Issues encountered while parsing CIF: 16 fractional coordinates rounded to ideal values to avoid issues with finite precision.
  struct = parser.parse_structures(primitive=primitive)[0]
/home/haolin/miniconda3/envs/pykale/lib/python3.11/site-packages/pymatgen/core/structure.py:3109: UserWarning: Issues encountered while parsing CIF: 2 fractional coordinates rounded to ideal values to avoid issues with finite precision.
  struct = parser.parse_structures(primitive=primitive)[0]

Training random_forest model...
Results for fold 7:
  Validation MAE: 0.435388
  Validation MSE: 0.300761
  Validation MRE: 0.228136
  Validation R2:  0.555563
  Test MAE: 0.614192
  Test MSE: 0.646114
  Test MRE: 0.316375
  Test R2:  0.313613
  Best Hyperparameters: {'max_depth': None, 'min_samples_leaf': 1, 'min_samples_split': 4, 'n_estimators': 800}
7 best params: {'max_depth': None, 'min_samples_leaf': 1, 'min_samples_split': 4, 'n_estimators': 800}
Saved random_forest best params to saved_models/best_params_7.json
7 random_forest Validation Result- MAE: 0.4353878470308609, MSE: 0.30076107984830563, MRE: 0.22813580630404565, R²: 0.5555626820436659
7 random_forest Test Result- MAE: 0.6141920300149872, MSE: 0.6461144318119486, MRE: 0.31637461724829047, R²: 0.3136132783835188

Fold 8/10: 8
ALIGNN:
  ACTIVATION: silu
  ALIGNN_LAYERS: 4
  ATOM_EMBEDDING_SIZE: 256
  ATOM_FEA_LEN: 92
  BOND_FEAT_DIM: 80
  CUTOFF: 5.0
  DROPOUT: 0.0
  EMBEDDING_FEATURES: 64
  ENCODING: prop
  GCN_LAYERS: 4
  HIDDEN_DIM: 128
  LAYER_FREEZE: none
  LINK: identity
  MAX_NEIGHBORS: 1000
  MAX_NUM_ELEMENTS: 94
  NUM_GAUSSIANS: 80
  NUM_LAYERS: 4
  NUM_RBF: None
  RBF_TRAINABLE: False
  READOUT: mean
  REGRESS_FORCES: False
  TRIPLET_INPUT_FEATURES: 40
CARTNET:
  ATOM_TYPES: True
  DIM_IN: 256
  DIM_RBF: 64
  ENCODING: z
  INVARIANT: False
  NUM_LAYERS: 4
  TEMPERATURE: False
  USE_ENVELOPE: True
CGCNN:
  ATOM_FEA_LEN: 64
  FEATURE_FUSION: none
  H_FEA_LEN: 128
  LAYER_FREEZE: none
  NBR_FEA_LEN: 36
  NUM_REPEAT: 1
  N_CONV: 3
  N_H: 1
  ORIG_ATOM_FEA_LEN: 92
  POS_FEA_LEN: 3
CHGNET:
  ANGLE_FEA_DIM: 64
  ANGLE_LAYER_HIDDEN_DIM: 0
  ATOM_CONV_HIDDEN_DIM: 64
  ATOM_FEA_DIM: 64
  ATOM_GRAPH_CUTOFF: 6.0
  ATOM_INPUT_DIM: 92
  BOND_CONV_HIDDEN_DIM: 64
  BOND_FEA_DIM: 64
  BOND_GRAPH_CUTOFF: 3.0
  CONV_DROPOUT: 0.0
  CUTOFF_COEFF: 8
  ENCODING: z
  GMLP_NORM: layer
  GRAPH_CONVERTER_ALGORITHM: fast
  IS_INTENSIVE: True
  LEARNABLE_RBF: True
  MAX_NUM_ELEMENTS: 94
  MLP_DROPOUT: 0.0
  MLP_FIRST: True
  MLP_HIDDEN_DIMS: (64, 64, 64)
  NON_LINEARITY: silu
  NUM_ANGULAR: 31
  NUM_RADIAL: 31
  N_CONV: 4
  READOUT_NORM: layer
  READ_OUT: ave
DATASET:
  PREDEFINED_SPLIT: False
  RATIO: 1.0
  SPLIT_GLOB: 
  TRAIN: data/fine_tune/train_data_25.json
  VAL: data/fine_tune/test_data.json
LEFTNET:
  ENCODING: none
  HIDDEN_CHANNELS: 128
  LAYER_FREEZE: none
  NUM_LAYERS: 4
  OTF_GRAPH: False
  REGRESS_FORCES: False
  USE_PBC: True
LOGGING:
  LOG_DIR: saved_models
  LOG_DIR_NAME: train_from_scratch/random_forest_25
MODEL:
  CIF_FOLDER: cif_file
  HYPERPARAMS:
    SEARCH: grid
    max_depth: [None, 10, 20]
    min_samples_leaf: [1, 2, 4]
    min_samples_split: [2, 4, 8]
    n_estimators: [200, 400, 800]
  INIT_FILE: cif_file/atom_init.json
  MAX_NBRS: 12
  NAME: random_forest
  PRETRAINED_MODEL_PATH: 
  RADIUS: 7.0
MODEL_COMMON:
  CUTOFF: 6.0
  NUM_RADIAL: 32
  OUTPUT_DIM: 1
OUTPUT:
  DIR: results
  LOOP_RESULTS: loop_50epochs.csv
  PREDICTIONS: predictions_reduced_ds2.csv
SOLVER:
  BATCH_SIZE: 64
  DISABLE_CUDA: False
  EPOCHS: 1
  LR: 0.01
  LR_MILESTONES: [100, 200]
  MOMENTUM: 0.9
  NUM_FOLDS: 10
  NUM_RUNS: 1
  OPTIM: SGD
  PRINT_FREQ: 10
  RANDOMIZE: False
  RESUME: 
  SEED: 42
  START_EPOCH: 0
  TASK: regression
  WEIGHT_DECAY: 0.0
  WORKERS: 0
Training random_forest model...
Results for fold 8:
  Validation MAE: 0.837190
  Validation MSE: 1.233888
  Validation MRE: 0.501031
  Validation R2:  0.238893
  Test MAE: 0.605642
  Test MSE: 0.629061
  Test MRE: 0.311203
  Test R2:  0.331730
  Best Hyperparameters: {'max_depth': None, 'min_samples_leaf': 1, 'min_samples_split': 2, 'n_estimators': 400}
8 best params: {'max_depth': None, 'min_samples_leaf': 1, 'min_samples_split': 2, 'n_estimators': 400}
Saved random_forest best params to saved_models/best_params_8.json
8 random_forest Validation Result- MAE: 0.8371903809630556, MSE: 1.2338884038430336, MRE: 0.5010312084205328, R²: 0.23889296246195957
8 random_forest Test Result- MAE: 0.6056417170733388, MSE: 0.6290608568000738, MRE: 0.3112034341729255, R²: 0.33172980212593894

Fold 9/10: 9
ALIGNN:
  ACTIVATION: silu
  ALIGNN_LAYERS: 4
  ATOM_EMBEDDING_SIZE: 256
  ATOM_FEA_LEN: 92
  BOND_FEAT_DIM: 80
  CUTOFF: 5.0
  DROPOUT: 0.0
  EMBEDDING_FEATURES: 64
  ENCODING: prop
  GCN_LAYERS: 4
  HIDDEN_DIM: 128
  LAYER_FREEZE: none
  LINK: identity
  MAX_NEIGHBORS: 1000
  MAX_NUM_ELEMENTS: 94
  NUM_GAUSSIANS: 80
  NUM_LAYERS: 4
  NUM_RBF: None
  RBF_TRAINABLE: False
  READOUT: mean
  REGRESS_FORCES: False
  TRIPLET_INPUT_FEATURES: 40
CARTNET:
  ATOM_TYPES: True
  DIM_IN: 256
  DIM_RBF: 64
  ENCODING: z
  INVARIANT: False
  NUM_LAYERS: 4
  TEMPERATURE: False
  USE_ENVELOPE: True
CGCNN:
  ATOM_FEA_LEN: 64
  FEATURE_FUSION: none
  H_FEA_LEN: 128
  LAYER_FREEZE: none
  NBR_FEA_LEN: 36
  NUM_REPEAT: 1
  N_CONV: 3
  N_H: 1
  ORIG_ATOM_FEA_LEN: 92
  POS_FEA_LEN: 3
CHGNET:
  ANGLE_FEA_DIM: 64
  ANGLE_LAYER_HIDDEN_DIM: 0
  ATOM_CONV_HIDDEN_DIM: 64
  ATOM_FEA_DIM: 64
  ATOM_GRAPH_CUTOFF: 6.0
  ATOM_INPUT_DIM: 92
  BOND_CONV_HIDDEN_DIM: 64
  BOND_FEA_DIM: 64
  BOND_GRAPH_CUTOFF: 3.0
  CONV_DROPOUT: 0.0
  CUTOFF_COEFF: 8
  ENCODING: z
  GMLP_NORM: layer
  GRAPH_CONVERTER_ALGORITHM: fast
  IS_INTENSIVE: True
  LEARNABLE_RBF: True
  MAX_NUM_ELEMENTS: 94
  MLP_DROPOUT: 0.0
  MLP_FIRST: True
  MLP_HIDDEN_DIMS: (64, 64, 64)
  NON_LINEARITY: silu
  NUM_ANGULAR: 31
  NUM_RADIAL: 31
  N_CONV: 4
  READOUT_NORM: layer
  READ_OUT: ave
DATASET:
  PREDEFINED_SPLIT: False
  RATIO: 1.0
  SPLIT_GLOB: 
  TRAIN: data/fine_tune/train_data_25.json
  VAL: data/fine_tune/test_data.json
LEFTNET:
  ENCODING: none
  HIDDEN_CHANNELS: 128
  LAYER_FREEZE: none
  NUM_LAYERS: 4
  OTF_GRAPH: False
  REGRESS_FORCES: False
  USE_PBC: True
LOGGING:
  LOG_DIR: saved_models
  LOG_DIR_NAME: train_from_scratch/random_forest_25
MODEL:
  CIF_FOLDER: cif_file
  HYPERPARAMS:
    SEARCH: grid
    max_depth: [None, 10, 20]
    min_samples_leaf: [1, 2, 4]
    min_samples_split: [2, 4, 8]
    n_estimators: [200, 400, 800]
  INIT_FILE: cif_file/atom_init.json
  MAX_NBRS: 12
  NAME: random_forest
  PRETRAINED_MODEL_PATH: 
  RADIUS: 7.0
MODEL_COMMON:
  CUTOFF: 6.0
  NUM_RADIAL: 32
  OUTPUT_DIM: 1
OUTPUT:
  DIR: results
  LOOP_RESULTS: loop_50epochs.csv
  PREDICTIONS: predictions_reduced_ds2.csv
SOLVER:
  BATCH_SIZE: 64
  DISABLE_CUDA: False
  EPOCHS: 1
  LR: 0.01
  LR_MILESTONES: [100, 200]
  MOMENTUM: 0.9
  NUM_FOLDS: 10
  NUM_RUNS: 1
  OPTIM: SGD
  PRINT_FREQ: 10
  RANDOMIZE: False
  RESUME: 
  SEED: 42
  START_EPOCH: 0
  TASK: regression
  WEIGHT_DECAY: 0.0
  WORKERS: 0
Training random_forest model...
Results for fold 9:
  Validation MAE: 0.684019
  Validation MSE: 0.799584
  Validation MRE: 0.466889
  Validation R2:  0.398008
  Test MAE: 0.631642
  Test MSE: 0.682337
  Test MRE: 0.319818
  Test R2:  0.275133
  Best Hyperparameters: {'max_depth': 20, 'min_samples_leaf': 1, 'min_samples_split': 2, 'n_estimators': 400}
9 best params: {'max_depth': 20, 'min_samples_leaf': 1, 'min_samples_split': 2, 'n_estimators': 400}
Saved random_forest best params to saved_models/best_params_9.json
9 random_forest Validation Result- MAE: 0.6840193566480712, MSE: 0.7995840527087418, MRE: 0.4668886396370062, R²: 0.3980082777497127
9 random_forest Test Result- MAE: 0.6316416135506141, MSE: 0.6823366780044616, MRE: 0.31981751477890596, R²: 0.2751333008601252

Fold 10/10: 10
ALIGNN:
  ACTIVATION: silu
  ALIGNN_LAYERS: 4
  ATOM_EMBEDDING_SIZE: 256
  ATOM_FEA_LEN: 92
  BOND_FEAT_DIM: 80
  CUTOFF: 5.0
  DROPOUT: 0.0
  EMBEDDING_FEATURES: 64
  ENCODING: prop
  GCN_LAYERS: 4
  HIDDEN_DIM: 128
  LAYER_FREEZE: none
  LINK: identity
  MAX_NEIGHBORS: 1000
  MAX_NUM_ELEMENTS: 94
  NUM_GAUSSIANS: 80
  NUM_LAYERS: 4
  NUM_RBF: None
  RBF_TRAINABLE: False
  READOUT: mean
  REGRESS_FORCES: False
  TRIPLET_INPUT_FEATURES: 40
CARTNET:
  ATOM_TYPES: True
  DIM_IN: 256
  DIM_RBF: 64
  ENCODING: z
  INVARIANT: False
  NUM_LAYERS: 4
  TEMPERATURE: False
  USE_ENVELOPE: True
CGCNN:
  ATOM_FEA_LEN: 64
  FEATURE_FUSION: none
  H_FEA_LEN: 128
  LAYER_FREEZE: none
  NBR_FEA_LEN: 36
  NUM_REPEAT: 1
  N_CONV: 3
  N_H: 1
  ORIG_ATOM_FEA_LEN: 92
  POS_FEA_LEN: 3
CHGNET:
  ANGLE_FEA_DIM: 64
  ANGLE_LAYER_HIDDEN_DIM: 0
  ATOM_CONV_HIDDEN_DIM: 64
  ATOM_FEA_DIM: 64
  ATOM_GRAPH_CUTOFF: 6.0
  ATOM_INPUT_DIM: 92
  BOND_CONV_HIDDEN_DIM: 64
  BOND_FEA_DIM: 64
  BOND_GRAPH_CUTOFF: 3.0
  CONV_DROPOUT: 0.0
  CUTOFF_COEFF: 8
  ENCODING: z
  GMLP_NORM: layer
  GRAPH_CONVERTER_ALGORITHM: fast
  IS_INTENSIVE: True
  LEARNABLE_RBF: True
  MAX_NUM_ELEMENTS: 94
  MLP_DROPOUT: 0.0
  MLP_FIRST: True
  MLP_HIDDEN_DIMS: (64, 64, 64)
  NON_LINEARITY: silu
  NUM_ANGULAR: 31
  NUM_RADIAL: 31
  N_CONV: 4
  READOUT_NORM: layer
  READ_OUT: ave
DATASET:
  PREDEFINED_SPLIT: False
  RATIO: 1.0
  SPLIT_GLOB: 
  TRAIN: data/fine_tune/train_data_25.json
  VAL: data/fine_tune/test_data.json
LEFTNET:
  ENCODING: none
  HIDDEN_CHANNELS: 128
  LAYER_FREEZE: none
  NUM_LAYERS: 4
  OTF_GRAPH: False
  REGRESS_FORCES: False
  USE_PBC: True
LOGGING:
  LOG_DIR: saved_models
  LOG_DIR_NAME: train_from_scratch/random_forest_25
MODEL:
  CIF_FOLDER: cif_file
  HYPERPARAMS:
    SEARCH: grid
    max_depth: [None, 10, 20]
    min_samples_leaf: [1, 2, 4]
    min_samples_split: [2, 4, 8]
    n_estimators: [200, 400, 800]
  INIT_FILE: cif_file/atom_init.json
  MAX_NBRS: 12
  NAME: random_forest
  PRETRAINED_MODEL_PATH: 
  RADIUS: 7.0
MODEL_COMMON:
  CUTOFF: 6.0
  NUM_RADIAL: 32
  OUTPUT_DIM: 1
OUTPUT:
  DIR: results
  LOOP_RESULTS: loop_50epochs.csv
  PREDICTIONS: predictions_reduced_ds2.csv
SOLVER:
  BATCH_SIZE: 64
  DISABLE_CUDA: False
  EPOCHS: 1
  LR: 0.01
  LR_MILESTONES: [100, 200]
  MOMENTUM: 0.9
  NUM_FOLDS: 10
  NUM_RUNS: 1
  OPTIM: SGD
  PRINT_FREQ: 10
  RANDOMIZE: False
  RESUME: 
  SEED: 42
  START_EPOCH: 0
  TASK: regression
  WEIGHT_DECAY: 0.0
  WORKERS: 0/home/haolin/miniconda3/envs/pykale/lib/python3.11/site-packages/pymatgen/core/structure.py:3109: UserWarning: Issues encountered while parsing CIF: 20 fractional coordinates rounded to ideal values to avoid issues with finite precision.
  struct = parser.parse_structures(primitive=primitive)[0]
/home/haolin/miniconda3/envs/pykale/lib/python3.11/site-packages/pymatgen/core/structure.py:3109: UserWarning: Issues encountered while parsing CIF: 8 fractional coordinates rounded to ideal values to avoid issues with finite precision.
  struct = parser.parse_structures(primitive=primitive)[0]
/home/haolin/miniconda3/envs/pykale/lib/python3.11/site-packages/pymatgen/core/structure.py:3109: UserWarning: Issues encountered while parsing CIF: 12 fractional coordinates rounded to ideal values to avoid issues with finite precision.
  struct = parser.parse_structures(primitive=primitive)[0]
/home/haolin/miniconda3/envs/pykale/lib/python3.11/site-packages/pymatgen/core/structure.py:3109: UserWarning: Issues encountered while parsing CIF: 4 fractional coordinates rounded to ideal values to avoid issues with finite precision.
  struct = parser.parse_structures(primitive=primitive)[0]
/home/haolin/miniconda3/envs/pykale/lib/python3.11/site-packages/pymatgen/core/structure.py:3109: UserWarning: Issues encountered while parsing CIF: 6 fractional coordinates rounded to ideal values to avoid issues with finite precision.
  struct = parser.parse_structures(primitive=primitive)[0]
/home/haolin/miniconda3/envs/pykale/lib/python3.11/site-packages/pymatgen/core/structure.py:3109: UserWarning: Issues encountered while parsing CIF: 16 fractional coordinates rounded to ideal values to avoid issues with finite precision.
  struct = parser.parse_structures(primitive=primitive)[0]
/home/haolin/miniconda3/envs/pykale/lib/python3.11/site-packages/pymatgen/core/structure.py:3109: UserWarning: Issues encountered while parsing CIF: 1 fractional coordinates rounded to ideal values to avoid issues with finite precision.
  struct = parser.parse_structures(primitive=primitive)[0]
/home/haolin/miniconda3/envs/pykale/lib/python3.11/site-packages/pymatgen/core/structure.py:3109: UserWarning: Issues encountered while parsing CIF: 2 fractional coordinates rounded to ideal values to avoid issues with finite precision.
  struct = parser.parse_structures(primitive=primitive)[0]
/home/haolin/miniconda3/envs/pykale/lib/python3.11/site-packages/pymatgen/core/structure.py:3109: UserWarning: Issues encountered while parsing CIF: 14 fractional coordinates rounded to ideal values to avoid issues with finite precision.
  struct = parser.parse_structures(primitive=primitive)[0]
/home/haolin/miniconda3/envs/pykale/lib/python3.11/site-packages/pymatgen/core/structure.py:3109: UserWarning: Issues encountered while parsing CIF: 28 fractional coordinates rounded to ideal values to avoid issues with finite precision.
  struct = parser.parse_structures(primitive=primitive)[0]
/home/haolin/miniconda3/envs/pykale/lib/python3.11/site-packages/pymatgen/core/structure.py:3109: UserWarning: Issues encountered while parsing CIF: 7 fractional coordinates rounded to ideal values to avoid issues with finite precision.
  struct = parser.parse_structures(primitive=primitive)[0]
/home/haolin/miniconda3/envs/pykale/lib/python3.11/site-packages/pymatgen/core/structure.py:3109: UserWarning: Issues encountered while parsing CIF: 24 fractional coordinates rounded to ideal values to avoid issues with finite precision.
  struct = parser.parse_structures(primitive=primitive)[0]
/home/haolin/miniconda3/envs/pykale/lib/python3.11/site-packages/pymatgen/core/structure.py:3109: UserWarning: Issues encountered while parsing CIF: 20 fractional coordinates rounded to ideal values to avoid issues with finite precision.
  struct = parser.parse_structures(primitive=primitive)[0]
/home/haolin/miniconda3/envs/pykale/lib/python3.11/site-packages/pymatgen/core/structure.py:3109: UserWarning: Issues encountered while parsing CIF: 12 fractional coordinates rounded to ideal values to avoid issues with finite precision.
  struct = parser.parse_structures(primitive=primitive)[0]
/home/haolin/miniconda3/envs/pykale/lib/python3.11/site-packages/pymatgen/core/structure.py:3109: UserWarning: Issues encountered while parsing CIF: 4 fractional coordinates rounded to ideal values to avoid issues with finite precision.
  struct = parser.parse_structures(primitive=primitive)[0]
/home/haolin/miniconda3/envs/pykale/lib/python3.11/site-packages/pymatgen/core/structure.py:3109: UserWarning: Issues encountered while parsing CIF: 8 fractional coordinates rounded to ideal values to avoid issues with finite precision.
  struct = parser.parse_structures(primitive=primitive)[0]
/home/haolin/miniconda3/envs/pykale/lib/python3.11/site-packages/pymatgen/core/structure.py:3109: UserWarning: Issues encountered while parsing CIF: 1 fractional coordinates rounded to ideal values to avoid issues with finite precision.
  struct = parser.parse_structures(primitive=primitive)[0]
/home/haolin/miniconda3/envs/pykale/lib/python3.11/site-packages/pymatgen/core/structure.py:3109: UserWarning: Issues encountered while parsing CIF: 76 fractional coordinates rounded to ideal values to avoid issues with finite precision.
  struct = parser.parse_structures(primitive=primitive)[0]
/home/haolin/miniconda3/envs/pykale/lib/python3.11/site-packages/pymatgen/core/structure.py:3109: UserWarning: Issues encountered while parsing CIF: 16 fractional coordinates rounded to ideal values to avoid issues with finite precision.
  struct = parser.parse_structures(primitive=primitive)[0]
/home/haolin/miniconda3/envs/pykale/lib/python3.11/site-packages/pymatgen/core/structure.py:3109: UserWarning: Issues encountered while parsing CIF: 2 fractional coordinates rounded to ideal values to avoid issues with finite precision.
  struct = parser.parse_structures(primitive=primitive)[0]

Training random_forest model...
Results for fold 10:
  Validation MAE: 0.586399
  Validation MSE: 0.662119
  Validation MRE: 0.410179
  Validation R2:  0.325875
  Test MAE: 0.596543
  Test MSE: 0.635214
  Test MRE: 0.304290
  Test R2:  0.325193
  Best Hyperparameters: {'max_depth': 20, 'min_samples_leaf': 1, 'min_samples_split': 2, 'n_estimators': 200}
10 best params: {'max_depth': 20, 'min_samples_leaf': 1, 'min_samples_split': 2, 'n_estimators': 200}
Saved random_forest best params to saved_models/best_params_10.json
10 random_forest Validation Result- MAE: 0.5863990569149761, MSE: 0.6621194262630598, MRE: 0.41017897537738407, R²: 0.3258745457776897
10 random_forest Test Result- MAE: 0.5965430540858095, MSE: 0.6352138898474954, MRE: 0.30428986618183, R²: 0.3251932507451354
