/home/haolin/miniconda3/envs/pykale/lib/python3.11/site-packages/pymatgen/core/structure.py:3109: UserWarning: Issues encountered while parsing CIF: 12 fractional coordinates rounded to ideal values to avoid issues with finite precision.
  struct = parser.parse_structures(primitive=primitive)[0]
/home/haolin/miniconda3/envs/pykale/lib/python3.11/site-packages/pymatgen/core/structure.py:3109: UserWarning: Issues encountered while parsing CIF: 6 fractional coordinates rounded to ideal values to avoid issues with finite precision.
  struct = parser.parse_structures(primitive=primitive)[0]
/home/haolin/miniconda3/envs/pykale/lib/python3.11/site-packages/pymatgen/core/structure.py:3109: UserWarning: Issues encountered while parsing CIF: 20 fractional coordinates rounded to ideal values to avoid issues with finite precision.
  struct = parser.parse_structures(primitive=primitive)[0]
/home/haolin/miniconda3/envs/pykale/lib/python3.11/site-packages/pymatgen/core/structure.py:3109: UserWarning: Issues encountered while parsing CIF: 1 fractional coordinates rounded to ideal values to avoid issues with finite precision.
  struct = parser.parse_structures(primitive=primitive)[0]
/home/haolin/miniconda3/envs/pykale/lib/python3.11/site-packages/pymatgen/core/structure.py:3109: UserWarning: Issues encountered while parsing CIF: 4 fractional coordinates rounded to ideal values to avoid issues with finite precision.
  struct = parser.parse_structures(primitive=primitive)[0]
/home/haolin/miniconda3/envs/pykale/lib/python3.11/site-packages/pymatgen/core/structure.py:3109: UserWarning: Issues encountered while parsing CIF: 2 fractional coordinates rounded to ideal values to avoid issues with finite precision.
  struct = parser.parse_structures(primitive=primitive)[0]
/home/haolin/miniconda3/envs/pykale/lib/python3.11/site-packages/pymatgen/core/structure.py:3109: UserWarning: Issues encountered while parsing CIF: 28 fractional coordinates rounded to ideal values to avoid issues with finite precision.
  struct = parser.parse_structures(primitive=primitive)[0]
/home/haolin/miniconda3/envs/pykale/lib/python3.11/site-packages/pymatgen/core/structure.py:3109: UserWarning: Issues encountered while parsing CIF: 8 fractional coordinates rounded to ideal values to avoid issues with finite precision.
  struct = parser.parse_structures(primitive=primitive)[0]
/home/haolin/miniconda3/envs/pykale/lib/python3.11/site-packages/pymatgen/core/structure.py:3109: UserWarning: Issues encountered while parsing CIF: 16 fractional coordinates rounded to ideal values to avoid issues with finite precision.
  struct = parser.parse_structures(primitive=primitive)[0]
/home/haolin/miniconda3/envs/pykale/lib/python3.11/site-packages/pymatgen/core/structure.py:3109: UserWarning: Issues encountered while parsing CIF: 24 fractional coordinates rounded to ideal values to avoid issues with finite precision.
  struct = parser.parse_structures(primitive=primitive)[0]
/home/haolin/miniconda3/envs/pykale/lib/python3.11/site-packages/pymatgen/core/structure.py:3109: UserWarning: Issues encountered while parsing CIF: 14 fractional coordinates rounded to ideal values to avoid issues with finite precision.
  struct = parser.parse_structures(primitive=primitive)[0]
/home/haolin/miniconda3/envs/pykale/lib/python3.11/site-packages/pymatgen/core/structure.py:3109: UserWarning: Issues encountered while parsing CIF: 7 fractional coordinates rounded to ideal values to avoid issues with finite precision.
  struct = parser.parse_structures(primitive=primitive)[0]

Fold 1/10: 1
ALIGNN:
  ACTIVATION: silu
  ALIGNN_LAYERS: 4
  ATOM_EMBEDDING_SIZE: 256
  ATOM_FEA_LEN: 92
  BOND_FEAT_DIM: 80
  CUTOFF: 5.0
  DROPOUT: 0.0
  EMBEDDING_FEATURES: 64
  ENCODING: prop
  GCN_LAYERS: 4
  HIDDEN_DIM: 128
  LAYER_FREEZE: none
  LINK: identity
  MAX_NEIGHBORS: 1000
  MAX_NUM_ELEMENTS: 94
  NUM_GAUSSIANS: 80
  NUM_LAYERS: 4
  NUM_RBF: None
  RBF_TRAINABLE: False
  READOUT: mean
  REGRESS_FORCES: False
  TRIPLET_INPUT_FEATURES: 40
CARTNET:
  ATOM_TYPES: True
  DIM_IN: 256
  DIM_RBF: 64
  ENCODING: z
  INVARIANT: False
  NUM_LAYERS: 4
  TEMPERATURE: False
  USE_ENVELOPE: True
CGCNN:
  ATOM_FEA_LEN: 64
  FEATURE_FUSION: none
  H_FEA_LEN: 128
  LAYER_FREEZE: none
  NBR_FEA_LEN: 36
  NUM_REPEAT: 1
  N_CONV: 3
  N_H: 1
  ORIG_ATOM_FEA_LEN: 92
  POS_FEA_LEN: 3
CHGNET:
  ANGLE_FEA_DIM: 64
  ANGLE_LAYER_HIDDEN_DIM: 0
  ATOM_CONV_HIDDEN_DIM: 64
  ATOM_FEA_DIM: 64
  ATOM_GRAPH_CUTOFF: 6.0
  ATOM_INPUT_DIM: 92
  BOND_CONV_HIDDEN_DIM: 64
  BOND_FEA_DIM: 64
  BOND_GRAPH_CUTOFF: 3.0
  CONV_DROPOUT: 0.0
  CUTOFF_COEFF: 8
  ENCODING: z
  GMLP_NORM: layer
  GRAPH_CONVERTER_ALGORITHM: fast
  IS_INTENSIVE: True
  LEARNABLE_RBF: True
  MAX_NUM_ELEMENTS: 94
  MLP_DROPOUT: 0.0
  MLP_FIRST: True
  MLP_HIDDEN_DIMS: (64, 64, 64)
  NON_LINEARITY: silu
  NUM_ANGULAR: 31
  NUM_RADIAL: 31
  N_CONV: 4
  READOUT_NORM: layer
  READ_OUT: ave
DATASET:
  PREDEFINED_SPLIT: False
  RATIO: 1.0
  SPLIT_GLOB: 
  TRAIN: data/fine_tune/train_data_25.json
  VAL: data/fine_tune/test_data.json
LEFTNET:
  ENCODING: none
  HIDDEN_CHANNELS: 128
  LAYER_FREEZE: none
  NUM_LAYERS: 4
  OTF_GRAPH: False
  REGRESS_FORCES: False
  USE_PBC: True
LOGGING:
  LOG_DIR: saved_models
  LOG_DIR_NAME: train_from_scratch/svr_25
MODEL:
  CIF_FOLDER: cif_file
  HYPERPARAMS:
    C: [1, 10, 100]
    SEARCH: grid
    epsilon: [0.01, 0.1, 0.5]
    gamma: [0.01, 0.1, 1]
    kernel: ['rbf']
  INIT_FILE: cif_file/atom_init.json
  MAX_NBRS: 12
  NAME: svm
  PRETRAINED_MODEL_PATH: 
  RADIUS: 7.0
MODEL_COMMON:
  CUTOFF: 6.0
  NUM_RADIAL: 32
  OUTPUT_DIM: 1
OUTPUT:
  DIR: results
  LOOP_RESULTS: loop_50epochs.csv
  PREDICTIONS: predictions_reduced_ds2.csv
SOLVER:
  BATCH_SIZE: 64
  DISABLE_CUDA: False
  EPOCHS: 1
  LR: 0.01
  LR_MILESTONES: [100, 200]
  MOMENTUM: 0.9
  NUM_FOLDS: 10
  NUM_RUNS: 1
  OPTIM: SGD
  PRINT_FREQ: 10
  RANDOMIZE: False
  RESUME: 
  SEED: 42
  START_EPOCH: 0
  TASK: regression
  WEIGHT_DECAY: 0.0
  WORKERS: 0
Training svm model...
/home/haolin/miniconda3/envs/pykale/lib/python3.11/site-packages/pymatgen/core/structure.py:3109: UserWarning: Issues encountered while parsing CIF: 20 fractional coordinates rounded to ideal values to avoid issues with finite precision.
  struct = parser.parse_structures(primitive=primitive)[0]
/home/haolin/miniconda3/envs/pykale/lib/python3.11/site-packages/pymatgen/core/structure.py:3109: UserWarning: Issues encountered while parsing CIF: 12 fractional coordinates rounded to ideal values to avoid issues with finite precision.
  struct = parser.parse_structures(primitive=primitive)[0]
/home/haolin/miniconda3/envs/pykale/lib/python3.11/site-packages/pymatgen/core/structure.py:3109: UserWarning: Issues encountered while parsing CIF: 4 fractional coordinates rounded to ideal values to avoid issues with finite precision.
  struct = parser.parse_structures(primitive=primitive)[0]
/home/haolin/miniconda3/envs/pykale/lib/python3.11/site-packages/pymatgen/core/structure.py:3109: UserWarning: Issues encountered while parsing CIF: 8 fractional coordinates rounded to ideal values to avoid issues with finite precision.
  struct = parser.parse_structures(primitive=primitive)[0]
/home/haolin/miniconda3/envs/pykale/lib/python3.11/site-packages/pymatgen/core/structure.py:3109: UserWarning: Issues encountered while parsing CIF: 1 fractional coordinates rounded to ideal values to avoid issues with finite precision.
  struct = parser.parse_structures(primitive=primitive)[0]
/home/haolin/miniconda3/envs/pykale/lib/python3.11/site-packages/pymatgen/core/structure.py:3109: UserWarning: Issues encountered while parsing CIF: 76 fractional coordinates rounded to ideal values to avoid issues with finite precision.
  struct = parser.parse_structures(primitive=primitive)[0]
/home/haolin/miniconda3/envs/pykale/lib/python3.11/site-packages/pymatgen/core/structure.py:3109: UserWarning: Issues encountered while parsing CIF: 16 fractional coordinates rounded to ideal values to avoid issues with finite precision.
  struct = parser.parse_structures(primitive=primitive)[0]
/home/haolin/miniconda3/envs/pykale/lib/python3.11/site-packages/pymatgen/core/structure.py:3109: UserWarning: Issues encountered while parsing CIF: 2 fractional coordinates rounded to ideal values to avoid issues with finite precision.
  struct = parser.parse_structures(primitive=primitive)[0]
/home/haolin/miniconda3/envs/pykale/lib/python3.11/site-packages/pymatgen/core/structure.py:3109: UserWarning: Issues encountered while parsing CIF: 12 fractional coordinates rounded to ideal values to avoid issues with finite precision.
  struct = parser.parse_structures(primitive=primitive)[0]
/home/haolin/miniconda3/envs/pykale/lib/python3.11/site-packages/pymatgen/core/structure.py:3109: UserWarning: Issues encountered while parsing CIF: 12 fractional coordinates rounded to ideal values to avoid issues with finite precision.
  struct = parser.parse_structures(primitive=primitive)[0]
/home/haolin/miniconda3/envs/pykale/lib/python3.11/site-packages/pymatgen/core/structure.py:3109: UserWarning: Issues encountered while parsing CIF: 4 fractional coordinates rounded to ideal values to avoid issues with finite precision.
  struct = parser.parse_structures(primitive=primitive)[0]
/home/haolin/miniconda3/envs/pykale/lib/python3.11/site-packages/pymatgen/core/structure.py:3109: UserWarning: Issues encountered while parsing CIF: 1 fractional coordinates rounded to ideal values to avoid issues with finite precision.
  struct = parser.parse_structures(primitive=primitive)[0]
/home/haolin/miniconda3/envs/pykale/lib/python3.11/site-packages/pymatgen/core/structure.py:3109: UserWarning: Issues encountered while parsing CIF: 8 fractional coordinates rounded to ideal values to avoid issues with finite precision.
  struct = parser.parse_structures(primitive=primitive)[0]
/home/haolin/miniconda3/envs/pykale/lib/python3.11/site-packages/pymatgen/core/structure.py:3109: UserWarning: Issues encountered while parsing CIF: 7 fractional coordinates rounded to ideal values to avoid issues with finite precision.
  struct = parser.parse_structures(primitive=primitive)[0]
/home/haolin/miniconda3/envs/pykale/lib/python3.11/site-packages/pymatgen/core/structure.py:3109: UserWarning: Issues encountered while parsing CIF: 2 fractional coordinates rounded to ideal values to avoid issues with finite precision.
  struct = parser.parse_structures(primitive=primitive)[0]
/home/haolin/miniconda3/envs/pykale/lib/python3.11/site-packages/pymatgen/core/structure.py:3109: UserWarning: Issues encountered while parsing CIF: 28 fractional coordinates rounded to ideal values to avoid issues with finite precision.
  struct = parser.parse_structures(primitive=primitive)[0]
/home/haolin/miniconda3/envs/pykale/lib/python3.11/site-packages/pymatgen/core/structure.py:3109: UserWarning: Issues encountered while parsing CIF: 6 fractional coordinates rounded to ideal values to avoid issues with finite precision.
  struct = parser.parse_structures(primitive=primitive)[0]
/home/haolin/miniconda3/envs/pykale/lib/python3.11/site-packages/pymatgen/core/structure.py:3109: UserWarning: Issues encountered while parsing CIF: 16 fractional coordinates rounded to ideal values to avoid issues with finite precision.
  struct = parser.parse_structures(primitive=primitive)[0]
/home/haolin/miniconda3/envs/pykale/lib/python3.11/site-packages/pymatgen/core/structure.py:3109: UserWarning: Issues encountered while parsing CIF: 24 fractional coordinates rounded to ideal values to avoid issues with finite precision.
  struct = parser.parse_structures(primitive=primitive)[0]
/home/haolin/miniconda3/envs/pykale/lib/python3.11/site-packages/pymatgen/core/structure.py:3109: UserWarning: Issues encountered while parsing CIF: 14 fractional coordinates rounded to ideal values to avoid issues with finite precision.
  struct = parser.parse_structures(primitive=primitive)[0]
/home/haolin/miniconda3/envs/pykale/lib/python3.11/site-packages/pymatgen/core/structure.py:3109: UserWarning: Issues encountered while parsing CIF: 20 fractional coordinates rounded to ideal values to avoid issues with finite precision.
  struct = parser.parse_structures(primitive=primitive)[0]
/home/haolin/miniconda3/envs/pykale/lib/python3.11/site-packages/pymatgen/core/structure.py:3109: UserWarning: Issues encountered while parsing CIF: 20 fractional coordinates rounded to ideal values to avoid issues with finite precision.
  struct = parser.parse_structures(primitive=primitive)[0]
/home/haolin/miniconda3/envs/pykale/lib/python3.11/site-packages/pymatgen/core/structure.py:3109: UserWarning: Issues encountered while parsing CIF: 12 fractional coordinates rounded to ideal values to avoid issues with finite precision.
  struct = parser.parse_structures(primitive=primitive)[0]
/home/haolin/miniconda3/envs/pykale/lib/python3.11/site-packages/pymatgen/core/structure.py:3109: UserWarning: Issues encountered while parsing CIF: 4 fractional coordinates rounded to ideal values to avoid issues with finite precision.
  struct = parser.parse_structures(primitive=primitive)[0]
/home/haolin/miniconda3/envs/pykale/lib/python3.11/site-packages/pymatgen/core/structure.py:3109: UserWarning: Issues encountered while parsing CIF: 8 fractional coordinates rounded to ideal values to avoid issues with finite precision.
  struct = parser.parse_structures(primitive=primitive)[0]
/home/haolin/miniconda3/envs/pykale/lib/python3.11/site-packages/pymatgen/core/structure.py:3109: UserWarning: Issues encountered while parsing CIF: 1 fractional coordinates rounded to ideal values to avoid issues with finite precision.
  struct = parser.parse_structures(primitive=primitive)[0]
/home/haolin/miniconda3/envs/pykale/lib/python3.11/site-packages/pymatgen/core/structure.py:3109: UserWarning: Issues encountered while parsing CIF: 76 fractional coordinates rounded to ideal values to avoid issues with finite precision.
  struct = parser.parse_structures(primitive=primitive)[0]
/home/haolin/miniconda3/envs/pykale/lib/python3.11/site-packages/pymatgen/core/structure.py:3109: UserWarning: Issues encountered while parsing CIF: 16 fractional coordinates rounded to ideal values to avoid issues with finite precision.
  struct = parser.parse_structures(primitive=primitive)[0]
/home/haolin/miniconda3/envs/pykale/lib/python3.11/site-packages/pymatgen/core/structure.py:3109: UserWarning: Issues encountered while parsing CIF: 2 fractional coordinates rounded to ideal values to avoid issues with finite precision.
  struct = parser.parse_structures(primitive=primitive)[0]
/home/haolin/miniconda3/envs/pykale/lib/python3.11/site-packages/pymatgen/core/structure.py:3109: UserWarning: Issues encountered while parsing CIF: 20 fractional coordinates rounded to ideal values to avoid issues with finite precision.
  struct = parser.parse_structures(primitive=primitive)[0]
/home/haolin/miniconda3/envs/pykale/lib/python3.11/site-packages/pymatgen/core/structure.py:3109: UserWarning: Issues encountered while parsing CIF: 12 fractional coordinates rounded to ideal values to avoid issues with finite precision.
  struct = parser.parse_structures(primitive=primitive)[0]
/home/haolin/miniconda3/envs/pykale/lib/python3.11/site-packages/pymatgen/core/structure.py:3109: UserWarning: Issues encountered while parsing CIF: 4 fractional coordinates rounded to ideal values to avoid issues with finite precision.
  struct = parser.parse_structures(primitive=primitive)[0]
/home/haolin/miniconda3/envs/pykale/lib/python3.11/site-packages/pymatgen/core/structure.py:3109: UserWarning: Issues encountered while parsing CIF: 14 fractional coordinates rounded to ideal values to avoid issues with finite precision.
  struct = parser.parse_structures(primitive=primitive)[0]
/home/haolin/miniconda3/envs/pykale/lib/python3.11/site-packages/pymatgen/core/structure.py:3109: UserWarning: Issues encountered while parsing CIF: 8 fractional coordinates rounded to ideal values to avoid issues with finite precision.
  struct = parser.parse_structures(primitive=primitive)[0]
/home/haolin/miniconda3/envs/pykale/lib/python3.11/site-packages/pymatgen/core/structure.py:3109: UserWarning: Issues encountered while parsing CIF: 7 fractional coordinates rounded to ideal values to avoid issues with finite precision.
  struct = parser.parse_structures(primitive=primitive)[0]
/home/haolin/miniconda3/envs/pykale/lib/python3.11/site-packages/pymatgen/core/structure.py:3109: UserWarning: Issues encountered while parsing CIF: 16 fractional coordinates rounded to ideal values to avoid issues with finite precision.
  struct = parser.parse_structures(primitive=primitive)[0]
/home/haolin/miniconda3/envs/pykale/lib/python3.11/site-packages/pymatgen/core/structure.py:3109: UserWarning: Issues encountered while parsing CIF: 2 fractional coordinates rounded to ideal values to avoid issues with finite precision.
  struct = parser.parse_structures(primitive=primitive)[0]
/home/haolin/miniconda3/envs/pykale/lib/python3.11/site-packages/pymatgen/core/structure.py:3109: UserWarning: Issues encountered while parsing CIF: 6 fractional coordinates rounded to ideal values to avoid issues with finite precision.
  struct = parser.parse_structures(primitive=primitive)[0]
/home/haolin/miniconda3/envs/pykale/lib/python3.11/site-packages/pymatgen/core/structure.py:3109: UserWarning: Issues encountered while parsing CIF: 24 fractional coordinates rounded to ideal values to avoid issues with finite precision.
  struct = parser.parse_structures(primitive=primitive)[0]
/home/haolin/miniconda3/envs/pykale/lib/python3.11/site-packages/pymatgen/core/structure.py:3109: UserWarning: Issues encountered while parsing CIF: 1 fractional coordinates rounded to ideal values to avoid issues with finite precision.
  struct = parser.parse_structures(primitive=primitive)[0]
/home/haolin/miniconda3/envs/pykale/lib/python3.11/site-packages/pymatgen/core/structure.py:3109: UserWarning: Issues encountered while parsing CIF: 28 fractional coordinates rounded to ideal values to avoid issues with finite precision.
  struct = parser.parse_structures(primitive=primitive)[0]
/home/haolin/miniconda3/envs/pykale/lib/python3.11/site-packages/pymatgen/core/structure.py:3109: UserWarning: Issues encountered while parsing CIF: 20 fractional coordinates rounded to ideal values to avoid issues with finite precision.
  struct = parser.parse_structures(primitive=primitive)[0]
/home/haolin/miniconda3/envs/pykale/lib/python3.11/site-packages/pymatgen/core/structure.py:3109: UserWarning: Issues encountered while parsing CIF: 12 fractional coordinates rounded to ideal values to avoid issues with finite precision.
  struct = parser.parse_structures(primitive=primitive)[0]
/home/haolin/miniconda3/envs/pykale/lib/python3.11/site-packages/pymatgen/core/structure.py:3109: UserWarning: Issues encountered while parsing CIF: 4 fractional coordinates rounded to ideal values to avoid issues with finite precision.
  struct = parser.parse_structures(primitive=primitive)[0]
/home/haolin/miniconda3/envs/pykale/lib/python3.11/site-packages/pymatgen/core/structure.py:3109: UserWarning: Issues encountered while parsing CIF: 8 fractional coordinates rounded to ideal values to avoid issues with finite precision.
  struct = parser.parse_structures(primitive=primitive)[0]
/home/haolin/miniconda3/envs/pykale/lib/python3.11/site-packages/pymatgen/core/structure.py:3109: UserWarning: Issues encountered while parsing CIF: 1 fractional coordinates rounded to ideal values to avoid issues with finite precision.
  struct = parser.parse_structures(primitive=primitive)[0]
/home/haolin/miniconda3/envs/pykale/lib/python3.11/site-packages/pymatgen/core/structure.py:3109: UserWarning: Issues encountered while parsing CIF: 76 fractional coordinates rounded to ideal values to avoid issues with finite precision.
  struct = parser.parse_structures(primitive=primitive)[0]
/home/haolin/miniconda3/envs/pykale/lib/python3.11/site-packages/pymatgen/core/structure.py:3109: UserWarning: Issues encountered while parsing CIF: 16 fractional coordinates rounded to ideal values to avoid issues with finite precision.
  struct = parser.parse_structures(primitive=primitive)[0]
/home/haolin/miniconda3/envs/pykale/lib/python3.11/site-packages/pymatgen/core/structure.py:3109: UserWarning: Issues encountered while parsing CIF: 2 fractional coordinates rounded to ideal values to avoid issues with finite precision.
  struct = parser.parse_structures(primitive=primitive)[0]
Results for fold 1:
  Validation MAE: 0.743395
  Validation MSE: 0.977006
  Validation MRE: 0.534130
  Validation R2:  0.350745
  Test MAE: 0.595479
  Test MSE: 0.596053
  Test MRE: 0.299653
  Test R2:  0.366795
  Best Hyperparameters: {'C': 10, 'epsilon': 0.01, 'gamma': 0.1, 'kernel': 'rbf'}
1 best params: {'C': 10, 'epsilon': 0.01, 'gamma': 0.1, 'kernel': 'rbf'}
Saved svm best params to saved_models/best_params_1.json
1 svm Validation Result- MAE: 0.7433947826928394, MSE: 0.977006468330972, MRE: 0.534129548991559, R²: 0.35074494901673303
1 svm Test Result- MAE: 0.5954785501772636, MSE: 0.5960533428344453, MRE: 0.2996525913200227, R²: 0.3667946732758408

Fold 2/10: 2
ALIGNN:
  ACTIVATION: silu
  ALIGNN_LAYERS: 4
  ATOM_EMBEDDING_SIZE: 256
  ATOM_FEA_LEN: 92
  BOND_FEAT_DIM: 80
  CUTOFF: 5.0
  DROPOUT: 0.0
  EMBEDDING_FEATURES: 64
  ENCODING: prop
  GCN_LAYERS: 4
  HIDDEN_DIM: 128
  LAYER_FREEZE: none
  LINK: identity
  MAX_NEIGHBORS: 1000
  MAX_NUM_ELEMENTS: 94
  NUM_GAUSSIANS: 80
  NUM_LAYERS: 4
  NUM_RBF: None
  RBF_TRAINABLE: False
  READOUT: mean
  REGRESS_FORCES: False
  TRIPLET_INPUT_FEATURES: 40
CARTNET:
  ATOM_TYPES: True
  DIM_IN: 256
  DIM_RBF: 64
  ENCODING: z
  INVARIANT: False
  NUM_LAYERS: 4
  TEMPERATURE: False
  USE_ENVELOPE: True
CGCNN:
  ATOM_FEA_LEN: 64
  FEATURE_FUSION: none
  H_FEA_LEN: 128
  LAYER_FREEZE: none
  NBR_FEA_LEN: 36
  NUM_REPEAT: 1
  N_CONV: 3
  N_H: 1
  ORIG_ATOM_FEA_LEN: 92
  POS_FEA_LEN: 3
CHGNET:
  ANGLE_FEA_DIM: 64
  ANGLE_LAYER_HIDDEN_DIM: 0
  ATOM_CONV_HIDDEN_DIM: 64
  ATOM_FEA_DIM: 64
  ATOM_GRAPH_CUTOFF: 6.0
  ATOM_INPUT_DIM: 92
  BOND_CONV_HIDDEN_DIM: 64
  BOND_FEA_DIM: 64
  BOND_GRAPH_CUTOFF: 3.0
  CONV_DROPOUT: 0.0
  CUTOFF_COEFF: 8
  ENCODING: z
  GMLP_NORM: layer
  GRAPH_CONVERTER_ALGORITHM: fast
  IS_INTENSIVE: True
  LEARNABLE_RBF: True
  MAX_NUM_ELEMENTS: 94
  MLP_DROPOUT: 0.0
  MLP_FIRST: True
  MLP_HIDDEN_DIMS: (64, 64, 64)
  NON_LINEARITY: silu
  NUM_ANGULAR: 31
  NUM_RADIAL: 31
  N_CONV: 4
  READOUT_NORM: layer
  READ_OUT: ave
DATASET:
  PREDEFINED_SPLIT: False
  RATIO: 1.0
  SPLIT_GLOB: 
  TRAIN: data/fine_tune/train_data_25.json
  VAL: data/fine_tune/test_data.json
LEFTNET:
  ENCODING: none
  HIDDEN_CHANNELS: 128
  LAYER_FREEZE: none
  NUM_LAYERS: 4
  OTF_GRAPH: False
  REGRESS_FORCES: False
  USE_PBC: True
LOGGING:
  LOG_DIR: saved_models
  LOG_DIR_NAME: train_from_scratch/svr_25
MODEL:
  CIF_FOLDER: cif_file
  HYPERPARAMS:
    C: [1, 10, 100]
    SEARCH: grid
    epsilon: [0.01, 0.1, 0.5]
    gamma: [0.01, 0.1, 1]
    kernel: ['rbf']
  INIT_FILE: cif_file/atom_init.json
  MAX_NBRS: 12
  NAME: svm
  PRETRAINED_MODEL_PATH: 
  RADIUS: 7.0
MODEL_COMMON:
  CUTOFF: 6.0
  NUM_RADIAL: 32
  OUTPUT_DIM: 1
OUTPUT:
  DIR: results
  LOOP_RESULTS: loop_50epochs.csv
  PREDICTIONS: predictions_reduced_ds2.csv
SOLVER:
  BATCH_SIZE: 64
  DISABLE_CUDA: False
  EPOCHS: 1
  LR: 0.01
  LR_MILESTONES: [100, 200]
  MOMENTUM: 0.9
  NUM_FOLDS: 10
  NUM_RUNS: 1
  OPTIM: SGD
  PRINT_FREQ: 10
  RANDOMIZE: False
  RESUME: 
  SEED: 42
  START_EPOCH: 0
  TASK: regression
  WEIGHT_DECAY: 0.0
  WORKERS: 0
Training svm model...
Results for fold 2:
  Validation MAE: 0.607898
  Validation MSE: 0.650750
  Validation MRE: 0.316365
  Validation R2:  0.197917
  Test MAE: 0.610221
  Test MSE: 0.628774
  Test MRE: 0.302503
  Test R2:  0.332034
  Best Hyperparameters: {'C': 1, 'epsilon': 0.1, 'gamma': 0.1, 'kernel': 'rbf'}
2 best params: {'C': 1, 'epsilon': 0.1, 'gamma': 0.1, 'kernel': 'rbf'}
Saved svm best params to saved_models/best_params_2.json
2 svm Validation Result- MAE: 0.6078979907549307, MSE: 0.6507495386306181, MRE: 0.31636530775322375, R²: 0.19791749396154212
2 svm Test Result- MAE: 0.6102208099578691, MSE: 0.6287744916663041, MRE: 0.3025030412855372, R²: 0.33203401638842234

Fold 3/10: 3
ALIGNN:
  ACTIVATION: silu
  ALIGNN_LAYERS: 4
  ATOM_EMBEDDING_SIZE: 256
  ATOM_FEA_LEN: 92
  BOND_FEAT_DIM: 80
  CUTOFF: 5.0
  DROPOUT: 0.0
  EMBEDDING_FEATURES: 64
  ENCODING: prop
  GCN_LAYERS: 4
  HIDDEN_DIM: 128
  LAYER_FREEZE: none
  LINK: identity
  MAX_NEIGHBORS: 1000
  MAX_NUM_ELEMENTS: 94
  NUM_GAUSSIANS: 80
  NUM_LAYERS: 4
  NUM_RBF: None
  RBF_TRAINABLE: False
  READOUT: mean
  REGRESS_FORCES: False
  TRIPLET_INPUT_FEATURES: 40
CARTNET:
  ATOM_TYPES: True
  DIM_IN: 256
  DIM_RBF: 64
  ENCODING: z
  INVARIANT: False
  NUM_LAYERS: 4
  TEMPERATURE: False
  USE_ENVELOPE: True
CGCNN:
  ATOM_FEA_LEN: 64
  FEATURE_FUSION: none
  H_FEA_LEN: 128
  LAYER_FREEZE: none
  NBR_FEA_LEN: 36
  NUM_REPEAT: 1
  N_CONV: 3
  N_H: 1
  ORIG_ATOM_FEA_LEN: 92
  POS_FEA_LEN: 3
CHGNET:
  ANGLE_FEA_DIM: 64
  ANGLE_LAYER_HIDDEN_DIM: 0
  ATOM_CONV_HIDDEN_DIM: 64
  ATOM_FEA_DIM: 64
  ATOM_GRAPH_CUTOFF: 6.0
  ATOM_INPUT_DIM: 92
  BOND_CONV_HIDDEN_DIM: 64
  BOND_FEA_DIM: 64
  BOND_GRAPH_CUTOFF: 3.0
  CONV_DROPOUT: 0.0
  CUTOFF_COEFF: 8
  ENCODING: z
  GMLP_NORM: layer
  GRAPH_CONVERTER_ALGORITHM: fast
  IS_INTENSIVE: True
  LEARNABLE_RBF: True
  MAX_NUM_ELEMENTS: 94
  MLP_DROPOUT: 0.0
  MLP_FIRST: True
  MLP_HIDDEN_DIMS: (64, 64, 64)
  NON_LINEARITY: silu
  NUM_ANGULAR: 31
  NUM_RADIAL: 31
  N_CONV: 4
  READOUT_NORM: layer
  READ_OUT: ave
DATASET:
  PREDEFINED_SPLIT: False
  RATIO: 1.0
  SPLIT_GLOB: 
  TRAIN: data/fine_tune/train_data_25.json
  VAL: data/fine_tune/test_data.json
LEFTNET:
  ENCODING: none
  HIDDEN_CHANNELS: 128
  LAYER_FREEZE: none
  NUM_LAYERS: 4
  OTF_GRAPH: False
  REGRESS_FORCES: False
  USE_PBC: True
LOGGING:
  LOG_DIR: saved_models
  LOG_DIR_NAME: train_from_scratch/svr_25
MODEL:
  CIF_FOLDER: cif_file
  HYPERPARAMS:
    C: [1, 10, 100]
    SEARCH: grid
    epsilon: [0.01, 0.1, 0.5]
    gamma: [0.01, 0.1, 1]
    kernel: ['rbf']
  INIT_FILE: cif_file/atom_init.json
  MAX_NBRS: 12
  NAME: svm
  PRETRAINED_MODEL_PATH: 
  RADIUS: 7.0
MODEL_COMMON:
  CUTOFF: 6.0
  NUM_RADIAL: 32
  OUTPUT_DIM: 1
OUTPUT:
  DIR: results
  LOOP_RESULTS: loop_50epochs.csv
  PREDICTIONS: predictions_reduced_ds2.csv
SOLVER:
  BATCH_SIZE: 64
  DISABLE_CUDA: False
  EPOCHS: 1
  LR: 0.01
  LR_MILESTONES: [100, 200]
  MOMENTUM: 0.9
  NUM_FOLDS: 10
  NUM_RUNS: 1
  OPTIM: SGD
  PRINT_FREQ: 10
  RANDOMIZE: False
  RESUME: 
  SEED: 42
  START_EPOCH: 0
  TASK: regression
  WEIGHT_DECAY: 0.0
  WORKERS: 0
Training svm model...
Results for fold 3:
  Validation MAE: 0.680208
  Validation MSE: 0.861796
  Validation MRE: 0.327124
  Validation R2:  0.209417
  Test MAE: 0.612260
  Test MSE: 0.637577
  Test MRE: 0.301769
  Test R2:  0.322683
  Best Hyperparameters: {'C': 1, 'epsilon': 0.1, 'gamma': 0.1, 'kernel': 'rbf'}
3 best params: {'C': 1, 'epsilon': 0.1, 'gamma': 0.1, 'kernel': 'rbf'}
Saved svm best params to saved_models/best_params_3.json
3 svm Validation Result- MAE: 0.6802077569851153, MSE: 0.8617958529472958, MRE: 0.3271239908423112, R²: 0.20941693867144628
3 svm Test Result- MAE: 0.612260323118255, MSE: 0.6375765055365816, MRE: 0.30176943135185386, R²: 0.32268337330326513

Fold 4/10: 4
ALIGNN:
  ACTIVATION: silu
  ALIGNN_LAYERS: 4
  ATOM_EMBEDDING_SIZE: 256
  ATOM_FEA_LEN: 92
  BOND_FEAT_DIM: 80
  CUTOFF: 5.0
  DROPOUT: 0.0
  EMBEDDING_FEATURES: 64
  ENCODING: prop
  GCN_LAYERS: 4
  HIDDEN_DIM: 128
  LAYER_FREEZE: none
  LINK: identity
  MAX_NEIGHBORS: 1000
  MAX_NUM_ELEMENTS: 94
  NUM_GAUSSIANS: 80
  NUM_LAYERS: 4
  NUM_RBF: None
  RBF_TRAINABLE: False
  READOUT: mean
  REGRESS_FORCES: False
  TRIPLET_INPUT_FEATURES: 40
CARTNET:
  ATOM_TYPES: True
  DIM_IN: 256
  DIM_RBF: 64
  ENCODING: z
  INVARIANT: False
  NUM_LAYERS: 4
  TEMPERATURE: False
  USE_ENVELOPE: True
CGCNN:
  ATOM_FEA_LEN: 64
  FEATURE_FUSION: none
  H_FEA_LEN: 128
  LAYER_FREEZE: none
  NBR_FEA_LEN: 36
  NUM_REPEAT: 1
  N_CONV: 3
  N_H: 1
  ORIG_ATOM_FEA_LEN: 92
  POS_FEA_LEN: 3
CHGNET:
  ANGLE_FEA_DIM: 64
  ANGLE_LAYER_HIDDEN_DIM: 0
  ATOM_CONV_HIDDEN_DIM: 64
  ATOM_FEA_DIM: 64
  ATOM_GRAPH_CUTOFF: 6.0
  ATOM_INPUT_DIM: 92
  BOND_CONV_HIDDEN_DIM: 64
  BOND_FEA_DIM: 64
  BOND_GRAPH_CUTOFF: 3.0
  CONV_DROPOUT: 0.0
  CUTOFF_COEFF: 8
  ENCODING: z
  GMLP_NORM: layer
  GRAPH_CONVERTER_ALGORITHM: fast
  IS_INTENSIVE: True
  LEARNABLE_RBF: True
  MAX_NUM_ELEMENTS: 94
  MLP_DROPOUT: 0.0
  MLP_FIRST: True
  MLP_HIDDEN_DIMS: (64, 64, 64)
  NON_LINEARITY: silu
  NUM_ANGULAR: 31
  NUM_RADIAL: 31
  N_CONV: 4
  READOUT_NORM: layer
  READ_OUT: ave
DATASET:
  PREDEFINED_SPLIT: False
  RATIO: 1.0
  SPLIT_GLOB: 
  TRAIN: data/fine_tune/train_data_25.json
  VAL: data/fine_tune/test_data.json
LEFTNET:
  ENCODING: none
  HIDDEN_CHANNELS: 128
  LAYER_FREEZE: none
  NUM_LAYERS: 4
  OTF_GRAPH: False
  REGRESS_FORCES: False
  USE_PBC: True
LOGGING:
  LOG_DIR: saved_models
  LOG_DIR_NAME: train_from_scratch/svr_25
MODEL:
  CIF_FOLDER: cif_file
  HYPERPARAMS:
    C: [1, 10, 100]
    SEARCH: grid
    epsilon: [0.01, 0.1, 0.5]
    gamma: [0.01, 0.1, 1]
    kernel: ['rbf']
  INIT_FILE: cif_file/atom_init.json
  MAX_NBRS: 12
  NAME: svm
  PRETRAINED_MODEL_PATH: 
  RADIUS: 7.0
MODEL_COMMON:
  CUTOFF: 6.0
  NUM_RADIAL: 32
  OUTPUT_DIM: 1
OUTPUT:
  DIR: results
  LOOP_RESULTS: loop_50epochs.csv
  PREDICTIONS: predictions_reduced_ds2.csv
SOLVER:
  BATCH_SIZE: 64
  DISABLE_CUDA: False
  EPOCHS: 1
  LR: 0.01
  LR_MILESTONES: [100, 200]
  MOMENTUM: 0.9
  NUM_FOLDS: 10
  NUM_RUNS: 1
  OPTIM: SGD
  PRINT_FREQ: 10
  RANDOMIZE: False
  RESUME: 
  SEED: 42
  START_EPOCH: 0
  TASK: regression
  WEIGHT_DECAY: 0.0
  WORKERS: 0/home/haolin/miniconda3/envs/pykale/lib/python3.11/site-packages/pymatgen/core/structure.py:3109: UserWarning: Issues encountered while parsing CIF: 20 fractional coordinates rounded to ideal values to avoid issues with finite precision.
  struct = parser.parse_structures(primitive=primitive)[0]
/home/haolin/miniconda3/envs/pykale/lib/python3.11/site-packages/pymatgen/core/structure.py:3109: UserWarning: Issues encountered while parsing CIF: 12 fractional coordinates rounded to ideal values to avoid issues with finite precision.
  struct = parser.parse_structures(primitive=primitive)[0]
/home/haolin/miniconda3/envs/pykale/lib/python3.11/site-packages/pymatgen/core/structure.py:3109: UserWarning: Issues encountered while parsing CIF: 8 fractional coordinates rounded to ideal values to avoid issues with finite precision.
  struct = parser.parse_structures(primitive=primitive)[0]
/home/haolin/miniconda3/envs/pykale/lib/python3.11/site-packages/pymatgen/core/structure.py:3109: UserWarning: Issues encountered while parsing CIF: 1 fractional coordinates rounded to ideal values to avoid issues with finite precision.
  struct = parser.parse_structures(primitive=primitive)[0]
/home/haolin/miniconda3/envs/pykale/lib/python3.11/site-packages/pymatgen/core/structure.py:3109: UserWarning: Issues encountered while parsing CIF: 6 fractional coordinates rounded to ideal values to avoid issues with finite precision.
  struct = parser.parse_structures(primitive=primitive)[0]
/home/haolin/miniconda3/envs/pykale/lib/python3.11/site-packages/pymatgen/core/structure.py:3109: UserWarning: Issues encountered while parsing CIF: 4 fractional coordinates rounded to ideal values to avoid issues with finite precision.
  struct = parser.parse_structures(primitive=primitive)[0]
/home/haolin/miniconda3/envs/pykale/lib/python3.11/site-packages/pymatgen/core/structure.py:3109: UserWarning: Issues encountered while parsing CIF: 2 fractional coordinates rounded to ideal values to avoid issues with finite precision.
  struct = parser.parse_structures(primitive=primitive)[0]
/home/haolin/miniconda3/envs/pykale/lib/python3.11/site-packages/pymatgen/core/structure.py:3109: UserWarning: Issues encountered while parsing CIF: 16 fractional coordinates rounded to ideal values to avoid issues with finite precision.
  struct = parser.parse_structures(primitive=primitive)[0]
/home/haolin/miniconda3/envs/pykale/lib/python3.11/site-packages/pymatgen/core/structure.py:3109: UserWarning: Issues encountered while parsing CIF: 14 fractional coordinates rounded to ideal values to avoid issues with finite precision.
  struct = parser.parse_structures(primitive=primitive)[0]
/home/haolin/miniconda3/envs/pykale/lib/python3.11/site-packages/pymatgen/core/structure.py:3109: UserWarning: Issues encountered while parsing CIF: 24 fractional coordinates rounded to ideal values to avoid issues with finite precision.
  struct = parser.parse_structures(primitive=primitive)[0]
/home/haolin/miniconda3/envs/pykale/lib/python3.11/site-packages/pymatgen/core/structure.py:3109: UserWarning: Issues encountered while parsing CIF: 28 fractional coordinates rounded to ideal values to avoid issues with finite precision.
  struct = parser.parse_structures(primitive=primitive)[0]
/home/haolin/miniconda3/envs/pykale/lib/python3.11/site-packages/pymatgen/core/structure.py:3109: UserWarning: Issues encountered while parsing CIF: 7 fractional coordinates rounded to ideal values to avoid issues with finite precision.
  struct = parser.parse_structures(primitive=primitive)[0]
/home/haolin/miniconda3/envs/pykale/lib/python3.11/site-packages/pymatgen/core/structure.py:3109: UserWarning: Issues encountered while parsing CIF: 20 fractional coordinates rounded to ideal values to avoid issues with finite precision.
  struct = parser.parse_structures(primitive=primitive)[0]
/home/haolin/miniconda3/envs/pykale/lib/python3.11/site-packages/pymatgen/core/structure.py:3109: UserWarning: Issues encountered while parsing CIF: 12 fractional coordinates rounded to ideal values to avoid issues with finite precision.
  struct = parser.parse_structures(primitive=primitive)[0]
/home/haolin/miniconda3/envs/pykale/lib/python3.11/site-packages/pymatgen/core/structure.py:3109: UserWarning: Issues encountered while parsing CIF: 4 fractional coordinates rounded to ideal values to avoid issues with finite precision.
  struct = parser.parse_structures(primitive=primitive)[0]
/home/haolin/miniconda3/envs/pykale/lib/python3.11/site-packages/pymatgen/core/structure.py:3109: UserWarning: Issues encountered while parsing CIF: 8 fractional coordinates rounded to ideal values to avoid issues with finite precision.
  struct = parser.parse_structures(primitive=primitive)[0]
/home/haolin/miniconda3/envs/pykale/lib/python3.11/site-packages/pymatgen/core/structure.py:3109: UserWarning: Issues encountered while parsing CIF: 1 fractional coordinates rounded to ideal values to avoid issues with finite precision.
  struct = parser.parse_structures(primitive=primitive)[0]
/home/haolin/miniconda3/envs/pykale/lib/python3.11/site-packages/pymatgen/core/structure.py:3109: UserWarning: Issues encountered while parsing CIF: 76 fractional coordinates rounded to ideal values to avoid issues with finite precision.
  struct = parser.parse_structures(primitive=primitive)[0]
/home/haolin/miniconda3/envs/pykale/lib/python3.11/site-packages/pymatgen/core/structure.py:3109: UserWarning: Issues encountered while parsing CIF: 16 fractional coordinates rounded to ideal values to avoid issues with finite precision.
  struct = parser.parse_structures(primitive=primitive)[0]
/home/haolin/miniconda3/envs/pykale/lib/python3.11/site-packages/pymatgen/core/structure.py:3109: UserWarning: Issues encountered while parsing CIF: 2 fractional coordinates rounded to ideal values to avoid issues with finite precision.
  struct = parser.parse_structures(primitive=primitive)[0]
/home/haolin/miniconda3/envs/pykale/lib/python3.11/site-packages/pymatgen/core/structure.py:3109: UserWarning: Issues encountered while parsing CIF: 12 fractional coordinates rounded to ideal values to avoid issues with finite precision.
  struct = parser.parse_structures(primitive=primitive)[0]
/home/haolin/miniconda3/envs/pykale/lib/python3.11/site-packages/pymatgen/core/structure.py:3109: UserWarning: Issues encountered while parsing CIF: 8 fractional coordinates rounded to ideal values to avoid issues with finite precision.
  struct = parser.parse_structures(primitive=primitive)[0]
/home/haolin/miniconda3/envs/pykale/lib/python3.11/site-packages/pymatgen/core/structure.py:3109: UserWarning: Issues encountered while parsing CIF: 4 fractional coordinates rounded to ideal values to avoid issues with finite precision.
  struct = parser.parse_structures(primitive=primitive)[0]
/home/haolin/miniconda3/envs/pykale/lib/python3.11/site-packages/pymatgen/core/structure.py:3109: UserWarning: Issues encountered while parsing CIF: 2 fractional coordinates rounded to ideal values to avoid issues with finite precision.
  struct = parser.parse_structures(primitive=primitive)[0]
/home/haolin/miniconda3/envs/pykale/lib/python3.11/site-packages/pymatgen/core/structure.py:3109: UserWarning: Issues encountered while parsing CIF: 16 fractional coordinates rounded to ideal values to avoid issues with finite precision.
  struct = parser.parse_structures(primitive=primitive)[0]
/home/haolin/miniconda3/envs/pykale/lib/python3.11/site-packages/pymatgen/core/structure.py:3109: UserWarning: Issues encountered while parsing CIF: 6 fractional coordinates rounded to ideal values to avoid issues with finite precision.
  struct = parser.parse_structures(primitive=primitive)[0]
/home/haolin/miniconda3/envs/pykale/lib/python3.11/site-packages/pymatgen/core/structure.py:3109: UserWarning: Issues encountered while parsing CIF: 1 fractional coordinates rounded to ideal values to avoid issues with finite precision.
  struct = parser.parse_structures(primitive=primitive)[0]
/home/haolin/miniconda3/envs/pykale/lib/python3.11/site-packages/pymatgen/core/structure.py:3109: UserWarning: Issues encountered while parsing CIF: 7 fractional coordinates rounded to ideal values to avoid issues with finite precision.
  struct = parser.parse_structures(primitive=primitive)[0]
/home/haolin/miniconda3/envs/pykale/lib/python3.11/site-packages/pymatgen/core/structure.py:3109: UserWarning: Issues encountered while parsing CIF: 14 fractional coordinates rounded to ideal values to avoid issues with finite precision.
  struct = parser.parse_structures(primitive=primitive)[0]
/home/haolin/miniconda3/envs/pykale/lib/python3.11/site-packages/pymatgen/core/structure.py:3109: UserWarning: Issues encountered while parsing CIF: 20 fractional coordinates rounded to ideal values to avoid issues with finite precision.
  struct = parser.parse_structures(primitive=primitive)[0]
/home/haolin/miniconda3/envs/pykale/lib/python3.11/site-packages/pymatgen/core/structure.py:3109: UserWarning: Issues encountered while parsing CIF: 24 fractional coordinates rounded to ideal values to avoid issues with finite precision.
  struct = parser.parse_structures(primitive=primitive)[0]
/home/haolin/miniconda3/envs/pykale/lib/python3.11/site-packages/pymatgen/core/structure.py:3109: UserWarning: Issues encountered while parsing CIF: 28 fractional coordinates rounded to ideal values to avoid issues with finite precision.
  struct = parser.parse_structures(primitive=primitive)[0]
/home/haolin/miniconda3/envs/pykale/lib/python3.11/site-packages/pymatgen/core/structure.py:3109: UserWarning: Issues encountered while parsing CIF: 20 fractional coordinates rounded to ideal values to avoid issues with finite precision.
  struct = parser.parse_structures(primitive=primitive)[0]
/home/haolin/miniconda3/envs/pykale/lib/python3.11/site-packages/pymatgen/core/structure.py:3109: UserWarning: Issues encountered while parsing CIF: 12 fractional coordinates rounded to ideal values to avoid issues with finite precision.
  struct = parser.parse_structures(primitive=primitive)[0]
/home/haolin/miniconda3/envs/pykale/lib/python3.11/site-packages/pymatgen/core/structure.py:3109: UserWarning: Issues encountered while parsing CIF: 4 fractional coordinates rounded to ideal values to avoid issues with finite precision.
  struct = parser.parse_structures(primitive=primitive)[0]
/home/haolin/miniconda3/envs/pykale/lib/python3.11/site-packages/pymatgen/core/structure.py:3109: UserWarning: Issues encountered while parsing CIF: 8 fractional coordinates rounded to ideal values to avoid issues with finite precision.
  struct = parser.parse_structures(primitive=primitive)[0]
/home/haolin/miniconda3/envs/pykale/lib/python3.11/site-packages/pymatgen/core/structure.py:3109: UserWarning: Issues encountered while parsing CIF: 1 fractional coordinates rounded to ideal values to avoid issues with finite precision.
  struct = parser.parse_structures(primitive=primitive)[0]
/home/haolin/miniconda3/envs/pykale/lib/python3.11/site-packages/pymatgen/core/structure.py:3109: UserWarning: Issues encountered while parsing CIF: 76 fractional coordinates rounded to ideal values to avoid issues with finite precision.
  struct = parser.parse_structures(primitive=primitive)[0]
/home/haolin/miniconda3/envs/pykale/lib/python3.11/site-packages/pymatgen/core/structure.py:3109: UserWarning: Issues encountered while parsing CIF: 16 fractional coordinates rounded to ideal values to avoid issues with finite precision.
  struct = parser.parse_structures(primitive=primitive)[0]
/home/haolin/miniconda3/envs/pykale/lib/python3.11/site-packages/pymatgen/core/structure.py:3109: UserWarning: Issues encountered while parsing CIF: 2 fractional coordinates rounded to ideal values to avoid issues with finite precision.
  struct = parser.parse_structures(primitive=primitive)[0]
/home/haolin/miniconda3/envs/pykale/lib/python3.11/site-packages/pymatgen/core/structure.py:3109: UserWarning: Issues encountered while parsing CIF: 24 fractional coordinates rounded to ideal values to avoid issues with finite precision.
  struct = parser.parse_structures(primitive=primitive)[0]
/home/haolin/miniconda3/envs/pykale/lib/python3.11/site-packages/pymatgen/core/structure.py:3109: UserWarning: Issues encountered while parsing CIF: 20 fractional coordinates rounded to ideal values to avoid issues with finite precision.
  struct = parser.parse_structures(primitive=primitive)[0]
/home/haolin/miniconda3/envs/pykale/lib/python3.11/site-packages/pymatgen/core/structure.py:3109: UserWarning: Issues encountered while parsing CIF: 8 fractional coordinates rounded to ideal values to avoid issues with finite precision.
  struct = parser.parse_structures(primitive=primitive)[0]
/home/haolin/miniconda3/envs/pykale/lib/python3.11/site-packages/pymatgen/core/structure.py:3109: UserWarning: Issues encountered while parsing CIF: 6 fractional coordinates rounded to ideal values to avoid issues with finite precision.
  struct = parser.parse_structures(primitive=primitive)[0]
/home/haolin/miniconda3/envs/pykale/lib/python3.11/site-packages/pymatgen/core/structure.py:3109: UserWarning: Issues encountered while parsing CIF: 2 fractional coordinates rounded to ideal values to avoid issues with finite precision.
  struct = parser.parse_structures(primitive=primitive)[0]
/home/haolin/miniconda3/envs/pykale/lib/python3.11/site-packages/pymatgen/core/structure.py:3109: UserWarning: Issues encountered while parsing CIF: 4 fractional coordinates rounded to ideal values to avoid issues with finite precision.
  struct = parser.parse_structures(primitive=primitive)[0]
/home/haolin/miniconda3/envs/pykale/lib/python3.11/site-packages/pymatgen/core/structure.py:3109: UserWarning: Issues encountered while parsing CIF: 28 fractional coordinates rounded to ideal values to avoid issues with finite precision.
  struct = parser.parse_structures(primitive=primitive)[0]
/home/haolin/miniconda3/envs/pykale/lib/python3.11/site-packages/pymatgen/core/structure.py:3109: UserWarning: Issues encountered while parsing CIF: 12 fractional coordinates rounded to ideal values to avoid issues with finite precision.
  struct = parser.parse_structures(primitive=primitive)[0]
/home/haolin/miniconda3/envs/pykale/lib/python3.11/site-packages/pymatgen/core/structure.py:3109: UserWarning: Issues encountered while parsing CIF: 16 fractional coordinates rounded to ideal values to avoid issues with finite precision.
  struct = parser.parse_structures(primitive=primitive)[0]
/home/haolin/miniconda3/envs/pykale/lib/python3.11/site-packages/pymatgen/core/structure.py:3109: UserWarning: Issues encountered while parsing CIF: 14 fractional coordinates rounded to ideal values to avoid issues with finite precision.
  struct = parser.parse_structures(primitive=primitive)[0]
/home/haolin/miniconda3/envs/pykale/lib/python3.11/site-packages/pymatgen/core/structure.py:3109: UserWarning: Issues encountered while parsing CIF: 1 fractional coordinates rounded to ideal values to avoid issues with finite precision.
  struct = parser.parse_structures(primitive=primitive)[0]
/home/haolin/miniconda3/envs/pykale/lib/python3.11/site-packages/pymatgen/core/structure.py:3109: UserWarning: Issues encountered while parsing CIF: 7 fractional coordinates rounded to ideal values to avoid issues with finite precision.
  struct = parser.parse_structures(primitive=primitive)[0]
/home/haolin/miniconda3/envs/pykale/lib/python3.11/site-packages/pymatgen/core/structure.py:3109: UserWarning: Issues encountered while parsing CIF: 20 fractional coordinates rounded to ideal values to avoid issues with finite precision.
  struct = parser.parse_structures(primitive=primitive)[0]
/home/haolin/miniconda3/envs/pykale/lib/python3.11/site-packages/pymatgen/core/structure.py:3109: UserWarning: Issues encountered while parsing CIF: 12 fractional coordinates rounded to ideal values to avoid issues with finite precision.
  struct = parser.parse_structures(primitive=primitive)[0]
/home/haolin/miniconda3/envs/pykale/lib/python3.11/site-packages/pymatgen/core/structure.py:3109: UserWarning: Issues encountered while parsing CIF: 4 fractional coordinates rounded to ideal values to avoid issues with finite precision.
  struct = parser.parse_structures(primitive=primitive)[0]
/home/haolin/miniconda3/envs/pykale/lib/python3.11/site-packages/pymatgen/core/structure.py:3109: UserWarning: Issues encountered while parsing CIF: 8 fractional coordinates rounded to ideal values to avoid issues with finite precision.
  struct = parser.parse_structures(primitive=primitive)[0]
/home/haolin/miniconda3/envs/pykale/lib/python3.11/site-packages/pymatgen/core/structure.py:3109: UserWarning: Issues encountered while parsing CIF: 1 fractional coordinates rounded to ideal values to avoid issues with finite precision.
  struct = parser.parse_structures(primitive=primitive)[0]
/home/haolin/miniconda3/envs/pykale/lib/python3.11/site-packages/pymatgen/core/structure.py:3109: UserWarning: Issues encountered while parsing CIF: 76 fractional coordinates rounded to ideal values to avoid issues with finite precision.
  struct = parser.parse_structures(primitive=primitive)[0]
/home/haolin/miniconda3/envs/pykale/lib/python3.11/site-packages/pymatgen/core/structure.py:3109: UserWarning: Issues encountered while parsing CIF: 16 fractional coordinates rounded to ideal values to avoid issues with finite precision.
  struct = parser.parse_structures(primitive=primitive)[0]
/home/haolin/miniconda3/envs/pykale/lib/python3.11/site-packages/pymatgen/core/structure.py:3109: UserWarning: Issues encountered while parsing CIF: 2 fractional coordinates rounded to ideal values to avoid issues with finite precision.
  struct = parser.parse_structures(primitive=primitive)[0]

Training svm model...
Results for fold 4:
  Validation MAE: 0.780044
  Validation MSE: 1.110884
  Validation MRE: 0.347912
  Validation R2:  -0.157139
  Test MAE: 0.601313
  Test MSE: 0.615158
  Test MRE: 0.307574
  Test R2:  0.346499
  Best Hyperparameters: {'C': 10, 'epsilon': 0.01, 'gamma': 0.1, 'kernel': 'rbf'}
4 best params: {'C': 10, 'epsilon': 0.01, 'gamma': 0.1, 'kernel': 'rbf'}
Saved svm best params to saved_models/best_params_4.json
4 svm Validation Result- MAE: 0.7800436319340472, MSE: 1.1108838933575367, MRE: 0.3479119732048995, R²: -0.1571394556900565
4 svm Test Result- MAE: 0.6013127031153913, MSE: 0.6151584651073896, MRE: 0.30757358579084404, R²: 0.34649872940374205

Fold 5/10: 5
ALIGNN:
  ACTIVATION: silu
  ALIGNN_LAYERS: 4
  ATOM_EMBEDDING_SIZE: 256
  ATOM_FEA_LEN: 92
  BOND_FEAT_DIM: 80
  CUTOFF: 5.0
  DROPOUT: 0.0
  EMBEDDING_FEATURES: 64
  ENCODING: prop
  GCN_LAYERS: 4
  HIDDEN_DIM: 128
  LAYER_FREEZE: none
  LINK: identity
  MAX_NEIGHBORS: 1000
  MAX_NUM_ELEMENTS: 94
  NUM_GAUSSIANS: 80
  NUM_LAYERS: 4
  NUM_RBF: None
  RBF_TRAINABLE: False
  READOUT: mean
  REGRESS_FORCES: False
  TRIPLET_INPUT_FEATURES: 40
CARTNET:
  ATOM_TYPES: True
  DIM_IN: 256
  DIM_RBF: 64
  ENCODING: z
  INVARIANT: False
  NUM_LAYERS: 4
  TEMPERATURE: False
  USE_ENVELOPE: True
CGCNN:
  ATOM_FEA_LEN: 64
  FEATURE_FUSION: none
  H_FEA_LEN: 128
  LAYER_FREEZE: none
  NBR_FEA_LEN: 36
  NUM_REPEAT: 1
  N_CONV: 3
  N_H: 1
  ORIG_ATOM_FEA_LEN: 92
  POS_FEA_LEN: 3
CHGNET:
  ANGLE_FEA_DIM: 64
  ANGLE_LAYER_HIDDEN_DIM: 0
  ATOM_CONV_HIDDEN_DIM: 64
  ATOM_FEA_DIM: 64
  ATOM_GRAPH_CUTOFF: 6.0
  ATOM_INPUT_DIM: 92
  BOND_CONV_HIDDEN_DIM: 64
  BOND_FEA_DIM: 64
  BOND_GRAPH_CUTOFF: 3.0
  CONV_DROPOUT: 0.0
  CUTOFF_COEFF: 8
  ENCODING: z
  GMLP_NORM: layer
  GRAPH_CONVERTER_ALGORITHM: fast
  IS_INTENSIVE: True
  LEARNABLE_RBF: True
  MAX_NUM_ELEMENTS: 94
  MLP_DROPOUT: 0.0
  MLP_FIRST: True
  MLP_HIDDEN_DIMS: (64, 64, 64)
  NON_LINEARITY: silu
  NUM_ANGULAR: 31
  NUM_RADIAL: 31
  N_CONV: 4
  READOUT_NORM: layer
  READ_OUT: ave
DATASET:
  PREDEFINED_SPLIT: False
  RATIO: 1.0
  SPLIT_GLOB: 
  TRAIN: data/fine_tune/train_data_25.json
  VAL: data/fine_tune/test_data.json
LEFTNET:
  ENCODING: none
  HIDDEN_CHANNELS: 128
  LAYER_FREEZE: none
  NUM_LAYERS: 4
  OTF_GRAPH: False
  REGRESS_FORCES: False
  USE_PBC: True
LOGGING:
  LOG_DIR: saved_models
  LOG_DIR_NAME: train_from_scratch/svr_25
MODEL:
  CIF_FOLDER: cif_file
  HYPERPARAMS:
    C: [1, 10, 100]
    SEARCH: grid
    epsilon: [0.01, 0.1, 0.5]
    gamma: [0.01, 0.1, 1]
    kernel: ['rbf']
  INIT_FILE: cif_file/atom_init.json
  MAX_NBRS: 12
  NAME: svm
  PRETRAINED_MODEL_PATH: 
  RADIUS: 7.0
MODEL_COMMON:
  CUTOFF: 6.0
  NUM_RADIAL: 32
  OUTPUT_DIM: 1
OUTPUT:
  DIR: results
  LOOP_RESULTS: loop_50epochs.csv
  PREDICTIONS: predictions_reduced_ds2.csv
SOLVER:
  BATCH_SIZE: 64
  DISABLE_CUDA: False
  EPOCHS: 1
  LR: 0.01
  LR_MILESTONES: [100, 200]
  MOMENTUM: 0.9
  NUM_FOLDS: 10
  NUM_RUNS: 1
  OPTIM: SGD
  PRINT_FREQ: 10
  RANDOMIZE: False
  RESUME: 
  SEED: 42
  START_EPOCH: 0
  TASK: regression
  WEIGHT_DECAY: 0.0
  WORKERS: 0
Training svm model...
Results for fold 5:
  Validation MAE: 0.511315
  Validation MSE: 0.411061
  Validation MRE: 0.213926
  Validation R2:  0.506584
  Test MAE: 0.566940
  Test MSE: 0.564133
  Test MRE: 0.281591
  Test R2:  0.400704
  Best Hyperparameters: {'C': 10, 'epsilon': 0.1, 'gamma': 0.1, 'kernel': 'rbf'}
5 best params: {'C': 10, 'epsilon': 0.1, 'gamma': 0.1, 'kernel': 'rbf'}
Saved svm best params to saved_models/best_params_5.json
5 svm Validation Result- MAE: 0.5113152631724, MSE: 0.411060552955198, MRE: 0.21392568743377674, R²: 0.5065838614257703
5 svm Test Result- MAE: 0.5669404558945794, MSE: 0.5641332735784585, MRE: 0.28159076952999, R²: 0.40070431932560513

Fold 6/10: 6
ALIGNN:
  ACTIVATION: silu
  ALIGNN_LAYERS: 4
  ATOM_EMBEDDING_SIZE: 256
  ATOM_FEA_LEN: 92
  BOND_FEAT_DIM: 80
  CUTOFF: 5.0
  DROPOUT: 0.0
  EMBEDDING_FEATURES: 64
  ENCODING: prop
  GCN_LAYERS: 4
  HIDDEN_DIM: 128
  LAYER_FREEZE: none
  LINK: identity
  MAX_NEIGHBORS: 1000
  MAX_NUM_ELEMENTS: 94
  NUM_GAUSSIANS: 80
  NUM_LAYERS: 4
  NUM_RBF: None
  RBF_TRAINABLE: False
  READOUT: mean
  REGRESS_FORCES: False
  TRIPLET_INPUT_FEATURES: 40
CARTNET:
  ATOM_TYPES: True
  DIM_IN: 256
  DIM_RBF: 64
  ENCODING: z
  INVARIANT: False
  NUM_LAYERS: 4
  TEMPERATURE: False
  USE_ENVELOPE: True
CGCNN:
  ATOM_FEA_LEN: 64
  FEATURE_FUSION: none
  H_FEA_LEN: 128
  LAYER_FREEZE: none
  NBR_FEA_LEN: 36
  NUM_REPEAT: 1
  N_CONV: 3
  N_H: 1
  ORIG_ATOM_FEA_LEN: 92
  POS_FEA_LEN: 3
CHGNET:
  ANGLE_FEA_DIM: 64
  ANGLE_LAYER_HIDDEN_DIM: 0
  ATOM_CONV_HIDDEN_DIM: 64
  ATOM_FEA_DIM: 64
  ATOM_GRAPH_CUTOFF: 6.0
  ATOM_INPUT_DIM: 92
  BOND_CONV_HIDDEN_DIM: 64
  BOND_FEA_DIM: 64
  BOND_GRAPH_CUTOFF: 3.0
  CONV_DROPOUT: 0.0
  CUTOFF_COEFF: 8
  ENCODING: z
  GMLP_NORM: layer
  GRAPH_CONVERTER_ALGORITHM: fast
  IS_INTENSIVE: True
  LEARNABLE_RBF: True
  MAX_NUM_ELEMENTS: 94
  MLP_DROPOUT: 0.0
  MLP_FIRST: True
  MLP_HIDDEN_DIMS: (64, 64, 64)
  NON_LINEARITY: silu
  NUM_ANGULAR: 31
  NUM_RADIAL: 31
  N_CONV: 4
  READOUT_NORM: layer
  READ_OUT: ave
DATASET:
  PREDEFINED_SPLIT: False
  RATIO: 1.0
  SPLIT_GLOB: 
  TRAIN: data/fine_tune/train_data_25.json
  VAL: data/fine_tune/test_data.json
LEFTNET:
  ENCODING: none
  HIDDEN_CHANNELS: 128
  LAYER_FREEZE: none
  NUM_LAYERS: 4
  OTF_GRAPH: False
  REGRESS_FORCES: False
  USE_PBC: True
LOGGING:
  LOG_DIR: saved_models
  LOG_DIR_NAME: train_from_scratch/svr_25
MODEL:
  CIF_FOLDER: cif_file
  HYPERPARAMS:
    C: [1, 10, 100]
    SEARCH: grid
    epsilon: [0.01, 0.1, 0.5]
    gamma: [0.01, 0.1, 1]
    kernel: ['rbf']
  INIT_FILE: cif_file/atom_init.json
  MAX_NBRS: 12
  NAME: svm
  PRETRAINED_MODEL_PATH: 
  RADIUS: 7.0
MODEL_COMMON:
  CUTOFF: 6.0
  NUM_RADIAL: 32
  OUTPUT_DIM: 1
OUTPUT:
  DIR: results
  LOOP_RESULTS: loop_50epochs.csv
  PREDICTIONS: predictions_reduced_ds2.csv
SOLVER:
  BATCH_SIZE: 64
  DISABLE_CUDA: False
  EPOCHS: 1
  LR: 0.01
  LR_MILESTONES: [100, 200]
  MOMENTUM: 0.9
  NUM_FOLDS: 10
  NUM_RUNS: 1
  OPTIM: SGD
  PRINT_FREQ: 10
  RANDOMIZE: False
  RESUME: 
  SEED: 42
  START_EPOCH: 0
  TASK: regression
  WEIGHT_DECAY: 0.0
  WORKERS: 0
Training svm model...
Results for fold 6:
  Validation MAE: 0.603869
  Validation MSE: 0.708540
  Validation MRE: 0.415170
  Validation R2:  0.368255
  Test MAE: 0.580457
  Test MSE: 0.547549
  Test MRE: 0.295670
  Test R2:  0.418322
  Best Hyperparameters: {'C': 100, 'epsilon': 0.1, 'gamma': 0.01, 'kernel': 'rbf'}
6 best params: {'C': 100, 'epsilon': 0.1, 'gamma': 0.01, 'kernel': 'rbf'}
Saved svm best params to saved_models/best_params_6.json
6 svm Validation Result- MAE: 0.6038691621737666, MSE: 0.7085395690467875, MRE: 0.4151703350567132, R²: 0.3682546048745017
6 svm Test Result- MAE: 0.5804568021754904, MSE: 0.5475490806013554, MRE: 0.2956700981683039, R²: 0.4183222044675392

Fold 7/10: 7
ALIGNN:
  ACTIVATION: silu
  ALIGNN_LAYERS: 4
  ATOM_EMBEDDING_SIZE: 256
  ATOM_FEA_LEN: 92
  BOND_FEAT_DIM: 80
  CUTOFF: 5.0
  DROPOUT: 0.0
  EMBEDDING_FEATURES: 64
  ENCODING: prop
  GCN_LAYERS: 4
  HIDDEN_DIM: 128
  LAYER_FREEZE: none
  LINK: identity
  MAX_NEIGHBORS: 1000
  MAX_NUM_ELEMENTS: 94
  NUM_GAUSSIANS: 80
  NUM_LAYERS: 4
  NUM_RBF: None
  RBF_TRAINABLE: False
  READOUT: mean
  REGRESS_FORCES: False
  TRIPLET_INPUT_FEATURES: 40
CARTNET:
  ATOM_TYPES: True
  DIM_IN: 256
  DIM_RBF: 64
  ENCODING: z
  INVARIANT: False
  NUM_LAYERS: 4
  TEMPERATURE: False
  USE_ENVELOPE: True
CGCNN:
  ATOM_FEA_LEN: 64
  FEATURE_FUSION: none
  H_FEA_LEN: 128
  LAYER_FREEZE: none
  NBR_FEA_LEN: 36
  NUM_REPEAT: 1
  N_CONV: 3
  N_H: 1
  ORIG_ATOM_FEA_LEN: 92
  POS_FEA_LEN: 3
CHGNET:
  ANGLE_FEA_DIM: 64
  ANGLE_LAYER_HIDDEN_DIM: 0
  ATOM_CONV_HIDDEN_DIM: 64
  ATOM_FEA_DIM: 64
  ATOM_GRAPH_CUTOFF: 6.0
  ATOM_INPUT_DIM: 92
  BOND_CONV_HIDDEN_DIM: 64
  BOND_FEA_DIM: 64
  BOND_GRAPH_CUTOFF: 3.0
  CONV_DROPOUT: 0.0
  CUTOFF_COEFF: 8
  ENCODING: z
  GMLP_NORM: layer
  GRAPH_CONVERTER_ALGORITHM: fast
  IS_INTENSIVE: True
  LEARNABLE_RBF: True
  MAX_NUM_ELEMENTS: 94
  MLP_DROPOUT: 0.0
  MLP_FIRST: True
  MLP_HIDDEN_DIMS: (64, 64, 64)
  NON_LINEARITY: silu
  NUM_ANGULAR: 31
  NUM_RADIAL: 31
  N_CONV: 4
  READOUT_NORM: layer
  READ_OUT: ave
DATASET:
  PREDEFINED_SPLIT: False
  RATIO: 1.0
  SPLIT_GLOB: 
  TRAIN: data/fine_tune/train_data_25.json
  VAL: data/fine_tune/test_data.json
LEFTNET:
  ENCODING: none
  HIDDEN_CHANNELS: 128
  LAYER_FREEZE: none
  NUM_LAYERS: 4
  OTF_GRAPH: False
  REGRESS_FORCES: False
  USE_PBC: True
LOGGING:
  LOG_DIR: saved_models
  LOG_DIR_NAME: train_from_scratch/svr_25
MODEL:
  CIF_FOLDER: cif_file
  HYPERPARAMS:
    C: [1, 10, 100]
    SEARCH: grid
    epsilon: [0.01, 0.1, 0.5]
    gamma: [0.01, 0.1, 1]
    kernel: ['rbf']
  INIT_FILE: cif_file/atom_init.json
  MAX_NBRS: 12
  NAME: svm
  PRETRAINED_MODEL_PATH: 
  RADIUS: 7.0
MODEL_COMMON:
  CUTOFF: 6.0
  NUM_RADIAL: 32
  OUTPUT_DIM: 1
OUTPUT:
  DIR: results
  LOOP_RESULTS: loop_50epochs.csv
  PREDICTIONS: predictions_reduced_ds2.csv
SOLVER:
  BATCH_SIZE: 64
  DISABLE_CUDA: False
  EPOCHS: 1
  LR: 0.01
  LR_MILESTONES: [100, 200]
  MOMENTUM: 0.9
  NUM_FOLDS: 10
  NUM_RUNS: 1
  OPTIM: SGD
  PRINT_FREQ: 10
  RANDOMIZE: False
  RESUME: 
  SEED: 42
  START_EPOCH: 0
  TASK: regression
  WEIGHT_DECAY: 0.0
  WORKERS: 0/home/haolin/miniconda3/envs/pykale/lib/python3.11/site-packages/pymatgen/core/structure.py:3109: UserWarning: Issues encountered while parsing CIF: 16 fractional coordinates rounded to ideal values to avoid issues with finite precision.
  struct = parser.parse_structures(primitive=primitive)[0]
/home/haolin/miniconda3/envs/pykale/lib/python3.11/site-packages/pymatgen/core/structure.py:3109: UserWarning: Issues encountered while parsing CIF: 6 fractional coordinates rounded to ideal values to avoid issues with finite precision.
  struct = parser.parse_structures(primitive=primitive)[0]
/home/haolin/miniconda3/envs/pykale/lib/python3.11/site-packages/pymatgen/core/structure.py:3109: UserWarning: Issues encountered while parsing CIF: 4 fractional coordinates rounded to ideal values to avoid issues with finite precision.
  struct = parser.parse_structures(primitive=primitive)[0]
/home/haolin/miniconda3/envs/pykale/lib/python3.11/site-packages/pymatgen/core/structure.py:3109: UserWarning: Issues encountered while parsing CIF: 12 fractional coordinates rounded to ideal values to avoid issues with finite precision.
  struct = parser.parse_structures(primitive=primitive)[0]
/home/haolin/miniconda3/envs/pykale/lib/python3.11/site-packages/pymatgen/core/structure.py:3109: UserWarning: Issues encountered while parsing CIF: 28 fractional coordinates rounded to ideal values to avoid issues with finite precision.
  struct = parser.parse_structures(primitive=primitive)[0]
/home/haolin/miniconda3/envs/pykale/lib/python3.11/site-packages/pymatgen/core/structure.py:3109: UserWarning: Issues encountered while parsing CIF: 8 fractional coordinates rounded to ideal values to avoid issues with finite precision.
  struct = parser.parse_structures(primitive=primitive)[0]
/home/haolin/miniconda3/envs/pykale/lib/python3.11/site-packages/pymatgen/core/structure.py:3109: UserWarning: Issues encountered while parsing CIF: 20 fractional coordinates rounded to ideal values to avoid issues with finite precision.
  struct = parser.parse_structures(primitive=primitive)[0]
/home/haolin/miniconda3/envs/pykale/lib/python3.11/site-packages/pymatgen/core/structure.py:3109: UserWarning: Issues encountered while parsing CIF: 1 fractional coordinates rounded to ideal values to avoid issues with finite precision.
  struct = parser.parse_structures(primitive=primitive)[0]
/home/haolin/miniconda3/envs/pykale/lib/python3.11/site-packages/pymatgen/core/structure.py:3109: UserWarning: Issues encountered while parsing CIF: 2 fractional coordinates rounded to ideal values to avoid issues with finite precision.
  struct = parser.parse_structures(primitive=primitive)[0]
/home/haolin/miniconda3/envs/pykale/lib/python3.11/site-packages/pymatgen/core/structure.py:3109: UserWarning: Issues encountered while parsing CIF: 14 fractional coordinates rounded to ideal values to avoid issues with finite precision.
  struct = parser.parse_structures(primitive=primitive)[0]
/home/haolin/miniconda3/envs/pykale/lib/python3.11/site-packages/pymatgen/core/structure.py:3109: UserWarning: Issues encountered while parsing CIF: 7 fractional coordinates rounded to ideal values to avoid issues with finite precision.
  struct = parser.parse_structures(primitive=primitive)[0]
/home/haolin/miniconda3/envs/pykale/lib/python3.11/site-packages/pymatgen/core/structure.py:3109: UserWarning: Issues encountered while parsing CIF: 24 fractional coordinates rounded to ideal values to avoid issues with finite precision.
  struct = parser.parse_structures(primitive=primitive)[0]
/home/haolin/miniconda3/envs/pykale/lib/python3.11/site-packages/pymatgen/core/structure.py:3109: UserWarning: Issues encountered while parsing CIF: 20 fractional coordinates rounded to ideal values to avoid issues with finite precision.
  struct = parser.parse_structures(primitive=primitive)[0]
/home/haolin/miniconda3/envs/pykale/lib/python3.11/site-packages/pymatgen/core/structure.py:3109: UserWarning: Issues encountered while parsing CIF: 12 fractional coordinates rounded to ideal values to avoid issues with finite precision.
  struct = parser.parse_structures(primitive=primitive)[0]
/home/haolin/miniconda3/envs/pykale/lib/python3.11/site-packages/pymatgen/core/structure.py:3109: UserWarning: Issues encountered while parsing CIF: 4 fractional coordinates rounded to ideal values to avoid issues with finite precision.
  struct = parser.parse_structures(primitive=primitive)[0]
/home/haolin/miniconda3/envs/pykale/lib/python3.11/site-packages/pymatgen/core/structure.py:3109: UserWarning: Issues encountered while parsing CIF: 8 fractional coordinates rounded to ideal values to avoid issues with finite precision.
  struct = parser.parse_structures(primitive=primitive)[0]
/home/haolin/miniconda3/envs/pykale/lib/python3.11/site-packages/pymatgen/core/structure.py:3109: UserWarning: Issues encountered while parsing CIF: 1 fractional coordinates rounded to ideal values to avoid issues with finite precision.
  struct = parser.parse_structures(primitive=primitive)[0]
/home/haolin/miniconda3/envs/pykale/lib/python3.11/site-packages/pymatgen/core/structure.py:3109: UserWarning: Issues encountered while parsing CIF: 76 fractional coordinates rounded to ideal values to avoid issues with finite precision.
  struct = parser.parse_structures(primitive=primitive)[0]
/home/haolin/miniconda3/envs/pykale/lib/python3.11/site-packages/pymatgen/core/structure.py:3109: UserWarning: Issues encountered while parsing CIF: 16 fractional coordinates rounded to ideal values to avoid issues with finite precision.
  struct = parser.parse_structures(primitive=primitive)[0]
/home/haolin/miniconda3/envs/pykale/lib/python3.11/site-packages/pymatgen/core/structure.py:3109: UserWarning: Issues encountered while parsing CIF: 2 fractional coordinates rounded to ideal values to avoid issues with finite precision.
  struct = parser.parse_structures(primitive=primitive)[0]
/home/haolin/miniconda3/envs/pykale/lib/python3.11/site-packages/pymatgen/core/structure.py:3109: UserWarning: Issues encountered while parsing CIF: 12 fractional coordinates rounded to ideal values to avoid issues with finite precision.
  struct = parser.parse_structures(primitive=primitive)[0]
/home/haolin/miniconda3/envs/pykale/lib/python3.11/site-packages/pymatgen/core/structure.py:3109: UserWarning: Issues encountered while parsing CIF: 16 fractional coordinates rounded to ideal values to avoid issues with finite precision.
  struct = parser.parse_structures(primitive=primitive)[0]
/home/haolin/miniconda3/envs/pykale/lib/python3.11/site-packages/pymatgen/core/structure.py:3109: UserWarning: Issues encountered while parsing CIF: 8 fractional coordinates rounded to ideal values to avoid issues with finite precision.
  struct = parser.parse_structures(primitive=primitive)[0]
/home/haolin/miniconda3/envs/pykale/lib/python3.11/site-packages/pymatgen/core/structure.py:3109: UserWarning: Issues encountered while parsing CIF: 2 fractional coordinates rounded to ideal values to avoid issues with finite precision.
  struct = parser.parse_structures(primitive=primitive)[0]
/home/haolin/miniconda3/envs/pykale/lib/python3.11/site-packages/pymatgen/core/structure.py:3109: UserWarning: Issues encountered while parsing CIF: 4 fractional coordinates rounded to ideal values to avoid issues with finite precision.
  struct = parser.parse_structures(primitive=primitive)[0]
/home/haolin/miniconda3/envs/pykale/lib/python3.11/site-packages/pymatgen/core/structure.py:3109: UserWarning: Issues encountered while parsing CIF: 6 fractional coordinates rounded to ideal values to avoid issues with finite precision.
  struct = parser.parse_structures(primitive=primitive)[0]
/home/haolin/miniconda3/envs/pykale/lib/python3.11/site-packages/pymatgen/core/structure.py:3109: UserWarning: Issues encountered while parsing CIF: 20 fractional coordinates rounded to ideal values to avoid issues with finite precision.
  struct = parser.parse_structures(primitive=primitive)[0]
/home/haolin/miniconda3/envs/pykale/lib/python3.11/site-packages/pymatgen/core/structure.py:3109: UserWarning: Issues encountered while parsing CIF: 1 fractional coordinates rounded to ideal values to avoid issues with finite precision.
  struct = parser.parse_structures(primitive=primitive)[0]
/home/haolin/miniconda3/envs/pykale/lib/python3.11/site-packages/pymatgen/core/structure.py:3109: UserWarning: Issues encountered while parsing CIF: 14 fractional coordinates rounded to ideal values to avoid issues with finite precision.
  struct = parser.parse_structures(primitive=primitive)[0]
/home/haolin/miniconda3/envs/pykale/lib/python3.11/site-packages/pymatgen/core/structure.py:3109: UserWarning: Issues encountered while parsing CIF: 28 fractional coordinates rounded to ideal values to avoid issues with finite precision.
  struct = parser.parse_structures(primitive=primitive)[0]
/home/haolin/miniconda3/envs/pykale/lib/python3.11/site-packages/pymatgen/core/structure.py:3109: UserWarning: Issues encountered while parsing CIF: 7 fractional coordinates rounded to ideal values to avoid issues with finite precision.
  struct = parser.parse_structures(primitive=primitive)[0]
/home/haolin/miniconda3/envs/pykale/lib/python3.11/site-packages/pymatgen/core/structure.py:3109: UserWarning: Issues encountered while parsing CIF: 24 fractional coordinates rounded to ideal values to avoid issues with finite precision.
  struct = parser.parse_structures(primitive=primitive)[0]
/home/haolin/miniconda3/envs/pykale/lib/python3.11/site-packages/pymatgen/core/structure.py:3109: UserWarning: Issues encountered while parsing CIF: 20 fractional coordinates rounded to ideal values to avoid issues with finite precision.
  struct = parser.parse_structures(primitive=primitive)[0]
/home/haolin/miniconda3/envs/pykale/lib/python3.11/site-packages/pymatgen/core/structure.py:3109: UserWarning: Issues encountered while parsing CIF: 12 fractional coordinates rounded to ideal values to avoid issues with finite precision.
  struct = parser.parse_structures(primitive=primitive)[0]
/home/haolin/miniconda3/envs/pykale/lib/python3.11/site-packages/pymatgen/core/structure.py:3109: UserWarning: Issues encountered while parsing CIF: 4 fractional coordinates rounded to ideal values to avoid issues with finite precision.
  struct = parser.parse_structures(primitive=primitive)[0]
/home/haolin/miniconda3/envs/pykale/lib/python3.11/site-packages/pymatgen/core/structure.py:3109: UserWarning: Issues encountered while parsing CIF: 8 fractional coordinates rounded to ideal values to avoid issues with finite precision.
  struct = parser.parse_structures(primitive=primitive)[0]
/home/haolin/miniconda3/envs/pykale/lib/python3.11/site-packages/pymatgen/core/structure.py:3109: UserWarning: Issues encountered while parsing CIF: 1 fractional coordinates rounded to ideal values to avoid issues with finite precision.
  struct = parser.parse_structures(primitive=primitive)[0]
/home/haolin/miniconda3/envs/pykale/lib/python3.11/site-packages/pymatgen/core/structure.py:3109: UserWarning: Issues encountered while parsing CIF: 76 fractional coordinates rounded to ideal values to avoid issues with finite precision.
  struct = parser.parse_structures(primitive=primitive)[0]
/home/haolin/miniconda3/envs/pykale/lib/python3.11/site-packages/pymatgen/core/structure.py:3109: UserWarning: Issues encountered while parsing CIF: 16 fractional coordinates rounded to ideal values to avoid issues with finite precision.
  struct = parser.parse_structures(primitive=primitive)[0]
/home/haolin/miniconda3/envs/pykale/lib/python3.11/site-packages/pymatgen/core/structure.py:3109: UserWarning: Issues encountered while parsing CIF: 2 fractional coordinates rounded to ideal values to avoid issues with finite precision.
  struct = parser.parse_structures(primitive=primitive)[0]
/home/haolin/miniconda3/envs/pykale/lib/python3.11/site-packages/pymatgen/core/structure.py:3109: UserWarning: Issues encountered while parsing CIF: 16 fractional coordinates rounded to ideal values to avoid issues with finite precision.
  struct = parser.parse_structures(primitive=primitive)[0]
/home/haolin/miniconda3/envs/pykale/lib/python3.11/site-packages/pymatgen/core/structure.py:3109: UserWarning: Issues encountered while parsing CIF: 4 fractional coordinates rounded to ideal values to avoid issues with finite precision.
  struct = parser.parse_structures(primitive=primitive)[0]
/home/haolin/miniconda3/envs/pykale/lib/python3.11/site-packages/pymatgen/core/structure.py:3109: UserWarning: Issues encountered while parsing CIF: 2 fractional coordinates rounded to ideal values to avoid issues with finite precision.
  struct = parser.parse_structures(primitive=primitive)[0]
/home/haolin/miniconda3/envs/pykale/lib/python3.11/site-packages/pymatgen/core/structure.py:3109: UserWarning: Issues encountered while parsing CIF: 1 fractional coordinates rounded to ideal values to avoid issues with finite precision.
  struct = parser.parse_structures(primitive=primitive)[0]
/home/haolin/miniconda3/envs/pykale/lib/python3.11/site-packages/pymatgen/core/structure.py:3109: UserWarning: Issues encountered while parsing CIF: 8 fractional coordinates rounded to ideal values to avoid issues with finite precision.
  struct = parser.parse_structures(primitive=primitive)[0]
/home/haolin/miniconda3/envs/pykale/lib/python3.11/site-packages/pymatgen/core/structure.py:3109: UserWarning: Issues encountered while parsing CIF: 20 fractional coordinates rounded to ideal values to avoid issues with finite precision.
  struct = parser.parse_structures(primitive=primitive)[0]
/home/haolin/miniconda3/envs/pykale/lib/python3.11/site-packages/pymatgen/core/structure.py:3109: UserWarning: Issues encountered while parsing CIF: 12 fractional coordinates rounded to ideal values to avoid issues with finite precision.
  struct = parser.parse_structures(primitive=primitive)[0]
/home/haolin/miniconda3/envs/pykale/lib/python3.11/site-packages/pymatgen/core/structure.py:3109: UserWarning: Issues encountered while parsing CIF: 7 fractional coordinates rounded to ideal values to avoid issues with finite precision.
  struct = parser.parse_structures(primitive=primitive)[0]
/home/haolin/miniconda3/envs/pykale/lib/python3.11/site-packages/pymatgen/core/structure.py:3109: UserWarning: Issues encountered while parsing CIF: 14 fractional coordinates rounded to ideal values to avoid issues with finite precision.
  struct = parser.parse_structures(primitive=primitive)[0]
/home/haolin/miniconda3/envs/pykale/lib/python3.11/site-packages/pymatgen/core/structure.py:3109: UserWarning: Issues encountered while parsing CIF: 24 fractional coordinates rounded to ideal values to avoid issues with finite precision.
  struct = parser.parse_structures(primitive=primitive)[0]
/home/haolin/miniconda3/envs/pykale/lib/python3.11/site-packages/pymatgen/core/structure.py:3109: UserWarning: Issues encountered while parsing CIF: 6 fractional coordinates rounded to ideal values to avoid issues with finite precision.
  struct = parser.parse_structures(primitive=primitive)[0]
/home/haolin/miniconda3/envs/pykale/lib/python3.11/site-packages/pymatgen/core/structure.py:3109: UserWarning: Issues encountered while parsing CIF: 28 fractional coordinates rounded to ideal values to avoid issues with finite precision.
  struct = parser.parse_structures(primitive=primitive)[0]
/home/haolin/miniconda3/envs/pykale/lib/python3.11/site-packages/pymatgen/core/structure.py:3109: UserWarning: Issues encountered while parsing CIF: 20 fractional coordinates rounded to ideal values to avoid issues with finite precision.
  struct = parser.parse_structures(primitive=primitive)[0]
/home/haolin/miniconda3/envs/pykale/lib/python3.11/site-packages/pymatgen/core/structure.py:3109: UserWarning: Issues encountered while parsing CIF: 12 fractional coordinates rounded to ideal values to avoid issues with finite precision.
  struct = parser.parse_structures(primitive=primitive)[0]
/home/haolin/miniconda3/envs/pykale/lib/python3.11/site-packages/pymatgen/core/structure.py:3109: UserWarning: Issues encountered while parsing CIF: 4 fractional coordinates rounded to ideal values to avoid issues with finite precision.
  struct = parser.parse_structures(primitive=primitive)[0]
/home/haolin/miniconda3/envs/pykale/lib/python3.11/site-packages/pymatgen/core/structure.py:3109: UserWarning: Issues encountered while parsing CIF: 8 fractional coordinates rounded to ideal values to avoid issues with finite precision.
  struct = parser.parse_structures(primitive=primitive)[0]
/home/haolin/miniconda3/envs/pykale/lib/python3.11/site-packages/pymatgen/core/structure.py:3109: UserWarning: Issues encountered while parsing CIF: 1 fractional coordinates rounded to ideal values to avoid issues with finite precision.
  struct = parser.parse_structures(primitive=primitive)[0]
/home/haolin/miniconda3/envs/pykale/lib/python3.11/site-packages/pymatgen/core/structure.py:3109: UserWarning: Issues encountered while parsing CIF: 76 fractional coordinates rounded to ideal values to avoid issues with finite precision.
  struct = parser.parse_structures(primitive=primitive)[0]
/home/haolin/miniconda3/envs/pykale/lib/python3.11/site-packages/pymatgen/core/structure.py:3109: UserWarning: Issues encountered while parsing CIF: 16 fractional coordinates rounded to ideal values to avoid issues with finite precision.
  struct = parser.parse_structures(primitive=primitive)[0]
/home/haolin/miniconda3/envs/pykale/lib/python3.11/site-packages/pymatgen/core/structure.py:3109: UserWarning: Issues encountered while parsing CIF: 2 fractional coordinates rounded to ideal values to avoid issues with finite precision.
  struct = parser.parse_structures(primitive=primitive)[0]

Training svm model...
Results for fold 7:
  Validation MAE: 0.436360
  Validation MSE: 0.314841
  Validation MRE: 0.228297
  Validation R2:  0.534756
  Test MAE: 0.618510
  Test MSE: 0.649227
  Test MRE: 0.305258
  Test R2:  0.310306
  Best Hyperparameters: {'C': 1, 'epsilon': 0.01, 'gamma': 0.1, 'kernel': 'rbf'}
7 best params: {'C': 1, 'epsilon': 0.01, 'gamma': 0.1, 'kernel': 'rbf'}
Saved svm best params to saved_models/best_params_7.json
7 svm Validation Result- MAE: 0.43635973008424994, MSE: 0.3148414407441325, MRE: 0.22829728315311032, R²: 0.5347560077374198
7 svm Test Result- MAE: 0.6185104146607845, MSE: 0.6492273278443559, MRE: 0.3052577495163749, R²: 0.31030635565092335

Fold 8/10: 8
ALIGNN:
  ACTIVATION: silu
  ALIGNN_LAYERS: 4
  ATOM_EMBEDDING_SIZE: 256
  ATOM_FEA_LEN: 92
  BOND_FEAT_DIM: 80
  CUTOFF: 5.0
  DROPOUT: 0.0
  EMBEDDING_FEATURES: 64
  ENCODING: prop
  GCN_LAYERS: 4
  HIDDEN_DIM: 128
  LAYER_FREEZE: none
  LINK: identity
  MAX_NEIGHBORS: 1000
  MAX_NUM_ELEMENTS: 94
  NUM_GAUSSIANS: 80
  NUM_LAYERS: 4
  NUM_RBF: None
  RBF_TRAINABLE: False
  READOUT: mean
  REGRESS_FORCES: False
  TRIPLET_INPUT_FEATURES: 40
CARTNET:
  ATOM_TYPES: True
  DIM_IN: 256
  DIM_RBF: 64
  ENCODING: z
  INVARIANT: False
  NUM_LAYERS: 4
  TEMPERATURE: False
  USE_ENVELOPE: True
CGCNN:
  ATOM_FEA_LEN: 64
  FEATURE_FUSION: none
  H_FEA_LEN: 128
  LAYER_FREEZE: none
  NBR_FEA_LEN: 36
  NUM_REPEAT: 1
  N_CONV: 3
  N_H: 1
  ORIG_ATOM_FEA_LEN: 92
  POS_FEA_LEN: 3
CHGNET:
  ANGLE_FEA_DIM: 64
  ANGLE_LAYER_HIDDEN_DIM: 0
  ATOM_CONV_HIDDEN_DIM: 64
  ATOM_FEA_DIM: 64
  ATOM_GRAPH_CUTOFF: 6.0
  ATOM_INPUT_DIM: 92
  BOND_CONV_HIDDEN_DIM: 64
  BOND_FEA_DIM: 64
  BOND_GRAPH_CUTOFF: 3.0
  CONV_DROPOUT: 0.0
  CUTOFF_COEFF: 8
  ENCODING: z
  GMLP_NORM: layer
  GRAPH_CONVERTER_ALGORITHM: fast
  IS_INTENSIVE: True
  LEARNABLE_RBF: True
  MAX_NUM_ELEMENTS: 94
  MLP_DROPOUT: 0.0
  MLP_FIRST: True
  MLP_HIDDEN_DIMS: (64, 64, 64)
  NON_LINEARITY: silu
  NUM_ANGULAR: 31
  NUM_RADIAL: 31
  N_CONV: 4
  READOUT_NORM: layer
  READ_OUT: ave
DATASET:
  PREDEFINED_SPLIT: False
  RATIO: 1.0
  SPLIT_GLOB: 
  TRAIN: data/fine_tune/train_data_25.json
  VAL: data/fine_tune/test_data.json
LEFTNET:
  ENCODING: none
  HIDDEN_CHANNELS: 128
  LAYER_FREEZE: none
  NUM_LAYERS: 4
  OTF_GRAPH: False
  REGRESS_FORCES: False
  USE_PBC: True
LOGGING:
  LOG_DIR: saved_models
  LOG_DIR_NAME: train_from_scratch/svr_25
MODEL:
  CIF_FOLDER: cif_file
  HYPERPARAMS:
    C: [1, 10, 100]
    SEARCH: grid
    epsilon: [0.01, 0.1, 0.5]
    gamma: [0.01, 0.1, 1]
    kernel: ['rbf']
  INIT_FILE: cif_file/atom_init.json
  MAX_NBRS: 12
  NAME: svm
  PRETRAINED_MODEL_PATH: 
  RADIUS: 7.0
MODEL_COMMON:
  CUTOFF: 6.0
  NUM_RADIAL: 32
  OUTPUT_DIM: 1
OUTPUT:
  DIR: results
  LOOP_RESULTS: loop_50epochs.csv
  PREDICTIONS: predictions_reduced_ds2.csv
SOLVER:
  BATCH_SIZE: 64
  DISABLE_CUDA: False
  EPOCHS: 1
  LR: 0.01
  LR_MILESTONES: [100, 200]
  MOMENTUM: 0.9
  NUM_FOLDS: 10
  NUM_RUNS: 1
  OPTIM: SGD
  PRINT_FREQ: 10
  RANDOMIZE: False
  RESUME: 
  SEED: 42
  START_EPOCH: 0
  TASK: regression
  WEIGHT_DECAY: 0.0
  WORKERS: 0
Training svm model...
Results for fold 8:
  Validation MAE: 0.772586
  Validation MSE: 1.124131
  Validation MRE: 0.459267
  Validation R2:  0.306595
  Test MAE: 0.600384
  Test MSE: 0.589249
  Test MRE: 0.303137
  Test R2:  0.374023
  Best Hyperparameters: {'C': 100, 'epsilon': 0.1, 'gamma': 0.01, 'kernel': 'rbf'}
8 best params: {'C': 100, 'epsilon': 0.1, 'gamma': 0.01, 'kernel': 'rbf'}
Saved svm best params to saved_models/best_params_8.json
8 svm Validation Result- MAE: 0.772586089596885, MSE: 1.1241313799869748, MRE: 0.4592667921153835, R²: 0.30659506827306493
8 svm Test Result- MAE: 0.6003837970193696, MSE: 0.5892492310585474, MRE: 0.30313696186907696, R²: 0.37402288509936166

Fold 9/10: 9
ALIGNN:
  ACTIVATION: silu
  ALIGNN_LAYERS: 4
  ATOM_EMBEDDING_SIZE: 256
  ATOM_FEA_LEN: 92
  BOND_FEAT_DIM: 80
  CUTOFF: 5.0
  DROPOUT: 0.0
  EMBEDDING_FEATURES: 64
  ENCODING: prop
  GCN_LAYERS: 4
  HIDDEN_DIM: 128
  LAYER_FREEZE: none
  LINK: identity
  MAX_NEIGHBORS: 1000
  MAX_NUM_ELEMENTS: 94
  NUM_GAUSSIANS: 80
  NUM_LAYERS: 4
  NUM_RBF: None
  RBF_TRAINABLE: False
  READOUT: mean
  REGRESS_FORCES: False
  TRIPLET_INPUT_FEATURES: 40
CARTNET:
  ATOM_TYPES: True
  DIM_IN: 256
  DIM_RBF: 64
  ENCODING: z
  INVARIANT: False
  NUM_LAYERS: 4
  TEMPERATURE: False
  USE_ENVELOPE: True
CGCNN:
  ATOM_FEA_LEN: 64
  FEATURE_FUSION: none
  H_FEA_LEN: 128
  LAYER_FREEZE: none
  NBR_FEA_LEN: 36
  NUM_REPEAT: 1
  N_CONV: 3
  N_H: 1
  ORIG_ATOM_FEA_LEN: 92
  POS_FEA_LEN: 3
CHGNET:
  ANGLE_FEA_DIM: 64
  ANGLE_LAYER_HIDDEN_DIM: 0
  ATOM_CONV_HIDDEN_DIM: 64
  ATOM_FEA_DIM: 64
  ATOM_GRAPH_CUTOFF: 6.0
  ATOM_INPUT_DIM: 92
  BOND_CONV_HIDDEN_DIM: 64
  BOND_FEA_DIM: 64
  BOND_GRAPH_CUTOFF: 3.0
  CONV_DROPOUT: 0.0
  CUTOFF_COEFF: 8
  ENCODING: z
  GMLP_NORM: layer
  GRAPH_CONVERTER_ALGORITHM: fast
  IS_INTENSIVE: True
  LEARNABLE_RBF: True
  MAX_NUM_ELEMENTS: 94
  MLP_DROPOUT: 0.0
  MLP_FIRST: True
  MLP_HIDDEN_DIMS: (64, 64, 64)
  NON_LINEARITY: silu
  NUM_ANGULAR: 31
  NUM_RADIAL: 31
  N_CONV: 4
  READOUT_NORM: layer
  READ_OUT: ave
DATASET:
  PREDEFINED_SPLIT: False
  RATIO: 1.0
  SPLIT_GLOB: 
  TRAIN: data/fine_tune/train_data_25.json
  VAL: data/fine_tune/test_data.json
LEFTNET:
  ENCODING: none
  HIDDEN_CHANNELS: 128
  LAYER_FREEZE: none
  NUM_LAYERS: 4
  OTF_GRAPH: False
  REGRESS_FORCES: False
  USE_PBC: True
LOGGING:
  LOG_DIR: saved_models
  LOG_DIR_NAME: train_from_scratch/svr_25
MODEL:
  CIF_FOLDER: cif_file
  HYPERPARAMS:
    C: [1, 10, 100]
    SEARCH: grid
    epsilon: [0.01, 0.1, 0.5]
    gamma: [0.01, 0.1, 1]
    kernel: ['rbf']
  INIT_FILE: cif_file/atom_init.json
  MAX_NBRS: 12
  NAME: svm
  PRETRAINED_MODEL_PATH: 
  RADIUS: 7.0
MODEL_COMMON:
  CUTOFF: 6.0
  NUM_RADIAL: 32
  OUTPUT_DIM: 1
OUTPUT:
  DIR: results
  LOOP_RESULTS: loop_50epochs.csv
  PREDICTIONS: predictions_reduced_ds2.csv
SOLVER:
  BATCH_SIZE: 64
  DISABLE_CUDA: False
  EPOCHS: 1
  LR: 0.01
  LR_MILESTONES: [100, 200]
  MOMENTUM: 0.9
  NUM_FOLDS: 10
  NUM_RUNS: 1
  OPTIM: SGD
  PRINT_FREQ: 10
  RANDOMIZE: False
  RESUME: 
  SEED: 42
  START_EPOCH: 0
  TASK: regression
  WEIGHT_DECAY: 0.0
  WORKERS: 0
Training svm model...
Results for fold 9:
  Validation MAE: 0.576216
  Validation MSE: 0.640170
  Validation MRE: 0.362279
  Validation R2:  0.518028
  Test MAE: 0.601254
  Test MSE: 0.587061
  Test MRE: 0.300241
  Test R2:  0.376348
  Best Hyperparameters: {'C': 100, 'epsilon': 0.01, 'gamma': 0.01, 'kernel': 'rbf'}
9 best params: {'C': 100, 'epsilon': 0.01, 'gamma': 0.01, 'kernel': 'rbf'}
Saved svm best params to saved_models/best_params_9.json
9 svm Validation Result- MAE: 0.5762157506426183, MSE: 0.640170161015604, MRE: 0.36227915068593236, R²: 0.5180279841031228
9 svm Test Result- MAE: 0.6012539948317571, MSE: 0.587060543325042, MRE: 0.30024112668532327, R²: 0.37634799366229843

Fold 10/10: 10
ALIGNN:
  ACTIVATION: silu
  ALIGNN_LAYERS: 4
  ATOM_EMBEDDING_SIZE: 256
  ATOM_FEA_LEN: 92
  BOND_FEAT_DIM: 80
  CUTOFF: 5.0
  DROPOUT: 0.0
  EMBEDDING_FEATURES: 64
  ENCODING: prop
  GCN_LAYERS: 4
  HIDDEN_DIM: 128
  LAYER_FREEZE: none
  LINK: identity
  MAX_NEIGHBORS: 1000
  MAX_NUM_ELEMENTS: 94
  NUM_GAUSSIANS: 80
  NUM_LAYERS: 4
  NUM_RBF: None
  RBF_TRAINABLE: False
  READOUT: mean
  REGRESS_FORCES: False
  TRIPLET_INPUT_FEATURES: 40
CARTNET:
  ATOM_TYPES: True
  DIM_IN: 256
  DIM_RBF: 64
  ENCODING: z
  INVARIANT: False
  NUM_LAYERS: 4
  TEMPERATURE: False
  USE_ENVELOPE: True
CGCNN:
  ATOM_FEA_LEN: 64
  FEATURE_FUSION: none
  H_FEA_LEN: 128
  LAYER_FREEZE: none
  NBR_FEA_LEN: 36
  NUM_REPEAT: 1
  N_CONV: 3
  N_H: 1
  ORIG_ATOM_FEA_LEN: 92
  POS_FEA_LEN: 3
CHGNET:
  ANGLE_FEA_DIM: 64
  ANGLE_LAYER_HIDDEN_DIM: 0
  ATOM_CONV_HIDDEN_DIM: 64
  ATOM_FEA_DIM: 64
  ATOM_GRAPH_CUTOFF: 6.0
  ATOM_INPUT_DIM: 92
  BOND_CONV_HIDDEN_DIM: 64
  BOND_FEA_DIM: 64
  BOND_GRAPH_CUTOFF: 3.0
  CONV_DROPOUT: 0.0
  CUTOFF_COEFF: 8
  ENCODING: z
  GMLP_NORM: layer
  GRAPH_CONVERTER_ALGORITHM: fast
  IS_INTENSIVE: True
  LEARNABLE_RBF: True
  MAX_NUM_ELEMENTS: 94
  MLP_DROPOUT: 0.0
  MLP_FIRST: True
  MLP_HIDDEN_DIMS: (64, 64, 64)
  NON_LINEARITY: silu
  NUM_ANGULAR: 31
  NUM_RADIAL: 31
  N_CONV: 4
  READOUT_NORM: layer
  READ_OUT: ave
DATASET:
  PREDEFINED_SPLIT: False
  RATIO: 1.0
  SPLIT_GLOB: 
  TRAIN: data/fine_tune/train_data_25.json
  VAL: data/fine_tune/test_data.json
LEFTNET:
  ENCODING: none
  HIDDEN_CHANNELS: 128
  LAYER_FREEZE: none
  NUM_LAYERS: 4
  OTF_GRAPH: False
  REGRESS_FORCES: False
  USE_PBC: True
LOGGING:
  LOG_DIR: saved_models
  LOG_DIR_NAME: train_from_scratch/svr_25
MODEL:
  CIF_FOLDER: cif_file
  HYPERPARAMS:
    C: [1, 10, 100]
    SEARCH: grid
    epsilon: [0.01, 0.1, 0.5]
    gamma: [0.01, 0.1, 1]
    kernel: ['rbf']
  INIT_FILE: cif_file/atom_init.json
  MAX_NBRS: 12
  NAME: svm
  PRETRAINED_MODEL_PATH: 
  RADIUS: 7.0
MODEL_COMMON:
  CUTOFF: 6.0
  NUM_RADIAL: 32
  OUTPUT_DIM: 1
OUTPUT:
  DIR: results
  LOOP_RESULTS: loop_50epochs.csv
  PREDICTIONS: predictions_reduced_ds2.csv
SOLVER:
  BATCH_SIZE: 64
  DISABLE_CUDA: False
  EPOCHS: 1
  LR: 0.01
  LR_MILESTONES: [100, 200]
  MOMENTUM: 0.9
  NUM_FOLDS: 10
  NUM_RUNS: 1
  OPTIM: SGD
  PRINT_FREQ: 10
  RANDOMIZE: False
  RESUME: 
  SEED: 42
  START_EPOCH: 0
  TASK: regression
  WEIGHT_DECAY: 0.0
  WORKERS: 0/home/haolin/miniconda3/envs/pykale/lib/python3.11/site-packages/pymatgen/core/structure.py:3109: UserWarning: Issues encountered while parsing CIF: 20 fractional coordinates rounded to ideal values to avoid issues with finite precision.
  struct = parser.parse_structures(primitive=primitive)[0]
/home/haolin/miniconda3/envs/pykale/lib/python3.11/site-packages/pymatgen/core/structure.py:3109: UserWarning: Issues encountered while parsing CIF: 8 fractional coordinates rounded to ideal values to avoid issues with finite precision.
  struct = parser.parse_structures(primitive=primitive)[0]
/home/haolin/miniconda3/envs/pykale/lib/python3.11/site-packages/pymatgen/core/structure.py:3109: UserWarning: Issues encountered while parsing CIF: 12 fractional coordinates rounded to ideal values to avoid issues with finite precision.
  struct = parser.parse_structures(primitive=primitive)[0]
/home/haolin/miniconda3/envs/pykale/lib/python3.11/site-packages/pymatgen/core/structure.py:3109: UserWarning: Issues encountered while parsing CIF: 4 fractional coordinates rounded to ideal values to avoid issues with finite precision.
  struct = parser.parse_structures(primitive=primitive)[0]
/home/haolin/miniconda3/envs/pykale/lib/python3.11/site-packages/pymatgen/core/structure.py:3109: UserWarning: Issues encountered while parsing CIF: 6 fractional coordinates rounded to ideal values to avoid issues with finite precision.
  struct = parser.parse_structures(primitive=primitive)[0]
/home/haolin/miniconda3/envs/pykale/lib/python3.11/site-packages/pymatgen/core/structure.py:3109: UserWarning: Issues encountered while parsing CIF: 16 fractional coordinates rounded to ideal values to avoid issues with finite precision.
  struct = parser.parse_structures(primitive=primitive)[0]
/home/haolin/miniconda3/envs/pykale/lib/python3.11/site-packages/pymatgen/core/structure.py:3109: UserWarning: Issues encountered while parsing CIF: 1 fractional coordinates rounded to ideal values to avoid issues with finite precision.
  struct = parser.parse_structures(primitive=primitive)[0]
/home/haolin/miniconda3/envs/pykale/lib/python3.11/site-packages/pymatgen/core/structure.py:3109: UserWarning: Issues encountered while parsing CIF: 2 fractional coordinates rounded to ideal values to avoid issues with finite precision.
  struct = parser.parse_structures(primitive=primitive)[0]
/home/haolin/miniconda3/envs/pykale/lib/python3.11/site-packages/pymatgen/core/structure.py:3109: UserWarning: Issues encountered while parsing CIF: 14 fractional coordinates rounded to ideal values to avoid issues with finite precision.
  struct = parser.parse_structures(primitive=primitive)[0]
/home/haolin/miniconda3/envs/pykale/lib/python3.11/site-packages/pymatgen/core/structure.py:3109: UserWarning: Issues encountered while parsing CIF: 28 fractional coordinates rounded to ideal values to avoid issues with finite precision.
  struct = parser.parse_structures(primitive=primitive)[0]
/home/haolin/miniconda3/envs/pykale/lib/python3.11/site-packages/pymatgen/core/structure.py:3109: UserWarning: Issues encountered while parsing CIF: 7 fractional coordinates rounded to ideal values to avoid issues with finite precision.
  struct = parser.parse_structures(primitive=primitive)[0]
/home/haolin/miniconda3/envs/pykale/lib/python3.11/site-packages/pymatgen/core/structure.py:3109: UserWarning: Issues encountered while parsing CIF: 24 fractional coordinates rounded to ideal values to avoid issues with finite precision.
  struct = parser.parse_structures(primitive=primitive)[0]
/home/haolin/miniconda3/envs/pykale/lib/python3.11/site-packages/pymatgen/core/structure.py:3109: UserWarning: Issues encountered while parsing CIF: 20 fractional coordinates rounded to ideal values to avoid issues with finite precision.
  struct = parser.parse_structures(primitive=primitive)[0]
/home/haolin/miniconda3/envs/pykale/lib/python3.11/site-packages/pymatgen/core/structure.py:3109: UserWarning: Issues encountered while parsing CIF: 12 fractional coordinates rounded to ideal values to avoid issues with finite precision.
  struct = parser.parse_structures(primitive=primitive)[0]
/home/haolin/miniconda3/envs/pykale/lib/python3.11/site-packages/pymatgen/core/structure.py:3109: UserWarning: Issues encountered while parsing CIF: 4 fractional coordinates rounded to ideal values to avoid issues with finite precision.
  struct = parser.parse_structures(primitive=primitive)[0]
/home/haolin/miniconda3/envs/pykale/lib/python3.11/site-packages/pymatgen/core/structure.py:3109: UserWarning: Issues encountered while parsing CIF: 8 fractional coordinates rounded to ideal values to avoid issues with finite precision.
  struct = parser.parse_structures(primitive=primitive)[0]
/home/haolin/miniconda3/envs/pykale/lib/python3.11/site-packages/pymatgen/core/structure.py:3109: UserWarning: Issues encountered while parsing CIF: 1 fractional coordinates rounded to ideal values to avoid issues with finite precision.
  struct = parser.parse_structures(primitive=primitive)[0]
/home/haolin/miniconda3/envs/pykale/lib/python3.11/site-packages/pymatgen/core/structure.py:3109: UserWarning: Issues encountered while parsing CIF: 76 fractional coordinates rounded to ideal values to avoid issues with finite precision.
  struct = parser.parse_structures(primitive=primitive)[0]
/home/haolin/miniconda3/envs/pykale/lib/python3.11/site-packages/pymatgen/core/structure.py:3109: UserWarning: Issues encountered while parsing CIF: 16 fractional coordinates rounded to ideal values to avoid issues with finite precision.
  struct = parser.parse_structures(primitive=primitive)[0]
/home/haolin/miniconda3/envs/pykale/lib/python3.11/site-packages/pymatgen/core/structure.py:3109: UserWarning: Issues encountered while parsing CIF: 2 fractional coordinates rounded to ideal values to avoid issues with finite precision.
  struct = parser.parse_structures(primitive=primitive)[0]

Training svm model...
Results for fold 10:
  Validation MAE: 0.649528
  Validation MSE: 0.759815
  Validation MRE: 0.425511
  Validation R2:  0.226408
  Test MAE: 0.572164
  Test MSE: 0.559983
  Test MRE: 0.287460
  Test R2:  0.405113
  Best Hyperparameters: {'C': 10, 'epsilon': 0.1, 'gamma': 0.1, 'kernel': 'rbf'}
10 best params: {'C': 10, 'epsilon': 0.1, 'gamma': 0.1, 'kernel': 'rbf'}
Saved svm best params to saved_models/best_params_10.json
10 svm Validation Result- MAE: 0.6495276455982534, MSE: 0.7598147652900982, MRE: 0.4255105825478854, R²: 0.22640772425773148
10 svm Test Result- MAE: 0.5721636014839003, MSE: 0.5599829302676975, MRE: 0.2874601778266691, R²: 0.40511335338891685
