/home/haolin/miniconda3/envs/pykale/lib/python3.11/site-packages/pymatgen/core/structure.py:3109: UserWarning: Issues encountered while parsing CIF: 12 fractional coordinates rounded to ideal values to avoid issues with finite precision.
  struct = parser.parse_structures(primitive=primitive)[0]
/home/haolin/miniconda3/envs/pykale/lib/python3.11/site-packages/pymatgen/core/structure.py:3109: UserWarning: Issues encountered while parsing CIF: 8 fractional coordinates rounded to ideal values to avoid issues with finite precision.
  struct = parser.parse_structures(primitive=primitive)[0]
/home/haolin/miniconda3/envs/pykale/lib/python3.11/site-packages/pymatgen/core/structure.py:3109: UserWarning: Issues encountered while parsing CIF: 4 fractional coordinates rounded to ideal values to avoid issues with finite precision.
  struct = parser.parse_structures(primitive=primitive)[0]
/home/haolin/miniconda3/envs/pykale/lib/python3.11/site-packages/pymatgen/core/structure.py:3109: UserWarning: Issues encountered while parsing CIF: 2 fractional coordinates rounded to ideal values to avoid issues with finite precision.
  struct = parser.parse_structures(primitive=primitive)[0]
/home/haolin/miniconda3/envs/pykale/lib/python3.11/site-packages/pymatgen/core/structure.py:3109: UserWarning: Issues encountered while parsing CIF: 16 fractional coordinates rounded to ideal values to avoid issues with finite precision.
  struct = parser.parse_structures(primitive=primitive)[0]
/home/haolin/miniconda3/envs/pykale/lib/python3.11/site-packages/pymatgen/core/structure.py:3109: UserWarning: Issues encountered while parsing CIF: 28 fractional coordinates rounded to ideal values to avoid issues with finite precision.
  struct = parser.parse_structures(primitive=primitive)[0]
/home/haolin/miniconda3/envs/pykale/lib/python3.11/site-packages/pymatgen/core/structure.py:3109: UserWarning: Issues encountered while parsing CIF: 3 fractional coordinates rounded to ideal values to avoid issues with finite precision.
  struct = parser.parse_structures(primitive=primitive)[0]
/home/haolin/miniconda3/envs/pykale/lib/python3.11/site-packages/pymatgen/core/structure.py:3109: UserWarning: Issues encountered while parsing CIF: 1 fractional coordinates rounded to ideal values to avoid issues with finite precision.
  struct = parser.parse_structures(primitive=primitive)[0]
/home/haolin/miniconda3/envs/pykale/lib/python3.11/site-packages/pymatgen/core/structure.py:3109: UserWarning: Issues encountered while parsing CIF: 20 fractional coordinates rounded to ideal values to avoid issues with finite precision.
  struct = parser.parse_structures(primitive=primitive)[0]
/home/haolin/miniconda3/envs/pykale/lib/python3.11/site-packages/pymatgen/core/structure.py:3109: UserWarning: Issues encountered while parsing CIF: 14 fractional coordinates rounded to ideal values to avoid issues with finite precision.
  struct = parser.parse_structures(primitive=primitive)[0]
/home/haolin/miniconda3/envs/pykale/lib/python3.11/site-packages/pymatgen/core/structure.py:3109: UserWarning: Issues encountered while parsing CIF: 5 fractional coordinates rounded to ideal values to avoid issues with finite precision.
  struct = parser.parse_structures(primitive=primitive)[0]
/home/haolin/miniconda3/envs/pykale/lib/python3.11/site-packages/pymatgen/core/structure.py:3109: UserWarning: Issues encountered while parsing CIF: 7 fractional coordinates rounded to ideal values to avoid issues with finite precision.
  struct = parser.parse_structures(primitive=primitive)[0]
/home/haolin/miniconda3/envs/pykale/lib/python3.11/site-packages/pymatgen/core/structure.py:3109: UserWarning: Issues encountered while parsing CIF: 32 fractional coordinates rounded to ideal values to avoid issues with finite precision.
  struct = parser.parse_structures(primitive=primitive)[0]
/home/haolin/miniconda3/envs/pykale/lib/python3.11/site-packages/pymatgen/core/structure.py:3109: UserWarning: Issues encountered while parsing CIF: 6 fractional coordinates rounded to ideal values to avoid issues with finite precision.
  struct = parser.parse_structures(primitive=primitive)[0]
/home/haolin/miniconda3/envs/pykale/lib/python3.11/site-packages/pymatgen/core/structure.py:3109: UserWarning: Issues encountered while parsing CIF: 10 fractional coordinates rounded to ideal values to avoid issues with finite precision.
  struct = parser.parse_structures(primitive=primitive)[0]
/home/haolin/miniconda3/envs/pykale/lib/python3.11/site-packages/pymatgen/core/structure.py:3109: UserWarning: Issues encountered while parsing CIF: 24 fractional coordinates rounded to ideal values to avoid issues with finite precision.
  struct = parser.parse_structures(primitive=primitive)[0]
/home/haolin/miniconda3/envs/pykale/lib/python3.11/site-packages/pymatgen/core/structure.py:3109: UserWarning: Issues encountered while parsing CIF: 76 fractional coordinates rounded to ideal values to avoid issues with finite precision.
  struct = parser.parse_structures(primitive=primitive)[0]
Found 7 predefined fold(s) from data/split_json/crystalsys_split/*.train.json

Fold 1/7: mf.crystalsys.k0_outer
ALIGNN:
  ACTIVATION: silu
  ALIGNN_LAYERS: 4
  ATOM_EMBEDDING_SIZE: 256
  ATOM_FEA_LEN: 92
  BOND_FEAT_DIM: 80
  CUTOFF: 5.0
  DROPOUT: 0.0
  EMBEDDING_FEATURES: 64
  ENCODING: prop
  GCN_LAYERS: 4
  HIDDEN_DIM: 128
  LAYER_FREEZE: none
  LINK: identity
  MAX_NEIGHBORS: 1000
  MAX_NUM_ELEMENTS: 94
  NUM_GAUSSIANS: 80
  NUM_LAYERS: 4
  NUM_RBF: None
  RBF_TRAINABLE: False
  READOUT: mean
  REGRESS_FORCES: False
  TRIPLET_INPUT_FEATURES: 40
CARTNET:
  ATOM_TYPES: True
  DIM_IN: 256
  DIM_RBF: 64
  ENCODING: z
  INVARIANT: False
  NUM_LAYERS: 4
  TEMPERATURE: False
  USE_ENVELOPE: True
CGCNN:
  ATOM_FEA_LEN: 64
  FEATURE_FUSION: none
  H_FEA_LEN: 128
  LAYER_FREEZE: none
  NBR_FEA_LEN: 36
  NUM_REPEAT: 1
  N_CONV: 3
  N_H: 1
  ORIG_ATOM_FEA_LEN: 92
  POS_FEA_LEN: 3
CHGNET:
  ANGLE_FEA_DIM: 64
  ANGLE_LAYER_HIDDEN_DIM: 0
  ATOM_CONV_HIDDEN_DIM: 64
  ATOM_FEA_DIM: 64
  ATOM_GRAPH_CUTOFF: 6.0
  ATOM_INPUT_DIM: 92
  BOND_CONV_HIDDEN_DIM: 64
  BOND_FEA_DIM: 64
  BOND_GRAPH_CUTOFF: 3.0
  CONV_DROPOUT: 0.0
  CUTOFF_COEFF: 8
  ENCODING: z
  GMLP_NORM: layer
  GRAPH_CONVERTER_ALGORITHM: fast
  IS_INTENSIVE: True
  LEARNABLE_RBF: True
  MAX_NUM_ELEMENTS: 94
  MLP_DROPOUT: 0.0
  MLP_FIRST: True
  MLP_HIDDEN_DIMS: (64, 64, 64)
  NON_LINEARITY: silu
  NUM_ANGULAR: 31
  NUM_RADIAL: 31
  N_CONV: 4
  READOUT_NORM: layer
  READ_OUT: ave
DATASET:
  PREDEFINED_SPLIT: True
  RATIO: 1.0
  SPLIT_GLOB: data/split_json/crystalsys_split/*.train.json
  TRAIN: 
  VAL: data/split_json/crystalsys_split/mf.crystalsys.k0_outer.test.json
LEFTNET:
  ENCODING: none
  HIDDEN_CHANNELS: 128
  LAYER_FREEZE: none
  NUM_LAYERS: 4
  OTF_GRAPH: False
  REGRESS_FORCES: False
  USE_PBC: True
LOGGING:
  LOG_DIR: saved_models
  LOG_DIR_NAME: split/crystalsys/linear_regression
MODEL:
  CIF_FOLDER: cif_file
  HYPERPARAMS:
    SEARCH: grid
    fit_intercept: [True, False]
    positive: [True, False]
  INIT_FILE: cif_file/atom_init.json
  MAX_NBRS: 12
  NAME: linear_regression
  PRETRAINED_MODEL_PATH: 
  RADIUS: 7.0
MODEL_COMMON:
  CUTOFF: 6.0
  NUM_RADIAL: 32
  OUTPUT_DIM: 1
OUTPUT:
  DIR: results
  LOOP_RESULTS: loop_50epochs.csv
  PREDICTIONS: predictions_reduced_ds2.csv
SOLVER:
  BATCH_SIZE: 64
  DISABLE_CUDA: False
  EPOCHS: 1
  LR: 0.01
  LR_MILESTONES: [100, 200]
  MOMENTUM: 0.9
  NUM_FOLDS: 10
  NUM_RUNS: 1
  OPTIM: SGD
  PRINT_FREQ: 10
  RANDOMIZE: False
  RESUME: 
  SEED: 42
  START_EPOCH: 0
  TASK: regression
  WEIGHT_DECAY: 0.0
  WORKERS: 0
Training linear_regression model...
/home/haolin/miniconda3/envs/pykale/lib/python3.11/site-packages/pymatgen/core/structure.py:3109: UserWarning: Issues encountered while parsing CIF: 20 fractional coordinates rounded to ideal values to avoid issues with finite precision.
  struct = parser.parse_structures(primitive=primitive)[0]
/home/haolin/miniconda3/envs/pykale/lib/python3.11/site-packages/pymatgen/core/structure.py:3109: UserWarning: Issues encountered while parsing CIF: 4 fractional coordinates rounded to ideal values to avoid issues with finite precision.
  struct = parser.parse_structures(primitive=primitive)[0]
/home/haolin/miniconda3/envs/pykale/lib/python3.11/site-packages/pymatgen/core/structure.py:3109: UserWarning: Issues encountered while parsing CIF: 5 fractional coordinates rounded to ideal values to avoid issues with finite precision.
  struct = parser.parse_structures(primitive=primitive)[0]
/home/haolin/miniconda3/envs/pykale/lib/python3.11/site-packages/pymatgen/core/structure.py:3109: UserWarning: Issues encountered while parsing CIF: 8 fractional coordinates rounded to ideal values to avoid issues with finite precision.
  struct = parser.parse_structures(primitive=primitive)[0]
/home/haolin/miniconda3/envs/pykale/lib/python3.11/site-packages/pymatgen/core/structure.py:3109: UserWarning: Issues encountered while parsing CIF: 10 fractional coordinates rounded to ideal values to avoid issues with finite precision.
  struct = parser.parse_structures(primitive=primitive)[0]
/home/haolin/miniconda3/envs/pykale/lib/python3.11/site-packages/pymatgen/core/structure.py:3109: UserWarning: Issues encountered while parsing CIF: 6 fractional coordinates rounded to ideal values to avoid issues with finite precision.
  struct = parser.parse_structures(primitive=primitive)[0]
/home/haolin/miniconda3/envs/pykale/lib/python3.11/site-packages/pymatgen/core/structure.py:3109: UserWarning: Issues encountered while parsing CIF: 3 fractional coordinates rounded to ideal values to avoid issues with finite precision.
  struct = parser.parse_structures(primitive=primitive)[0]
/home/haolin/miniconda3/envs/pykale/lib/python3.11/site-packages/pymatgen/core/structure.py:3109: UserWarning: Issues encountered while parsing CIF: 24 fractional coordinates rounded to ideal values to avoid issues with finite precision.
  struct = parser.parse_structures(primitive=primitive)[0]
/home/haolin/miniconda3/envs/pykale/lib/python3.11/site-packages/pymatgen/core/structure.py:3109: UserWarning: Issues encountered while parsing CIF: 12 fractional coordinates rounded to ideal values to avoid issues with finite precision.
  struct = parser.parse_structures(primitive=primitive)[0]
/home/haolin/miniconda3/envs/pykale/lib/python3.11/site-packages/pymatgen/core/structure.py:3109: UserWarning: Issues encountered while parsing CIF: 2 fractional coordinates rounded to ideal values to avoid issues with finite precision.
  struct = parser.parse_structures(primitive=primitive)[0]
/home/haolin/miniconda3/envs/pykale/lib/python3.11/site-packages/pymatgen/core/structure.py:3109: UserWarning: Issues encountered while parsing CIF: 76 fractional coordinates rounded to ideal values to avoid issues with finite precision.
  struct = parser.parse_structures(primitive=primitive)[0]
/home/haolin/miniconda3/envs/pykale/lib/python3.11/site-packages/pymatgen/core/structure.py:3109: UserWarning: Issues encountered while parsing CIF: 16 fractional coordinates rounded to ideal values to avoid issues with finite precision.
  struct = parser.parse_structures(primitive=primitive)[0]
/home/haolin/miniconda3/envs/pykale/lib/python3.11/site-packages/pymatgen/core/structure.py:3109: UserWarning: Issues encountered while parsing CIF: 8 fractional coordinates rounded to ideal values to avoid issues with finite precision.
  struct = parser.parse_structures(primitive=primitive)[0]
/home/haolin/miniconda3/envs/pykale/lib/python3.11/site-packages/pymatgen/core/structure.py:3109: UserWarning: Issues encountered while parsing CIF: 76 fractional coordinates rounded to ideal values to avoid issues with finite precision.
  struct = parser.parse_structures(primitive=primitive)[0]
/home/haolin/miniconda3/envs/pykale/lib/python3.11/site-packages/pymatgen/core/structure.py:3109: UserWarning: Issues encountered while parsing CIF: 4 fractional coordinates rounded to ideal values to avoid issues with finite precision.
  struct = parser.parse_structures(primitive=primitive)[0]
/home/haolin/miniconda3/envs/pykale/lib/python3.11/site-packages/pymatgen/core/structure.py:3109: UserWarning: Issues encountered while parsing CIF: 16 fractional coordinates rounded to ideal values to avoid issues with finite precision.
  struct = parser.parse_structures(primitive=primitive)[0]
/home/haolin/miniconda3/envs/pykale/lib/python3.11/site-packages/pymatgen/core/structure.py:3109: UserWarning: Issues encountered while parsing CIF: 32 fractional coordinates rounded to ideal values to avoid issues with finite precision.
  struct = parser.parse_structures(primitive=primitive)[0]
/home/haolin/miniconda3/envs/pykale/lib/python3.11/site-packages/pymatgen/core/structure.py:3109: UserWarning: Issues encountered while parsing CIF: 12 fractional coordinates rounded to ideal values to avoid issues with finite precision.
  struct = parser.parse_structures(primitive=primitive)[0]
/home/haolin/miniconda3/envs/pykale/lib/python3.11/site-packages/pymatgen/core/structure.py:3109: UserWarning: Issues encountered while parsing CIF: 5 fractional coordinates rounded to ideal values to avoid issues with finite precision.
  struct = parser.parse_structures(primitive=primitive)[0]
/home/haolin/miniconda3/envs/pykale/lib/python3.11/site-packages/pymatgen/core/structure.py:3109: UserWarning: Issues encountered while parsing CIF: 2 fractional coordinates rounded to ideal values to avoid issues with finite precision.
  struct = parser.parse_structures(primitive=primitive)[0]
/home/haolin/miniconda3/envs/pykale/lib/python3.11/site-packages/pymatgen/core/structure.py:3109: UserWarning: Issues encountered while parsing CIF: 7 fractional coordinates rounded to ideal values to avoid issues with finite precision.
  struct = parser.parse_structures(primitive=primitive)[0]
/home/haolin/miniconda3/envs/pykale/lib/python3.11/site-packages/pymatgen/core/structure.py:3109: UserWarning: Issues encountered while parsing CIF: 28 fractional coordinates rounded to ideal values to avoid issues with finite precision.
  struct = parser.parse_structures(primitive=primitive)[0]
/home/haolin/miniconda3/envs/pykale/lib/python3.11/site-packages/pymatgen/core/structure.py:3109: UserWarning: Issues encountered while parsing CIF: 24 fractional coordinates rounded to ideal values to avoid issues with finite precision.
  struct = parser.parse_structures(primitive=primitive)[0]
/home/haolin/miniconda3/envs/pykale/lib/python3.11/site-packages/pymatgen/core/structure.py:3109: UserWarning: Issues encountered while parsing CIF: 20 fractional coordinates rounded to ideal values to avoid issues with finite precision.
  struct = parser.parse_structures(primitive=primitive)[0]
/home/haolin/miniconda3/envs/pykale/lib/python3.11/site-packages/pymatgen/core/structure.py:3109: UserWarning: Issues encountered while parsing CIF: 3 fractional coordinates rounded to ideal values to avoid issues with finite precision.
  struct = parser.parse_structures(primitive=primitive)[0]
/home/haolin/miniconda3/envs/pykale/lib/python3.11/site-packages/pymatgen/core/structure.py:3109: UserWarning: Issues encountered while parsing CIF: 10 fractional coordinates rounded to ideal values to avoid issues with finite precision.
  struct = parser.parse_structures(primitive=primitive)[0]
/home/haolin/miniconda3/envs/pykale/lib/python3.11/site-packages/pymatgen/core/structure.py:3109: UserWarning: Issues encountered while parsing CIF: 14 fractional coordinates rounded to ideal values to avoid issues with finite precision.
  struct = parser.parse_structures(primitive=primitive)[0]
/home/haolin/miniconda3/envs/pykale/lib/python3.11/site-packages/pymatgen/core/structure.py:3109: UserWarning: Issues encountered while parsing CIF: 1 fractional coordinates rounded to ideal values to avoid issues with finite precision.
  struct = parser.parse_structures(primitive=primitive)[0]
/home/haolin/miniconda3/envs/pykale/lib/python3.11/site-packages/pymatgen/core/structure.py:3109: UserWarning: Issues encountered while parsing CIF: 6 fractional coordinates rounded to ideal values to avoid issues with finite precision.
  struct = parser.parse_structures(primitive=primitive)[0]
/home/haolin/miniconda3/envs/pykale/lib/python3.11/site-packages/pymatgen/core/structure.py:3109: UserWarning: Issues encountered while parsing CIF: 2 fractional coordinates rounded to ideal values to avoid issues with finite precision.
  struct = parser.parse_structures(primitive=primitive)[0]
/home/haolin/miniconda3/envs/pykale/lib/python3.11/site-packages/pymatgen/core/structure.py:3109: UserWarning: Issues encountered while parsing CIF: 1 fractional coordinates rounded to ideal values to avoid issues with finite precision.
  struct = parser.parse_structures(primitive=primitive)[0]
/home/haolin/miniconda3/envs/pykale/lib/python3.11/site-packages/pymatgen/core/structure.py:3109: UserWarning: Issues encountered while parsing CIF: 6 fractional coordinates rounded to ideal values to avoid issues with finite precision.
  struct = parser.parse_structures(primitive=primitive)[0]
/home/haolin/miniconda3/envs/pykale/lib/python3.11/site-packages/pymatgen/core/structure.py:3109: UserWarning: Issues encountered while parsing CIF: 2 fractional coordinates rounded to ideal values to avoid issues with finite precision.
  struct = parser.parse_structures(primitive=primitive)[0]
/home/haolin/miniconda3/envs/pykale/lib/python3.11/site-packages/pymatgen/core/structure.py:3109: UserWarning: Issues encountered while parsing CIF: 8 fractional coordinates rounded to ideal values to avoid issues with finite precision.
  struct = parser.parse_structures(primitive=primitive)[0]
/home/haolin/miniconda3/envs/pykale/lib/python3.11/site-packages/pymatgen/core/structure.py:3109: UserWarning: Issues encountered while parsing CIF: 1 fractional coordinates rounded to ideal values to avoid issues with finite precision.
  struct = parser.parse_structures(primitive=primitive)[0]
/home/haolin/miniconda3/envs/pykale/lib/python3.11/site-packages/pymatgen/core/structure.py:3109: UserWarning: Issues encountered while parsing CIF: 4 fractional coordinates rounded to ideal values to avoid issues with finite precision.
  struct = parser.parse_structures(primitive=primitive)[0]
/home/haolin/miniconda3/envs/pykale/lib/python3.11/site-packages/pymatgen/core/structure.py:3109: UserWarning: Issues encountered while parsing CIF: 5 fractional coordinates rounded to ideal values to avoid issues with finite precision.
  struct = parser.parse_structures(primitive=primitive)[0]
/home/haolin/miniconda3/envs/pykale/lib/python3.11/site-packages/pymatgen/core/structure.py:3109: UserWarning: Issues encountered while parsing CIF: 3 fractional coordinates rounded to ideal values to avoid issues with finite precision.
  struct = parser.parse_structures(primitive=primitive)[0]
/home/haolin/miniconda3/envs/pykale/lib/python3.11/site-packages/pymatgen/core/structure.py:3109: UserWarning: Issues encountered while parsing CIF: 6 fractional coordinates rounded to ideal values to avoid issues with finite precision.
  struct = parser.parse_structures(primitive=primitive)[0]
/home/haolin/miniconda3/envs/pykale/lib/python3.11/site-packages/pymatgen/core/structure.py:3109: UserWarning: Issues encountered while parsing CIF: 76 fractional coordinates rounded to ideal values to avoid issues with finite precision.
  struct = parser.parse_structures(primitive=primitive)[0]
/home/haolin/miniconda3/envs/pykale/lib/python3.11/site-packages/pymatgen/core/structure.py:3109: UserWarning: Issues encountered while parsing CIF: 12 fractional coordinates rounded to ideal values to avoid issues with finite precision.
  struct = parser.parse_structures(primitive=primitive)[0]
/home/haolin/miniconda3/envs/pykale/lib/python3.11/site-packages/pymatgen/core/structure.py:3109: UserWarning: Issues encountered while parsing CIF: 24 fractional coordinates rounded to ideal values to avoid issues with finite precision.
  struct = parser.parse_structures(primitive=primitive)[0]
/home/haolin/miniconda3/envs/pykale/lib/python3.11/site-packages/pymatgen/core/structure.py:3109: UserWarning: Issues encountered while parsing CIF: 20 fractional coordinates rounded to ideal values to avoid issues with finite precision.
  struct = parser.parse_structures(primitive=primitive)[0]
/home/haolin/miniconda3/envs/pykale/lib/python3.11/site-packages/pymatgen/core/structure.py:3109: UserWarning: Issues encountered while parsing CIF: 10 fractional coordinates rounded to ideal values to avoid issues with finite precision.
  struct = parser.parse_structures(primitive=primitive)[0]
/home/haolin/miniconda3/envs/pykale/lib/python3.11/site-packages/pymatgen/core/structure.py:3109: UserWarning: Issues encountered while parsing CIF: 16 fractional coordinates rounded to ideal values to avoid issues with finite precision.
  struct = parser.parse_structures(primitive=primitive)[0]
/home/haolin/miniconda3/envs/pykale/lib/python3.11/site-packages/pymatgen/core/structure.py:3109: UserWarning: Issues encountered while parsing CIF: 7 fractional coordinates rounded to ideal values to avoid issues with finite precision.
  struct = parser.parse_structures(primitive=primitive)[0]
/home/haolin/miniconda3/envs/pykale/lib/python3.11/site-packages/pymatgen/core/structure.py:3109: UserWarning: Issues encountered while parsing CIF: 32 fractional coordinates rounded to ideal values to avoid issues with finite precision.
  struct = parser.parse_structures(primitive=primitive)[0]
/home/haolin/miniconda3/envs/pykale/lib/python3.11/site-packages/pymatgen/core/structure.py:3109: UserWarning: Issues encountered while parsing CIF: 14 fractional coordinates rounded to ideal values to avoid issues with finite precision.
  struct = parser.parse_structures(primitive=primitive)[0]
/home/haolin/miniconda3/envs/pykale/lib/python3.11/site-packages/pymatgen/core/structure.py:3109: UserWarning: Issues encountered while parsing CIF: 28 fractional coordinates rounded to ideal values to avoid issues with finite precision.
  struct = parser.parse_structures(primitive=primitive)[0]
/home/haolin/miniconda3/envs/pykale/lib/python3.11/site-packages/pymatgen/core/structure.py:3109: UserWarning: Issues encountered while parsing CIF: 7 fractional coordinates rounded to ideal values to avoid issues with finite precision.
  struct = parser.parse_structures(primitive=primitive)[0]
/home/haolin/miniconda3/envs/pykale/lib/python3.11/site-packages/pymatgen/core/structure.py:3109: UserWarning: Issues encountered while parsing CIF: 8 fractional coordinates rounded to ideal values to avoid issues with finite precision.
  struct = parser.parse_structures(primitive=primitive)[0]
/home/haolin/miniconda3/envs/pykale/lib/python3.11/site-packages/pymatgen/core/structure.py:3109: UserWarning: Issues encountered while parsing CIF: 4 fractional coordinates rounded to ideal values to avoid issues with finite precision.
  struct = parser.parse_structures(primitive=primitive)[0]
/home/haolin/miniconda3/envs/pykale/lib/python3.11/site-packages/pymatgen/core/structure.py:3109: UserWarning: Issues encountered while parsing CIF: 32 fractional coordinates rounded to ideal values to avoid issues with finite precision.
  struct = parser.parse_structures(primitive=primitive)[0]
/home/haolin/miniconda3/envs/pykale/lib/python3.11/site-packages/pymatgen/core/structure.py:3109: UserWarning: Issues encountered while parsing CIF: 12 fractional coordinates rounded to ideal values to avoid issues with finite precision.
  struct = parser.parse_structures(primitive=primitive)[0]
/home/haolin/miniconda3/envs/pykale/lib/python3.11/site-packages/pymatgen/core/structure.py:3109: UserWarning: Issues encountered while parsing CIF: 20 fractional coordinates rounded to ideal values to avoid issues with finite precision.
  struct = parser.parse_structures(primitive=primitive)[0]
/home/haolin/miniconda3/envs/pykale/lib/python3.11/site-packages/pymatgen/core/structure.py:3109: UserWarning: Issues encountered while parsing CIF: 5 fractional coordinates rounded to ideal values to avoid issues with finite precision.
  struct = parser.parse_structures(primitive=primitive)[0]
/home/haolin/miniconda3/envs/pykale/lib/python3.11/site-packages/pymatgen/core/structure.py:3109: UserWarning: Issues encountered while parsing CIF: 16 fractional coordinates rounded to ideal values to avoid issues with finite precision.
  struct = parser.parse_structures(primitive=primitive)[0]
/home/haolin/miniconda3/envs/pykale/lib/python3.11/site-packages/pymatgen/core/structure.py:3109: UserWarning: Issues encountered while parsing CIF: 14 fractional coordinates rounded to ideal values to avoid issues with finite precision.
  struct = parser.parse_structures(primitive=primitive)[0]
/home/haolin/miniconda3/envs/pykale/lib/python3.11/site-packages/pymatgen/core/structure.py:3109: UserWarning: Issues encountered while parsing CIF: 3 fractional coordinates rounded to ideal values to avoid issues with finite precision.
  struct = parser.parse_structures(primitive=primitive)[0]
/home/haolin/miniconda3/envs/pykale/lib/python3.11/site-packages/pymatgen/core/structure.py:3109: UserWarning: Issues encountered while parsing CIF: 28 fractional coordinates rounded to ideal values to avoid issues with finite precision.
  struct = parser.parse_structures(primitive=primitive)[0]
Results for fold mf.crystalsys.k0_outer:
  Validation MAE: 0.718358
  Validation MSE: 0.805794
  Validation MRE: 0.428105
  Validation R2:  0.409006
  Test MAE: 0.718358
  Test MSE: 0.805794
  Test MRE: 0.428105
  Test R2:  0.409006
  Best Hyperparameters: {'fit_intercept': False, 'positive': True}
mf.crystalsys.k0_outer best params: {'fit_intercept': False, 'positive': True}
Saved linear_regression best params to saved_models/best_params_mf.crystalsys.k0_outer.json
mf.crystalsys.k0_outer linear_regression Validation Result- MAE: 0.7183578756149988, MSE: 0.8057943762049845, MRE: 0.42810540726064095, R²: 0.40900574931167843
mf.crystalsys.k0_outer linear_regression Test Result- MAE: 0.7183578756149988, MSE: 0.8057943762049845, MRE: 0.42810540726064095, R²: 0.40900574931167843

Fold 2/7: mf.crystalsys.k1_outer
ALIGNN:
  ACTIVATION: silu
  ALIGNN_LAYERS: 4
  ATOM_EMBEDDING_SIZE: 256
  ATOM_FEA_LEN: 92
  BOND_FEAT_DIM: 80
  CUTOFF: 5.0
  DROPOUT: 0.0
  EMBEDDING_FEATURES: 64
  ENCODING: prop
  GCN_LAYERS: 4
  HIDDEN_DIM: 128
  LAYER_FREEZE: none
  LINK: identity
  MAX_NEIGHBORS: 1000
  MAX_NUM_ELEMENTS: 94
  NUM_GAUSSIANS: 80
  NUM_LAYERS: 4
  NUM_RBF: None
  RBF_TRAINABLE: False
  READOUT: mean
  REGRESS_FORCES: False
  TRIPLET_INPUT_FEATURES: 40
CARTNET:
  ATOM_TYPES: True
  DIM_IN: 256
  DIM_RBF: 64
  ENCODING: z
  INVARIANT: False
  NUM_LAYERS: 4
  TEMPERATURE: False
  USE_ENVELOPE: True
CGCNN:
  ATOM_FEA_LEN: 64
  FEATURE_FUSION: none
  H_FEA_LEN: 128
  LAYER_FREEZE: none
  NBR_FEA_LEN: 36
  NUM_REPEAT: 1
  N_CONV: 3
  N_H: 1
  ORIG_ATOM_FEA_LEN: 92
  POS_FEA_LEN: 3
CHGNET:
  ANGLE_FEA_DIM: 64
  ANGLE_LAYER_HIDDEN_DIM: 0
  ATOM_CONV_HIDDEN_DIM: 64
  ATOM_FEA_DIM: 64
  ATOM_GRAPH_CUTOFF: 6.0
  ATOM_INPUT_DIM: 92
  BOND_CONV_HIDDEN_DIM: 64
  BOND_FEA_DIM: 64
  BOND_GRAPH_CUTOFF: 3.0
  CONV_DROPOUT: 0.0
  CUTOFF_COEFF: 8
  ENCODING: z
  GMLP_NORM: layer
  GRAPH_CONVERTER_ALGORITHM: fast
  IS_INTENSIVE: True
  LEARNABLE_RBF: True
  MAX_NUM_ELEMENTS: 94
  MLP_DROPOUT: 0.0
  MLP_FIRST: True
  MLP_HIDDEN_DIMS: (64, 64, 64)
  NON_LINEARITY: silu
  NUM_ANGULAR: 31
  NUM_RADIAL: 31
  N_CONV: 4
  READOUT_NORM: layer
  READ_OUT: ave
DATASET:
  PREDEFINED_SPLIT: True
  RATIO: 1.0
  SPLIT_GLOB: data/split_json/crystalsys_split/*.train.json
  TRAIN: 
  VAL: data/split_json/crystalsys_split/mf.crystalsys.k1_outer.test.json
LEFTNET:
  ENCODING: none
  HIDDEN_CHANNELS: 128
  LAYER_FREEZE: none
  NUM_LAYERS: 4
  OTF_GRAPH: False
  REGRESS_FORCES: False
  USE_PBC: True
LOGGING:
  LOG_DIR: saved_models
  LOG_DIR_NAME: split/crystalsys/linear_regression
MODEL:
  CIF_FOLDER: cif_file
  HYPERPARAMS:
    SEARCH: grid
    fit_intercept: [True, False]
    positive: [True, False]
  INIT_FILE: cif_file/atom_init.json
  MAX_NBRS: 12
  NAME: linear_regression
  PRETRAINED_MODEL_PATH: 
  RADIUS: 7.0
MODEL_COMMON:
  CUTOFF: 6.0
  NUM_RADIAL: 32
  OUTPUT_DIM: 1
OUTPUT:
  DIR: results
  LOOP_RESULTS: loop_50epochs.csv
  PREDICTIONS: predictions_reduced_ds2.csv
SOLVER:
  BATCH_SIZE: 64
  DISABLE_CUDA: False
  EPOCHS: 1
  LR: 0.01
  LR_MILESTONES: [100, 200]
  MOMENTUM: 0.9
  NUM_FOLDS: 10
  NUM_RUNS: 1
  OPTIM: SGD
  PRINT_FREQ: 10
  RANDOMIZE: False
  RESUME: 
  SEED: 42
  START_EPOCH: 0
  TASK: regression
  WEIGHT_DECAY: 0.0
  WORKERS: 0
Training linear_regression model...
Results for fold mf.crystalsys.k1_outer:
  Validation MAE: 0.607421
  Validation MSE: 0.617687
  Validation MRE: 0.322924
  Validation R2:  0.443666
  Test MAE: 0.607421
  Test MSE: 0.617687
  Test MRE: 0.322924
  Test R2:  0.443666
  Best Hyperparameters: {'fit_intercept': False, 'positive': True}
mf.crystalsys.k1_outer best params: {'fit_intercept': False, 'positive': True}
Saved linear_regression best params to saved_models/best_params_mf.crystalsys.k1_outer.json
mf.crystalsys.k1_outer linear_regression Validation Result- MAE: 0.607421248894648, MSE: 0.6176869383875474, MRE: 0.3229239622720662, R²: 0.44366568981538
mf.crystalsys.k1_outer linear_regression Test Result- MAE: 0.607421248894648, MSE: 0.6176869383875474, MRE: 0.3229239622720662, R²: 0.44366568981538

Fold 3/7: mf.crystalsys.k2_outer
ALIGNN:
  ACTIVATION: silu
  ALIGNN_LAYERS: 4
  ATOM_EMBEDDING_SIZE: 256
  ATOM_FEA_LEN: 92
  BOND_FEAT_DIM: 80
  CUTOFF: 5.0
  DROPOUT: 0.0
  EMBEDDING_FEATURES: 64
  ENCODING: prop
  GCN_LAYERS: 4
  HIDDEN_DIM: 128
  LAYER_FREEZE: none
  LINK: identity
  MAX_NEIGHBORS: 1000
  MAX_NUM_ELEMENTS: 94
  NUM_GAUSSIANS: 80
  NUM_LAYERS: 4
  NUM_RBF: None
  RBF_TRAINABLE: False
  READOUT: mean
  REGRESS_FORCES: False
  TRIPLET_INPUT_FEATURES: 40
CARTNET:
  ATOM_TYPES: True
  DIM_IN: 256
  DIM_RBF: 64
  ENCODING: z
  INVARIANT: False
  NUM_LAYERS: 4
  TEMPERATURE: False
  USE_ENVELOPE: True
CGCNN:
  ATOM_FEA_LEN: 64
  FEATURE_FUSION: none
  H_FEA_LEN: 128
  LAYER_FREEZE: none
  NBR_FEA_LEN: 36
  NUM_REPEAT: 1
  N_CONV: 3
  N_H: 1
  ORIG_ATOM_FEA_LEN: 92
  POS_FEA_LEN: 3
CHGNET:
  ANGLE_FEA_DIM: 64
  ANGLE_LAYER_HIDDEN_DIM: 0
  ATOM_CONV_HIDDEN_DIM: 64
  ATOM_FEA_DIM: 64
  ATOM_GRAPH_CUTOFF: 6.0
  ATOM_INPUT_DIM: 92
  BOND_CONV_HIDDEN_DIM: 64
  BOND_FEA_DIM: 64
  BOND_GRAPH_CUTOFF: 3.0
  CONV_DROPOUT: 0.0
  CUTOFF_COEFF: 8
  ENCODING: z
  GMLP_NORM: layer
  GRAPH_CONVERTER_ALGORITHM: fast
  IS_INTENSIVE: True
  LEARNABLE_RBF: True
  MAX_NUM_ELEMENTS: 94
  MLP_DROPOUT: 0.0
  MLP_FIRST: True
  MLP_HIDDEN_DIMS: (64, 64, 64)
  NON_LINEARITY: silu
  NUM_ANGULAR: 31
  NUM_RADIAL: 31
  N_CONV: 4
  READOUT_NORM: layer
  READ_OUT: ave
DATASET:
  PREDEFINED_SPLIT: True
  RATIO: 1.0
  SPLIT_GLOB: data/split_json/crystalsys_split/*.train.json
  TRAIN: 
  VAL: data/split_json/crystalsys_split/mf.crystalsys.k2_outer.test.json
LEFTNET:
  ENCODING: none
  HIDDEN_CHANNELS: 128
  LAYER_FREEZE: none
  NUM_LAYERS: 4
  OTF_GRAPH: False
  REGRESS_FORCES: False
  USE_PBC: True
LOGGING:
  LOG_DIR: saved_models
  LOG_DIR_NAME: split/crystalsys/linear_regression
MODEL:
  CIF_FOLDER: cif_file
  HYPERPARAMS:
    SEARCH: grid
    fit_intercept: [True, False]
    positive: [True, False]
  INIT_FILE: cif_file/atom_init.json
  MAX_NBRS: 12
  NAME: linear_regression
  PRETRAINED_MODEL_PATH: 
  RADIUS: 7.0
MODEL_COMMON:
  CUTOFF: 6.0
  NUM_RADIAL: 32
  OUTPUT_DIM: 1
OUTPUT:
  DIR: results
  LOOP_RESULTS: loop_50epochs.csv
  PREDICTIONS: predictions_reduced_ds2.csv
SOLVER:
  BATCH_SIZE: 64
  DISABLE_CUDA: False
  EPOCHS: 1
  LR: 0.01
  LR_MILESTONES: [100, 200]
  MOMENTUM: 0.9
  NUM_FOLDS: 10
  NUM_RUNS: 1
  OPTIM: SGD
  PRINT_FREQ: 10
  RANDOMIZE: False
  RESUME: 
  SEED: 42
  START_EPOCH: 0
  TASK: regression
  WEIGHT_DECAY: 0.0
  WORKERS: 0
Training linear_regression model...
Results for fold mf.crystalsys.k2_outer:
  Validation MAE: 0.846644
  Validation MSE: 1.223796
  Validation MRE: 0.407663
  Validation R2:  0.053557
  Test MAE: 0.846644
  Test MSE: 1.223796
  Test MRE: 0.407663
  Test R2:  0.053557
  Best Hyperparameters: {'fit_intercept': False, 'positive': False}
mf.crystalsys.k2_outer best params: {'fit_intercept': False, 'positive': False}
Saved linear_regression best params to saved_models/best_params_mf.crystalsys.k2_outer.json
mf.crystalsys.k2_outer linear_regression Validation Result- MAE: 0.8466435670852661, MSE: 1.2237963676452637, MRE: 0.4076632857322693, R²: 0.05355679988861084
mf.crystalsys.k2_outer linear_regression Test Result- MAE: 0.8466435670852661, MSE: 1.2237963676452637, MRE: 0.4076632857322693, R²: 0.05355679988861084

Fold 4/7: mf.crystalsys.k3_outer
ALIGNN:
  ACTIVATION: silu
  ALIGNN_LAYERS: 4
  ATOM_EMBEDDING_SIZE: 256
  ATOM_FEA_LEN: 92
  BOND_FEAT_DIM: 80
  CUTOFF: 5.0
  DROPOUT: 0.0
  EMBEDDING_FEATURES: 64
  ENCODING: prop
  GCN_LAYERS: 4
  HIDDEN_DIM: 128
  LAYER_FREEZE: none
  LINK: identity
  MAX_NEIGHBORS: 1000
  MAX_NUM_ELEMENTS: 94
  NUM_GAUSSIANS: 80
  NUM_LAYERS: 4
  NUM_RBF: None
  RBF_TRAINABLE: False
  READOUT: mean
  REGRESS_FORCES: False
  TRIPLET_INPUT_FEATURES: 40
CARTNET:
  ATOM_TYPES: True
  DIM_IN: 256
  DIM_RBF: 64
  ENCODING: z
  INVARIANT: False
  NUM_LAYERS: 4
  TEMPERATURE: False
  USE_ENVELOPE: True
CGCNN:
  ATOM_FEA_LEN: 64
  FEATURE_FUSION: none
  H_FEA_LEN: 128
  LAYER_FREEZE: none
  NBR_FEA_LEN: 36
  NUM_REPEAT: 1
  N_CONV: 3
  N_H: 1
  ORIG_ATOM_FEA_LEN: 92
  POS_FEA_LEN: 3
CHGNET:
  ANGLE_FEA_DIM: 64
  ANGLE_LAYER_HIDDEN_DIM: 0
  ATOM_CONV_HIDDEN_DIM: 64
  ATOM_FEA_DIM: 64
  ATOM_GRAPH_CUTOFF: 6.0
  ATOM_INPUT_DIM: 92
  BOND_CONV_HIDDEN_DIM: 64
  BOND_FEA_DIM: 64
  BOND_GRAPH_CUTOFF: 3.0
  CONV_DROPOUT: 0.0
  CUTOFF_COEFF: 8
  ENCODING: z
  GMLP_NORM: layer
  GRAPH_CONVERTER_ALGORITHM: fast
  IS_INTENSIVE: True
  LEARNABLE_RBF: True
  MAX_NUM_ELEMENTS: 94
  MLP_DROPOUT: 0.0
  MLP_FIRST: True
  MLP_HIDDEN_DIMS: (64, 64, 64)
  NON_LINEARITY: silu
  NUM_ANGULAR: 31
  NUM_RADIAL: 31
  N_CONV: 4
  READOUT_NORM: layer
  READ_OUT: ave
DATASET:
  PREDEFINED_SPLIT: True
  RATIO: 1.0
  SPLIT_GLOB: data/split_json/crystalsys_split/*.train.json
  TRAIN: 
  VAL: data/split_json/crystalsys_split/mf.crystalsys.k3_outer.test.json
LEFTNET:
  ENCODING: none
  HIDDEN_CHANNELS: 128
  LAYER_FREEZE: none
  NUM_LAYERS: 4
  OTF_GRAPH: False
  REGRESS_FORCES: False
  USE_PBC: True
LOGGING:
  LOG_DIR: saved_models
  LOG_DIR_NAME: split/crystalsys/linear_regression
MODEL:
  CIF_FOLDER: cif_file
  HYPERPARAMS:
    SEARCH: grid
    fit_intercept: [True, False]
    positive: [True, False]
  INIT_FILE: cif_file/atom_init.json
  MAX_NBRS: 12
  NAME: linear_regression
  PRETRAINED_MODEL_PATH: 
  RADIUS: 7.0
MODEL_COMMON:
  CUTOFF: 6.0
  NUM_RADIAL: 32
  OUTPUT_DIM: 1
OUTPUT:
  DIR: results
  LOOP_RESULTS: loop_50epochs.csv
  PREDICTIONS: predictions_reduced_ds2.csv
SOLVER:
  BATCH_SIZE: 64
  DISABLE_CUDA: False
  EPOCHS: 1
  LR: 0.01
  LR_MILESTONES: [100, 200]
  MOMENTUM: 0.9
  NUM_FOLDS: 10
  NUM_RUNS: 1
  OPTIM: SGD
  PRINT_FREQ: 10
  RANDOMIZE: False
  RESUME: 
  SEED: 42
  START_EPOCH: 0
  TASK: regression
  WEIGHT_DECAY: 0.0
  WORKERS: 0/home/haolin/miniconda3/envs/pykale/lib/python3.11/site-packages/pymatgen/core/structure.py:3109: UserWarning: Issues encountered while parsing CIF: 1 fractional coordinates rounded to ideal values to avoid issues with finite precision.
  struct = parser.parse_structures(primitive=primitive)[0]
/home/haolin/miniconda3/envs/pykale/lib/python3.11/site-packages/pymatgen/core/structure.py:3109: UserWarning: Issues encountered while parsing CIF: 14 fractional coordinates rounded to ideal values to avoid issues with finite precision.
  struct = parser.parse_structures(primitive=primitive)[0]
/home/haolin/miniconda3/envs/pykale/lib/python3.11/site-packages/pymatgen/core/structure.py:3109: UserWarning: Issues encountered while parsing CIF: 5 fractional coordinates rounded to ideal values to avoid issues with finite precision.
  struct = parser.parse_structures(primitive=primitive)[0]
/home/haolin/miniconda3/envs/pykale/lib/python3.11/site-packages/pymatgen/core/structure.py:3109: UserWarning: Issues encountered while parsing CIF: 4 fractional coordinates rounded to ideal values to avoid issues with finite precision.
  struct = parser.parse_structures(primitive=primitive)[0]
/home/haolin/miniconda3/envs/pykale/lib/python3.11/site-packages/pymatgen/core/structure.py:3109: UserWarning: Issues encountered while parsing CIF: 12 fractional coordinates rounded to ideal values to avoid issues with finite precision.
  struct = parser.parse_structures(primitive=primitive)[0]
/home/haolin/miniconda3/envs/pykale/lib/python3.11/site-packages/pymatgen/core/structure.py:3109: UserWarning: Issues encountered while parsing CIF: 10 fractional coordinates rounded to ideal values to avoid issues with finite precision.
  struct = parser.parse_structures(primitive=primitive)[0]
/home/haolin/miniconda3/envs/pykale/lib/python3.11/site-packages/pymatgen/core/structure.py:3109: UserWarning: Issues encountered while parsing CIF: 2 fractional coordinates rounded to ideal values to avoid issues with finite precision.
  struct = parser.parse_structures(primitive=primitive)[0]
/home/haolin/miniconda3/envs/pykale/lib/python3.11/site-packages/pymatgen/core/structure.py:3109: UserWarning: Issues encountered while parsing CIF: 24 fractional coordinates rounded to ideal values to avoid issues with finite precision.
  struct = parser.parse_structures(primitive=primitive)[0]
/home/haolin/miniconda3/envs/pykale/lib/python3.11/site-packages/pymatgen/core/structure.py:3109: UserWarning: Issues encountered while parsing CIF: 8 fractional coordinates rounded to ideal values to avoid issues with finite precision.
  struct = parser.parse_structures(primitive=primitive)[0]
/home/haolin/miniconda3/envs/pykale/lib/python3.11/site-packages/pymatgen/core/structure.py:3109: UserWarning: Issues encountered while parsing CIF: 32 fractional coordinates rounded to ideal values to avoid issues with finite precision.
  struct = parser.parse_structures(primitive=primitive)[0]
/home/haolin/miniconda3/envs/pykale/lib/python3.11/site-packages/pymatgen/core/structure.py:3109: UserWarning: Issues encountered while parsing CIF: 16 fractional coordinates rounded to ideal values to avoid issues with finite precision.
  struct = parser.parse_structures(primitive=primitive)[0]
/home/haolin/miniconda3/envs/pykale/lib/python3.11/site-packages/pymatgen/core/structure.py:3109: UserWarning: Issues encountered while parsing CIF: 6 fractional coordinates rounded to ideal values to avoid issues with finite precision.
  struct = parser.parse_structures(primitive=primitive)[0]
/home/haolin/miniconda3/envs/pykale/lib/python3.11/site-packages/pymatgen/core/structure.py:3109: UserWarning: Issues encountered while parsing CIF: 28 fractional coordinates rounded to ideal values to avoid issues with finite precision.
  struct = parser.parse_structures(primitive=primitive)[0]
/home/haolin/miniconda3/envs/pykale/lib/python3.11/site-packages/pymatgen/core/structure.py:3109: UserWarning: Issues encountered while parsing CIF: 20 fractional coordinates rounded to ideal values to avoid issues with finite precision.
  struct = parser.parse_structures(primitive=primitive)[0]
/home/haolin/miniconda3/envs/pykale/lib/python3.11/site-packages/pymatgen/core/structure.py:3109: UserWarning: Issues encountered while parsing CIF: 3 fractional coordinates rounded to ideal values to avoid issues with finite precision.
  struct = parser.parse_structures(primitive=primitive)[0]
/home/haolin/miniconda3/envs/pykale/lib/python3.11/site-packages/pymatgen/core/structure.py:3109: UserWarning: Issues encountered while parsing CIF: 76 fractional coordinates rounded to ideal values to avoid issues with finite precision.
  struct = parser.parse_structures(primitive=primitive)[0]
/home/haolin/miniconda3/envs/pykale/lib/python3.11/site-packages/pymatgen/core/structure.py:3109: UserWarning: Issues encountered while parsing CIF: 7 fractional coordinates rounded to ideal values to avoid issues with finite precision.
  struct = parser.parse_structures(primitive=primitive)[0]
/home/haolin/miniconda3/envs/pykale/lib/python3.11/site-packages/pymatgen/core/structure.py:3109: UserWarning: Issues encountered while parsing CIF: 4 fractional coordinates rounded to ideal values to avoid issues with finite precision.
  struct = parser.parse_structures(primitive=primitive)[0]
/home/haolin/miniconda3/envs/pykale/lib/python3.11/site-packages/pymatgen/core/structure.py:3109: UserWarning: Issues encountered while parsing CIF: 2 fractional coordinates rounded to ideal values to avoid issues with finite precision.
  struct = parser.parse_structures(primitive=primitive)[0]
/home/haolin/miniconda3/envs/pykale/lib/python3.11/site-packages/pymatgen/core/structure.py:3109: UserWarning: Issues encountered while parsing CIF: 1 fractional coordinates rounded to ideal values to avoid issues with finite precision.
  struct = parser.parse_structures(primitive=primitive)[0]
/home/haolin/miniconda3/envs/pykale/lib/python3.11/site-packages/pymatgen/core/structure.py:3109: UserWarning: Issues encountered while parsing CIF: 12 fractional coordinates rounded to ideal values to avoid issues with finite precision.
  struct = parser.parse_structures(primitive=primitive)[0]
/home/haolin/miniconda3/envs/pykale/lib/python3.11/site-packages/pymatgen/core/structure.py:3109: UserWarning: Issues encountered while parsing CIF: 5 fractional coordinates rounded to ideal values to avoid issues with finite precision.
  struct = parser.parse_structures(primitive=primitive)[0]
/home/haolin/miniconda3/envs/pykale/lib/python3.11/site-packages/pymatgen/core/structure.py:3109: UserWarning: Issues encountered while parsing CIF: 4 fractional coordinates rounded to ideal values to avoid issues with finite precision.
  struct = parser.parse_structures(primitive=primitive)[0]
/home/haolin/miniconda3/envs/pykale/lib/python3.11/site-packages/pymatgen/core/structure.py:3109: UserWarning: Issues encountered while parsing CIF: 8 fractional coordinates rounded to ideal values to avoid issues with finite precision.
  struct = parser.parse_structures(primitive=primitive)[0]
/home/haolin/miniconda3/envs/pykale/lib/python3.11/site-packages/pymatgen/core/structure.py:3109: UserWarning: Issues encountered while parsing CIF: 20 fractional coordinates rounded to ideal values to avoid issues with finite precision.
  struct = parser.parse_structures(primitive=primitive)[0]
/home/haolin/miniconda3/envs/pykale/lib/python3.11/site-packages/pymatgen/core/structure.py:3109: UserWarning: Issues encountered while parsing CIF: 24 fractional coordinates rounded to ideal values to avoid issues with finite precision.
  struct = parser.parse_structures(primitive=primitive)[0]
/home/haolin/miniconda3/envs/pykale/lib/python3.11/site-packages/pymatgen/core/structure.py:3109: UserWarning: Issues encountered while parsing CIF: 2 fractional coordinates rounded to ideal values to avoid issues with finite precision.
  struct = parser.parse_structures(primitive=primitive)[0]
/home/haolin/miniconda3/envs/pykale/lib/python3.11/site-packages/pymatgen/core/structure.py:3109: UserWarning: Issues encountered while parsing CIF: 1 fractional coordinates rounded to ideal values to avoid issues with finite precision.
  struct = parser.parse_structures(primitive=primitive)[0]
/home/haolin/miniconda3/envs/pykale/lib/python3.11/site-packages/pymatgen/core/structure.py:3109: UserWarning: Issues encountered while parsing CIF: 16 fractional coordinates rounded to ideal values to avoid issues with finite precision.
  struct = parser.parse_structures(primitive=primitive)[0]
/home/haolin/miniconda3/envs/pykale/lib/python3.11/site-packages/pymatgen/core/structure.py:3109: UserWarning: Issues encountered while parsing CIF: 3 fractional coordinates rounded to ideal values to avoid issues with finite precision.
  struct = parser.parse_structures(primitive=primitive)[0]
/home/haolin/miniconda3/envs/pykale/lib/python3.11/site-packages/pymatgen/core/structure.py:3109: UserWarning: Issues encountered while parsing CIF: 7 fractional coordinates rounded to ideal values to avoid issues with finite precision.
  struct = parser.parse_structures(primitive=primitive)[0]
/home/haolin/miniconda3/envs/pykale/lib/python3.11/site-packages/pymatgen/core/structure.py:3109: UserWarning: Issues encountered while parsing CIF: 32 fractional coordinates rounded to ideal values to avoid issues with finite precision.
  struct = parser.parse_structures(primitive=primitive)[0]
/home/haolin/miniconda3/envs/pykale/lib/python3.11/site-packages/pymatgen/core/structure.py:3109: UserWarning: Issues encountered while parsing CIF: 14 fractional coordinates rounded to ideal values to avoid issues with finite precision.
  struct = parser.parse_structures(primitive=primitive)[0]
/home/haolin/miniconda3/envs/pykale/lib/python3.11/site-packages/pymatgen/core/structure.py:3109: UserWarning: Issues encountered while parsing CIF: 28 fractional coordinates rounded to ideal values to avoid issues with finite precision.
  struct = parser.parse_structures(primitive=primitive)[0]
/home/haolin/miniconda3/envs/pykale/lib/python3.11/site-packages/pymatgen/core/structure.py:3109: UserWarning: Issues encountered while parsing CIF: 6 fractional coordinates rounded to ideal values to avoid issues with finite precision.
  struct = parser.parse_structures(primitive=primitive)[0]
/home/haolin/miniconda3/envs/pykale/lib/python3.11/site-packages/pymatgen/core/structure.py:3109: UserWarning: Issues encountered while parsing CIF: 10 fractional coordinates rounded to ideal values to avoid issues with finite precision.
  struct = parser.parse_structures(primitive=primitive)[0]
/home/haolin/miniconda3/envs/pykale/lib/python3.11/site-packages/pymatgen/core/structure.py:3109: UserWarning: Issues encountered while parsing CIF: 76 fractional coordinates rounded to ideal values to avoid issues with finite precision.
  struct = parser.parse_structures(primitive=primitive)[0]
/home/haolin/miniconda3/envs/pykale/lib/python3.11/site-packages/pymatgen/core/structure.py:3109: UserWarning: Issues encountered while parsing CIF: 1 fractional coordinates rounded to ideal values to avoid issues with finite precision.
  struct = parser.parse_structures(primitive=primitive)[0]
/home/haolin/miniconda3/envs/pykale/lib/python3.11/site-packages/pymatgen/core/structure.py:3109: UserWarning: Issues encountered while parsing CIF: 3 fractional coordinates rounded to ideal values to avoid issues with finite precision.
  struct = parser.parse_structures(primitive=primitive)[0]
/home/haolin/miniconda3/envs/pykale/lib/python3.11/site-packages/pymatgen/core/structure.py:3109: UserWarning: Issues encountered while parsing CIF: 4 fractional coordinates rounded to ideal values to avoid issues with finite precision.
  struct = parser.parse_structures(primitive=primitive)[0]
/home/haolin/miniconda3/envs/pykale/lib/python3.11/site-packages/pymatgen/core/structure.py:3109: UserWarning: Issues encountered while parsing CIF: 12 fractional coordinates rounded to ideal values to avoid issues with finite precision.
  struct = parser.parse_structures(primitive=primitive)[0]
/home/haolin/miniconda3/envs/pykale/lib/python3.11/site-packages/pymatgen/core/structure.py:3109: UserWarning: Issues encountered while parsing CIF: 8 fractional coordinates rounded to ideal values to avoid issues with finite precision.
  struct = parser.parse_structures(primitive=primitive)[0]
/home/haolin/miniconda3/envs/pykale/lib/python3.11/site-packages/pymatgen/core/structure.py:3109: UserWarning: Issues encountered while parsing CIF: 5 fractional coordinates rounded to ideal values to avoid issues with finite precision.
  struct = parser.parse_structures(primitive=primitive)[0]
/home/haolin/miniconda3/envs/pykale/lib/python3.11/site-packages/pymatgen/core/structure.py:3109: UserWarning: Issues encountered while parsing CIF: 16 fractional coordinates rounded to ideal values to avoid issues with finite precision.
  struct = parser.parse_structures(primitive=primitive)[0]
/home/haolin/miniconda3/envs/pykale/lib/python3.11/site-packages/pymatgen/core/structure.py:3109: UserWarning: Issues encountered while parsing CIF: 3 fractional coordinates rounded to ideal values to avoid issues with finite precision.
  struct = parser.parse_structures(primitive=primitive)[0]
/home/haolin/miniconda3/envs/pykale/lib/python3.11/site-packages/pymatgen/core/structure.py:3109: UserWarning: Issues encountered while parsing CIF: 32 fractional coordinates rounded to ideal values to avoid issues with finite precision.
  struct = parser.parse_structures(primitive=primitive)[0]
/home/haolin/miniconda3/envs/pykale/lib/python3.11/site-packages/pymatgen/core/structure.py:3109: UserWarning: Issues encountered while parsing CIF: 20 fractional coordinates rounded to ideal values to avoid issues with finite precision.
  struct = parser.parse_structures(primitive=primitive)[0]
/home/haolin/miniconda3/envs/pykale/lib/python3.11/site-packages/pymatgen/core/structure.py:3109: UserWarning: Issues encountered while parsing CIF: 6 fractional coordinates rounded to ideal values to avoid issues with finite precision.
  struct = parser.parse_structures(primitive=primitive)[0]
/home/haolin/miniconda3/envs/pykale/lib/python3.11/site-packages/pymatgen/core/structure.py:3109: UserWarning: Issues encountered while parsing CIF: 1 fractional coordinates rounded to ideal values to avoid issues with finite precision.
  struct = parser.parse_structures(primitive=primitive)[0]
/home/haolin/miniconda3/envs/pykale/lib/python3.11/site-packages/pymatgen/core/structure.py:3109: UserWarning: Issues encountered while parsing CIF: 24 fractional coordinates rounded to ideal values to avoid issues with finite precision.
  struct = parser.parse_structures(primitive=primitive)[0]
/home/haolin/miniconda3/envs/pykale/lib/python3.11/site-packages/pymatgen/core/structure.py:3109: UserWarning: Issues encountered while parsing CIF: 2 fractional coordinates rounded to ideal values to avoid issues with finite precision.
  struct = parser.parse_structures(primitive=primitive)[0]
/home/haolin/miniconda3/envs/pykale/lib/python3.11/site-packages/pymatgen/core/structure.py:3109: UserWarning: Issues encountered while parsing CIF: 76 fractional coordinates rounded to ideal values to avoid issues with finite precision.
  struct = parser.parse_structures(primitive=primitive)[0]
/home/haolin/miniconda3/envs/pykale/lib/python3.11/site-packages/pymatgen/core/structure.py:3109: UserWarning: Issues encountered while parsing CIF: 28 fractional coordinates rounded to ideal values to avoid issues with finite precision.
  struct = parser.parse_structures(primitive=primitive)[0]
/home/haolin/miniconda3/envs/pykale/lib/python3.11/site-packages/pymatgen/core/structure.py:3109: UserWarning: Issues encountered while parsing CIF: 7 fractional coordinates rounded to ideal values to avoid issues with finite precision.
  struct = parser.parse_structures(primitive=primitive)[0]
/home/haolin/miniconda3/envs/pykale/lib/python3.11/site-packages/pymatgen/core/structure.py:3109: UserWarning: Issues encountered while parsing CIF: 14 fractional coordinates rounded to ideal values to avoid issues with finite precision.
  struct = parser.parse_structures(primitive=primitive)[0]
/home/haolin/miniconda3/envs/pykale/lib/python3.11/site-packages/pymatgen/core/structure.py:3109: UserWarning: Issues encountered while parsing CIF: 10 fractional coordinates rounded to ideal values to avoid issues with finite precision.
  struct = parser.parse_structures(primitive=primitive)[0]
/home/haolin/miniconda3/envs/pykale/lib/python3.11/site-packages/pymatgen/core/structure.py:3109: UserWarning: Issues encountered while parsing CIF: 2 fractional coordinates rounded to ideal values to avoid issues with finite precision.
  struct = parser.parse_structures(primitive=primitive)[0]

Training linear_regression model...
Results for fold mf.crystalsys.k3_outer:
  Validation MAE: 0.656177
  Validation MSE: 0.688113
  Validation MRE: 0.370790
  Validation R2:  0.299971
  Test MAE: 0.656177
  Test MSE: 0.688113
  Test MRE: 0.370790
  Test R2:  0.299971
  Best Hyperparameters: {'fit_intercept': False, 'positive': True}
mf.crystalsys.k3_outer best params: {'fit_intercept': False, 'positive': True}
Saved linear_regression best params to saved_models/best_params_mf.crystalsys.k3_outer.json
mf.crystalsys.k3_outer linear_regression Validation Result- MAE: 0.6561769547978825, MSE: 0.6881125936113505, MRE: 0.3707899968817607, R²: 0.2999711712296338
mf.crystalsys.k3_outer linear_regression Test Result- MAE: 0.6561769547978825, MSE: 0.6881125936113505, MRE: 0.3707899968817607, R²: 0.2999711712296338

Fold 5/7: mf.crystalsys.k4_outer
ALIGNN:
  ACTIVATION: silu
  ALIGNN_LAYERS: 4
  ATOM_EMBEDDING_SIZE: 256
  ATOM_FEA_LEN: 92
  BOND_FEAT_DIM: 80
  CUTOFF: 5.0
  DROPOUT: 0.0
  EMBEDDING_FEATURES: 64
  ENCODING: prop
  GCN_LAYERS: 4
  HIDDEN_DIM: 128
  LAYER_FREEZE: none
  LINK: identity
  MAX_NEIGHBORS: 1000
  MAX_NUM_ELEMENTS: 94
  NUM_GAUSSIANS: 80
  NUM_LAYERS: 4
  NUM_RBF: None
  RBF_TRAINABLE: False
  READOUT: mean
  REGRESS_FORCES: False
  TRIPLET_INPUT_FEATURES: 40
CARTNET:
  ATOM_TYPES: True
  DIM_IN: 256
  DIM_RBF: 64
  ENCODING: z
  INVARIANT: False
  NUM_LAYERS: 4
  TEMPERATURE: False
  USE_ENVELOPE: True
CGCNN:
  ATOM_FEA_LEN: 64
  FEATURE_FUSION: none
  H_FEA_LEN: 128
  LAYER_FREEZE: none
  NBR_FEA_LEN: 36
  NUM_REPEAT: 1
  N_CONV: 3
  N_H: 1
  ORIG_ATOM_FEA_LEN: 92
  POS_FEA_LEN: 3
CHGNET:
  ANGLE_FEA_DIM: 64
  ANGLE_LAYER_HIDDEN_DIM: 0
  ATOM_CONV_HIDDEN_DIM: 64
  ATOM_FEA_DIM: 64
  ATOM_GRAPH_CUTOFF: 6.0
  ATOM_INPUT_DIM: 92
  BOND_CONV_HIDDEN_DIM: 64
  BOND_FEA_DIM: 64
  BOND_GRAPH_CUTOFF: 3.0
  CONV_DROPOUT: 0.0
  CUTOFF_COEFF: 8
  ENCODING: z
  GMLP_NORM: layer
  GRAPH_CONVERTER_ALGORITHM: fast
  IS_INTENSIVE: True
  LEARNABLE_RBF: True
  MAX_NUM_ELEMENTS: 94
  MLP_DROPOUT: 0.0
  MLP_FIRST: True
  MLP_HIDDEN_DIMS: (64, 64, 64)
  NON_LINEARITY: silu
  NUM_ANGULAR: 31
  NUM_RADIAL: 31
  N_CONV: 4
  READOUT_NORM: layer
  READ_OUT: ave
DATASET:
  PREDEFINED_SPLIT: True
  RATIO: 1.0
  SPLIT_GLOB: data/split_json/crystalsys_split/*.train.json
  TRAIN: 
  VAL: data/split_json/crystalsys_split/mf.crystalsys.k4_outer.test.json
LEFTNET:
  ENCODING: none
  HIDDEN_CHANNELS: 128
  LAYER_FREEZE: none
  NUM_LAYERS: 4
  OTF_GRAPH: False
  REGRESS_FORCES: False
  USE_PBC: True
LOGGING:
  LOG_DIR: saved_models
  LOG_DIR_NAME: split/crystalsys/linear_regression
MODEL:
  CIF_FOLDER: cif_file
  HYPERPARAMS:
    SEARCH: grid
    fit_intercept: [True, False]
    positive: [True, False]
  INIT_FILE: cif_file/atom_init.json
  MAX_NBRS: 12
  NAME: linear_regression
  PRETRAINED_MODEL_PATH: 
  RADIUS: 7.0
MODEL_COMMON:
  CUTOFF: 6.0
  NUM_RADIAL: 32
  OUTPUT_DIM: 1
OUTPUT:
  DIR: results
  LOOP_RESULTS: loop_50epochs.csv
  PREDICTIONS: predictions_reduced_ds2.csv
SOLVER:
  BATCH_SIZE: 64
  DISABLE_CUDA: False
  EPOCHS: 1
  LR: 0.01
  LR_MILESTONES: [100, 200]
  MOMENTUM: 0.9
  NUM_FOLDS: 10
  NUM_RUNS: 1
  OPTIM: SGD
  PRINT_FREQ: 10
  RANDOMIZE: False
  RESUME: 
  SEED: 42
  START_EPOCH: 0
  TASK: regression
  WEIGHT_DECAY: 0.0
  WORKERS: 0
Training linear_regression model...
Results for fold mf.crystalsys.k4_outer:
  Validation MAE: 0.902798
  Validation MSE: 1.512961
  Validation MRE: 0.510135
  Validation R2:  -0.340575
  Test MAE: 0.902798
  Test MSE: 1.512961
  Test MRE: 0.510135
  Test R2:  -0.340575
  Best Hyperparameters: {'fit_intercept': False, 'positive': False}
mf.crystalsys.k4_outer best params: {'fit_intercept': False, 'positive': False}
Saved linear_regression best params to saved_models/best_params_mf.crystalsys.k4_outer.json
mf.crystalsys.k4_outer linear_regression Validation Result- MAE: 0.9027981758117676, MSE: 1.5129607915878296, MRE: 0.5101348161697388, R²: -0.3405745029449463
mf.crystalsys.k4_outer linear_regression Test Result- MAE: 0.9027981758117676, MSE: 1.5129607915878296, MRE: 0.5101348161697388, R²: -0.3405745029449463

Fold 6/7: mf.crystalsys.k5_outer
ALIGNN:
  ACTIVATION: silu
  ALIGNN_LAYERS: 4
  ATOM_EMBEDDING_SIZE: 256
  ATOM_FEA_LEN: 92
  BOND_FEAT_DIM: 80
  CUTOFF: 5.0
  DROPOUT: 0.0
  EMBEDDING_FEATURES: 64
  ENCODING: prop
  GCN_LAYERS: 4
  HIDDEN_DIM: 128
  LAYER_FREEZE: none
  LINK: identity
  MAX_NEIGHBORS: 1000
  MAX_NUM_ELEMENTS: 94
  NUM_GAUSSIANS: 80
  NUM_LAYERS: 4
  NUM_RBF: None
  RBF_TRAINABLE: False
  READOUT: mean
  REGRESS_FORCES: False
  TRIPLET_INPUT_FEATURES: 40
CARTNET:
  ATOM_TYPES: True
  DIM_IN: 256
  DIM_RBF: 64
  ENCODING: z
  INVARIANT: False
  NUM_LAYERS: 4
  TEMPERATURE: False
  USE_ENVELOPE: True
CGCNN:
  ATOM_FEA_LEN: 64
  FEATURE_FUSION: none
  H_FEA_LEN: 128
  LAYER_FREEZE: none
  NBR_FEA_LEN: 36
  NUM_REPEAT: 1
  N_CONV: 3
  N_H: 1
  ORIG_ATOM_FEA_LEN: 92
  POS_FEA_LEN: 3
CHGNET:
  ANGLE_FEA_DIM: 64
  ANGLE_LAYER_HIDDEN_DIM: 0
  ATOM_CONV_HIDDEN_DIM: 64
  ATOM_FEA_DIM: 64
  ATOM_GRAPH_CUTOFF: 6.0
  ATOM_INPUT_DIM: 92
  BOND_CONV_HIDDEN_DIM: 64
  BOND_FEA_DIM: 64
  BOND_GRAPH_CUTOFF: 3.0
  CONV_DROPOUT: 0.0
  CUTOFF_COEFF: 8
  ENCODING: z
  GMLP_NORM: layer
  GRAPH_CONVERTER_ALGORITHM: fast
  IS_INTENSIVE: True
  LEARNABLE_RBF: True
  MAX_NUM_ELEMENTS: 94
  MLP_DROPOUT: 0.0
  MLP_FIRST: True
  MLP_HIDDEN_DIMS: (64, 64, 64)
  NON_LINEARITY: silu
  NUM_ANGULAR: 31
  NUM_RADIAL: 31
  N_CONV: 4
  READOUT_NORM: layer
  READ_OUT: ave
DATASET:
  PREDEFINED_SPLIT: True
  RATIO: 1.0
  SPLIT_GLOB: data/split_json/crystalsys_split/*.train.json
  TRAIN: 
  VAL: data/split_json/crystalsys_split/mf.crystalsys.k5_outer.test.json
LEFTNET:
  ENCODING: none
  HIDDEN_CHANNELS: 128
  LAYER_FREEZE: none
  NUM_LAYERS: 4
  OTF_GRAPH: False
  REGRESS_FORCES: False
  USE_PBC: True
LOGGING:
  LOG_DIR: saved_models
  LOG_DIR_NAME: split/crystalsys/linear_regression
MODEL:
  CIF_FOLDER: cif_file
  HYPERPARAMS:
    SEARCH: grid
    fit_intercept: [True, False]
    positive: [True, False]
  INIT_FILE: cif_file/atom_init.json
  MAX_NBRS: 12
  NAME: linear_regression
  PRETRAINED_MODEL_PATH: 
  RADIUS: 7.0
MODEL_COMMON:
  CUTOFF: 6.0
  NUM_RADIAL: 32
  OUTPUT_DIM: 1
OUTPUT:
  DIR: results
  LOOP_RESULTS: loop_50epochs.csv
  PREDICTIONS: predictions_reduced_ds2.csv
SOLVER:
  BATCH_SIZE: 64
  DISABLE_CUDA: False
  EPOCHS: 1
  LR: 0.01
  LR_MILESTONES: [100, 200]
  MOMENTUM: 0.9
  NUM_FOLDS: 10
  NUM_RUNS: 1
  OPTIM: SGD
  PRINT_FREQ: 10
  RANDOMIZE: False
  RESUME: 
  SEED: 42
  START_EPOCH: 0
  TASK: regression
  WEIGHT_DECAY: 0.0
  WORKERS: 0
Training linear_regression model...
Results for fold mf.crystalsys.k5_outer:
  Validation MAE: 0.614102
  Validation MSE: 0.620627
  Validation MRE: 0.322429
  Validation R2:  0.408811
  Test MAE: 0.614102
  Test MSE: 0.620627
  Test MRE: 0.322429
  Test R2:  0.408811
  Best Hyperparameters: {'fit_intercept': True, 'positive': False}
mf.crystalsys.k5_outer best params: {'fit_intercept': True, 'positive': False}
Saved linear_regression best params to saved_models/best_params_mf.crystalsys.k5_outer.json
mf.crystalsys.k5_outer linear_regression Validation Result- MAE: 0.6141016483306885, MSE: 0.6206266283988953, MRE: 0.32242944836616516, R²: 0.40881091356277466
mf.crystalsys.k5_outer linear_regression Test Result- MAE: 0.6141016483306885, MSE: 0.6206266283988953, MRE: 0.32242944836616516, R²: 0.40881091356277466

Fold 7/7: mf.crystalsys.k6_outer
ALIGNN:
  ACTIVATION: silu
  ALIGNN_LAYERS: 4
  ATOM_EMBEDDING_SIZE: 256
  ATOM_FEA_LEN: 92
  BOND_FEAT_DIM: 80
  CUTOFF: 5.0
  DROPOUT: 0.0
  EMBEDDING_FEATURES: 64
  ENCODING: prop
  GCN_LAYERS: 4
  HIDDEN_DIM: 128
  LAYER_FREEZE: none
  LINK: identity
  MAX_NEIGHBORS: 1000
  MAX_NUM_ELEMENTS: 94
  NUM_GAUSSIANS: 80
  NUM_LAYERS: 4
  NUM_RBF: None
  RBF_TRAINABLE: False
  READOUT: mean
  REGRESS_FORCES: False
  TRIPLET_INPUT_FEATURES: 40
CARTNET:
  ATOM_TYPES: True
  DIM_IN: 256
  DIM_RBF: 64
  ENCODING: z
  INVARIANT: False
  NUM_LAYERS: 4
  TEMPERATURE: False
  USE_ENVELOPE: True
CGCNN:
  ATOM_FEA_LEN: 64
  FEATURE_FUSION: none
  H_FEA_LEN: 128
  LAYER_FREEZE: none
  NBR_FEA_LEN: 36
  NUM_REPEAT: 1
  N_CONV: 3
  N_H: 1
  ORIG_ATOM_FEA_LEN: 92
  POS_FEA_LEN: 3
CHGNET:
  ANGLE_FEA_DIM: 64
  ANGLE_LAYER_HIDDEN_DIM: 0
  ATOM_CONV_HIDDEN_DIM: 64
  ATOM_FEA_DIM: 64
  ATOM_GRAPH_CUTOFF: 6.0
  ATOM_INPUT_DIM: 92
  BOND_CONV_HIDDEN_DIM: 64
  BOND_FEA_DIM: 64
  BOND_GRAPH_CUTOFF: 3.0
  CONV_DROPOUT: 0.0
  CUTOFF_COEFF: 8
  ENCODING: z
  GMLP_NORM: layer
  GRAPH_CONVERTER_ALGORITHM: fast
  IS_INTENSIVE: True
  LEARNABLE_RBF: True
  MAX_NUM_ELEMENTS: 94
  MLP_DROPOUT: 0.0
  MLP_FIRST: True
  MLP_HIDDEN_DIMS: (64, 64, 64)
  NON_LINEARITY: silu
  NUM_ANGULAR: 31
  NUM_RADIAL: 31
  N_CONV: 4
  READOUT_NORM: layer
  READ_OUT: ave
DATASET:
  PREDEFINED_SPLIT: True
  RATIO: 1.0
  SPLIT_GLOB: data/split_json/crystalsys_split/*.train.json
  TRAIN: 
  VAL: data/split_json/crystalsys_split/mf.crystalsys.k6_outer.test.json
LEFTNET:
  ENCODING: none
  HIDDEN_CHANNELS: 128
  LAYER_FREEZE: none
  NUM_LAYERS: 4
  OTF_GRAPH: False
  REGRESS_FORCES: False
  USE_PBC: True
LOGGING:
  LOG_DIR: saved_models
  LOG_DIR_NAME: split/crystalsys/linear_regression
MODEL:
  CIF_FOLDER: cif_file
  HYPERPARAMS:
    SEARCH: grid
    fit_intercept: [True, False]
    positive: [True, False]
  INIT_FILE: cif_file/atom_init.json
  MAX_NBRS: 12
  NAME: linear_regression
  PRETRAINED_MODEL_PATH: 
  RADIUS: 7.0
MODEL_COMMON:
  CUTOFF: 6.0
  NUM_RADIAL: 32
  OUTPUT_DIM: 1
OUTPUT:
  DIR: results
  LOOP_RESULTS: loop_50epochs.csv
  PREDICTIONS: predictions_reduced_ds2.csv
SOLVER:
  BATCH_SIZE: 64
  DISABLE_CUDA: False
  EPOCHS: 1
  LR: 0.01
  LR_MILESTONES: [100, 200]
  MOMENTUM: 0.9
  NUM_FOLDS: 10
  NUM_RUNS: 1
  OPTIM: SGD
  PRINT_FREQ: 10
  RANDOMIZE: False
  RESUME: 
  SEED: 42
  START_EPOCH: 0
  TASK: regression
  WEIGHT_DECAY: 0.0
  WORKERS: 0/home/haolin/miniconda3/envs/pykale/lib/python3.11/site-packages/pymatgen/core/structure.py:3109: UserWarning: Issues encountered while parsing CIF: 12 fractional coordinates rounded to ideal values to avoid issues with finite precision.
  struct = parser.parse_structures(primitive=primitive)[0]
/home/haolin/miniconda3/envs/pykale/lib/python3.11/site-packages/pymatgen/core/structure.py:3109: UserWarning: Issues encountered while parsing CIF: 8 fractional coordinates rounded to ideal values to avoid issues with finite precision.
  struct = parser.parse_structures(primitive=primitive)[0]
/home/haolin/miniconda3/envs/pykale/lib/python3.11/site-packages/pymatgen/core/structure.py:3109: UserWarning: Issues encountered while parsing CIF: 32 fractional coordinates rounded to ideal values to avoid issues with finite precision.
  struct = parser.parse_structures(primitive=primitive)[0]
/home/haolin/miniconda3/envs/pykale/lib/python3.11/site-packages/pymatgen/core/structure.py:3109: UserWarning: Issues encountered while parsing CIF: 16 fractional coordinates rounded to ideal values to avoid issues with finite precision.
  struct = parser.parse_structures(primitive=primitive)[0]
/home/haolin/miniconda3/envs/pykale/lib/python3.11/site-packages/pymatgen/core/structure.py:3109: UserWarning: Issues encountered while parsing CIF: 4 fractional coordinates rounded to ideal values to avoid issues with finite precision.
  struct = parser.parse_structures(primitive=primitive)[0]
/home/haolin/miniconda3/envs/pykale/lib/python3.11/site-packages/pymatgen/core/structure.py:3109: UserWarning: Issues encountered while parsing CIF: 1 fractional coordinates rounded to ideal values to avoid issues with finite precision.
  struct = parser.parse_structures(primitive=primitive)[0]
/home/haolin/miniconda3/envs/pykale/lib/python3.11/site-packages/pymatgen/core/structure.py:3109: UserWarning: Issues encountered while parsing CIF: 20 fractional coordinates rounded to ideal values to avoid issues with finite precision.
  struct = parser.parse_structures(primitive=primitive)[0]
/home/haolin/miniconda3/envs/pykale/lib/python3.11/site-packages/pymatgen/core/structure.py:3109: UserWarning: Issues encountered while parsing CIF: 3 fractional coordinates rounded to ideal values to avoid issues with finite precision.
  struct = parser.parse_structures(primitive=primitive)[0]
/home/haolin/miniconda3/envs/pykale/lib/python3.11/site-packages/pymatgen/core/structure.py:3109: UserWarning: Issues encountered while parsing CIF: 5 fractional coordinates rounded to ideal values to avoid issues with finite precision.
  struct = parser.parse_structures(primitive=primitive)[0]
/home/haolin/miniconda3/envs/pykale/lib/python3.11/site-packages/pymatgen/core/structure.py:3109: UserWarning: Issues encountered while parsing CIF: 6 fractional coordinates rounded to ideal values to avoid issues with finite precision.
  struct = parser.parse_structures(primitive=primitive)[0]
/home/haolin/miniconda3/envs/pykale/lib/python3.11/site-packages/pymatgen/core/structure.py:3109: UserWarning: Issues encountered while parsing CIF: 2 fractional coordinates rounded to ideal values to avoid issues with finite precision.
  struct = parser.parse_structures(primitive=primitive)[0]
/home/haolin/miniconda3/envs/pykale/lib/python3.11/site-packages/pymatgen/core/structure.py:3109: UserWarning: Issues encountered while parsing CIF: 14 fractional coordinates rounded to ideal values to avoid issues with finite precision.
  struct = parser.parse_structures(primitive=primitive)[0]
/home/haolin/miniconda3/envs/pykale/lib/python3.11/site-packages/pymatgen/core/structure.py:3109: UserWarning: Issues encountered while parsing CIF: 10 fractional coordinates rounded to ideal values to avoid issues with finite precision.
  struct = parser.parse_structures(primitive=primitive)[0]
/home/haolin/miniconda3/envs/pykale/lib/python3.11/site-packages/pymatgen/core/structure.py:3109: UserWarning: Issues encountered while parsing CIF: 24 fractional coordinates rounded to ideal values to avoid issues with finite precision.
  struct = parser.parse_structures(primitive=primitive)[0]
/home/haolin/miniconda3/envs/pykale/lib/python3.11/site-packages/pymatgen/core/structure.py:3109: UserWarning: Issues encountered while parsing CIF: 7 fractional coordinates rounded to ideal values to avoid issues with finite precision.
  struct = parser.parse_structures(primitive=primitive)[0]
/home/haolin/miniconda3/envs/pykale/lib/python3.11/site-packages/pymatgen/core/structure.py:3109: UserWarning: Issues encountered while parsing CIF: 28 fractional coordinates rounded to ideal values to avoid issues with finite precision.
  struct = parser.parse_structures(primitive=primitive)[0]
/home/haolin/miniconda3/envs/pykale/lib/python3.11/site-packages/pymatgen/core/structure.py:3109: UserWarning: Issues encountered while parsing CIF: 76 fractional coordinates rounded to ideal values to avoid issues with finite precision.
  struct = parser.parse_structures(primitive=primitive)[0]
/home/haolin/miniconda3/envs/pykale/lib/python3.11/site-packages/pymatgen/core/structure.py:3109: UserWarning: Issues encountered while parsing CIF: 1 fractional coordinates rounded to ideal values to avoid issues with finite precision.
  struct = parser.parse_structures(primitive=primitive)[0]
/home/haolin/miniconda3/envs/pykale/lib/python3.11/site-packages/pymatgen/core/structure.py:3109: UserWarning: Issues encountered while parsing CIF: 4 fractional coordinates rounded to ideal values to avoid issues with finite precision.
  struct = parser.parse_structures(primitive=primitive)[0]
/home/haolin/miniconda3/envs/pykale/lib/python3.11/site-packages/pymatgen/core/structure.py:3109: UserWarning: Issues encountered while parsing CIF: 2 fractional coordinates rounded to ideal values to avoid issues with finite precision.
  struct = parser.parse_structures(primitive=primitive)[0]

Training linear_regression model...
Results for fold mf.crystalsys.k6_outer:
  Validation MAE: 0.558771
  Validation MSE: 0.507984
  Validation MRE: 0.293015
  Validation R2:  0.374357
  Test MAE: 0.558771
  Test MSE: 0.507984
  Test MRE: 0.293015
  Test R2:  0.374357
  Best Hyperparameters: {'fit_intercept': False, 'positive': True}
mf.crystalsys.k6_outer best params: {'fit_intercept': False, 'positive': True}
Saved linear_regression best params to saved_models/best_params_mf.crystalsys.k6_outer.json
mf.crystalsys.k6_outer linear_regression Validation Result- MAE: 0.5587710295469138, MSE: 0.5079843384942085, MRE: 0.2930151804949244, R²: 0.37435667793267713
mf.crystalsys.k6_outer linear_regression Test Result- MAE: 0.5587710295469138, MSE: 0.5079843384942085, MRE: 0.2930151804949244, R²: 0.37435667793267713
